<?xml version="1.0" encoding="UTF-8"?><exceptionLogs runId="509889"><businessWorkFlow failureId="35604" name="Checkout_singlesheet"><pageObject><pageObjectMethod><itasClass><methodInfo><stackTrace>org.openqa.selenium.NoSuchElementException: no such element: Unable to locate element: {"method":"xpath","selector":"//a[@id='js-btn-back']"}
  (Session info: chrome=68.0.3440.106)
  (Driver info: chromedriver=2.36.540470 (e522d04694c7ebea4ba8821272dbef4f9b818c91),platform=Windows NT 10.0.17134 x86_64) (WARNING: The server did not provide any stacktrace information)
Command duration or timeout: 40.02 seconds
For documentation on this error, please visit: http://seleniumhq.org/exceptions/no_such_element.html
Build info: version: '2.53.1', revision: 'a36b8b1cd5757287168e54b817830adce9b0158d', time: '2016-06-30 19:26:09'
System info: host: 'LP-ManishRai', ip: '172.18.81.152', os.name: 'Windows 10', os.arch: 'amd64', os.version: '10.0', java.version: '1.8.0_162'
Driver info: org.openqa.selenium.chrome.ChromeDriver
Capabilities [{applicationCacheEnabled=false, rotatable=false, mobileEmulationEnabled=false, networkConnectionEnabled=false, chrome={chromedriverVersion=2.36.540470 (e522d04694c7ebea4ba8821272dbef4f9b818c91), userDataDir=C:\Users\manish.rai\AppData\Local\Temp\scoped_dir15612_13204}, takesHeapSnapshot=true, pageLoadStrategy=normal, databaseEnabled=false, handlesAlerts=true, hasTouchScreen=false, version=68.0.3440.106, platform=XP, browserConnectionEnabled=false, nativeEvents=true, acceptSslCerts=false, acceptInsecureCerts=false, locationContextEnabled=true, webStorageEnabled=true, browserName=chrome, takesScreenshot=true, javascriptEnabled=true, cssSelectorsEnabled=true, setWindowRect=true, unexpectedAlertBehaviour=}]
Session ID: 7e95984c220ff17838db9fc0f83a6de0
*** Element info: {Using=xpath, value=//a[@id='js-btn-back']}sun.reflect.NativeConstructorAccessorImpl.newInstance0(Native Method)
sun.reflect.NativeConstructorAccessorImpl.newInstance(NativeConstructorAccessorImpl.java:62)
sun.reflect.DelegatingConstructorAccessorImpl.newInstance(DelegatingConstructorAccessorImpl.java:45)
java.lang.reflect.Constructor.newInstance(Constructor.java:423)
org.openqa.selenium.remote.ErrorHandler.createThrowable(ErrorHandler.java:206)
org.openqa.selenium.remote.ErrorHandler.throwIfResponseFailed(ErrorHandler.java:158)
org.openqa.selenium.remote.RemoteWebDriver.execute(RemoteWebDriver.java:678)
org.openqa.selenium.remote.RemoteWebDriver.findElement(RemoteWebDriver.java:363)
org.openqa.selenium.remote.RemoteWebDriver.findElementByXPath(RemoteWebDriver.java:500)
org.openqa.selenium.By$ByXPath.findElement(By.java:361)
org.openqa.selenium.remote.RemoteWebDriver.findElement(RemoteWebDriver.java:355)
com.infogain.uap.framework.webcontrols.webcontrolsLibrary.WebControlObjects$2.apply(WebControlObjects.java:2168)
com.infogain.uap.framework.webcontrols.webcontrolsLibrary.WebControlObjects$2.apply(WebControlObjects.java:1)
org.openqa.selenium.support.ui.FluentWait.until(FluentWait.java:238)
com.infogain.uap.framework.webcontrols.webcontrolsLibrary.WebControlObjects.findElement(WebControlObjects.java:2172)
com.infogain.uap.framework.webcontrols.webcontrolsLibrary.WebControlObjects.getWebelement(WebControlObjects.java:2100)
com.infogain.uap.framework.webcontrols.webcontrolsLibrary.WebControlObjects.getWebElementList(WebControlObjects.java:952)
com.infogain.uap.framework.webcontrols.webcontrolsLibrary.WebControlObjects.waitUntilElementToBeClickable(WebControlObjects.java:1413)
com.fedex.PageObject.AddToCart.add_backPage(AddToCart.java:54)
com.fedEx.BusinessObject.FedEx.Checkout_singlesheet(FedEx.java:85)
sun.reflect.NativeMethodAccessorImpl.invoke0(Native Method)
sun.reflect.NativeMethodAccessorImpl.invoke(NativeMethodAccessorImpl.java:62)
sun.reflect.DelegatingMethodAccessorImpl.invoke(DelegatingMethodAccessorImpl.java:43)
java.lang.reflect.Method.invoke(Method.java:498)
org.testng.internal.MethodInvocationHelper.invokeMethod(MethodInvocationHelper.java:86)
org.testng.internal.Invoker.invokeMethod(Invoker.java:643)
org.testng.internal.Invoker.invokeTestMethod(Invoker.java:820)
org.testng.internal.Invoker.invokeTestMethods(Invoker.java:1128)
org.testng.internal.TestMethodWorker.invokeTestMethods(TestMethodWorker.java:129)
org.testng.internal.TestMethodWorker.run(TestMethodWorker.java:112)
org.testng.TestRunner.privateRun(TestRunner.java:782)
org.testng.TestRunner.run(TestRunner.java:632)
org.testng.SuiteRunner.runTest(SuiteRunner.java:366)
org.testng.SuiteRunner.runSequentially(SuiteRunner.java:361)
org.testng.SuiteRunner.privateRun(SuiteRunner.java:319)
org.testng.SuiteRunner.run(SuiteRunner.java:268)
org.testng.SuiteRunnerWorker.runSuite(SuiteRunnerWorker.java:52)
org.testng.SuiteRunnerWorker.run(SuiteRunnerWorker.java:86)
org.testng.TestNG.runSuitesSequentially(TestNG.java:1244)
org.testng.TestNG.runSuitesLocally(TestNG.java:1169)
org.testng.TestNG.run(TestNG.java:1064)
org.apache.maven.surefire.testng.TestNGExecutor.run(TestNGExecutor.java:281)
org.apache.maven.surefire.testng.TestNGXmlTestSuite.execute(TestNGXmlTestSuite.java:75)
org.apache.maven.surefire.testng.TestNGProvider.invoke(TestNGProvider.java:121)
sun.reflect.NativeMethodAccessorImpl.invoke0(Native Method)
sun.reflect.NativeMethodAccessorImpl.invoke(NativeMethodAccessorImpl.java:62)
sun.reflect.DelegatingMethodAccessorImpl.invoke(DelegatingMethodAccessorImpl.java:43)
java.lang.reflect.Method.invoke(Method.java:498)
org.apache.maven.surefire.util.ReflectionUtils.invokeMethodWithArray2(ReflectionUtils.java:202)
org.apache.maven.surefire.booter.ProviderFactory$ProviderProxy.invoke(ProviderFactory.java:155)
org.apache.maven.surefire.booter.ProviderFactory.invokeProvider(ProviderFactory.java:81)
org.apache.maven.plugin.surefire.InPluginVMSurefireStarter.runSuitesInProcess(InPluginVMSurefireStarter.java:82)
org.apache.maven.plugin.surefire.AbstractSurefireMojo.executeProvider(AbstractSurefireMojo.java:1010)
org.apache.maven.plugin.surefire.AbstractSurefireMojo.executeAfterPreconditionsChecked(AbstractSurefireMojo.java:862)
org.apache.maven.plugin.surefire.AbstractSurefireMojo.execute(AbstractSurefireMojo.java:755)
org.apache.maven.plugin.DefaultBuildPluginManager.executeMojo(DefaultBuildPluginManager.java:137)
org.apache.maven.lifecycle.internal.MojoExecutor.execute(MojoExecutor.java:208)
org.apache.maven.lifecycle.internal.MojoExecutor.execute(MojoExecutor.java:154)
org.apache.maven.lifecycle.internal.MojoExecutor.execute(MojoExecutor.java:146)
org.apache.maven.lifecycle.internal.LifecycleModuleBuilder.buildProject(LifecycleModuleBuilder.java:117)
org.apache.maven.lifecycle.internal.LifecycleModuleBuilder.buildProject(LifecycleModuleBuilder.java:81)
org.apache.maven.lifecycle.internal.builder.singlethreaded.SingleThreadedBuilder.build(SingleThreadedBuilder.java:56)
org.apache.maven.lifecycle.internal.LifecycleStarter.execute(LifecycleStarter.java:128)
org.apache.maven.DefaultMaven.doExecute(DefaultMaven.java:305)
org.apache.maven.DefaultMaven.doExecute(DefaultMaven.java:192)
org.apache.maven.DefaultMaven.execute(DefaultMaven.java:105)
org.apache.maven.cli.MavenCli.execute(MavenCli.java:956)
org.apache.maven.cli.MavenCli.doMain(MavenCli.java:290)
org.apache.maven.cli.MavenCli.main(MavenCli.java:194)
sun.reflect.NativeMethodAccessorImpl.invoke0(Native Method)
sun.reflect.NativeMethodAccessorImpl.invoke(NativeMethodAccessorImpl.java:62)
sun.reflect.DelegatingMethodAccessorImpl.invoke(DelegatingMethodAccessorImpl.java:43)
java.lang.reflect.Method.invoke(Method.java:498)
org.codehaus.plexus.classworlds.launcher.Launcher.launchEnhanced(Launcher.java:289)
org.codehaus.plexus.classworlds.launcher.Launcher.launch(Launcher.java:229)
org.codehaus.plexus.classworlds.launcher.Launcher.mainWithExitCode(Launcher.java:415)
org.codehaus.plexus.classworlds.launcher.Launcher.main(Launcher.java:356)
</stackTrace></methodInfo></itasClass></pageObjectMethod></pageObject></businessWorkFlow><businessWorkFlow failureId="80488" name="Checkout_singlesheet"><pageObject><pageObjectMethod><itasClass><methodInfo><stackTrace>org.openqa.selenium.NoSuchElementException: no such element: Unable to locate element: {"method":"xpath","selector":"//a[@id='js-btn-back']"}
  (Session info: chrome=68.0.3440.106)
  (Driver info: chromedriver=2.36.540470 (e522d04694c7ebea4ba8821272dbef4f9b818c91),platform=Windows NT 10.0.17134 x86_64) (WARNING: The server did not provide any stacktrace information)
Command duration or timeout: 40.04 seconds
For documentation on this error, please visit: http://seleniumhq.org/exceptions/no_such_element.html
Build info: version: '2.53.1', revision: 'a36b8b1cd5757287168e54b817830adce9b0158d', time: '2016-06-30 19:26:09'
System info: host: 'LP-ManishRai', ip: '172.18.81.152', os.name: 'Windows 10', os.arch: 'amd64', os.version: '10.0', java.version: '1.8.0_162'
Driver info: org.openqa.selenium.chrome.ChromeDriver
Capabilities [{applicationCacheEnabled=false, rotatable=false, mobileEmulationEnabled=false, networkConnectionEnabled=false, chrome={chromedriverVersion=2.36.540470 (e522d04694c7ebea4ba8821272dbef4f9b818c91), userDataDir=C:\Users\manish.rai\AppData\Local\Temp\scoped_dir15612_13204}, takesHeapSnapshot=true, pageLoadStrategy=normal, databaseEnabled=false, handlesAlerts=true, hasTouchScreen=false, version=68.0.3440.106, platform=XP, browserConnectionEnabled=false, nativeEvents=true, acceptSslCerts=false, acceptInsecureCerts=false, locationContextEnabled=true, webStorageEnabled=true, browserName=chrome, takesScreenshot=true, javascriptEnabled=true, cssSelectorsEnabled=true, setWindowRect=true, unexpectedAlertBehaviour=}]
Session ID: 7e95984c220ff17838db9fc0f83a6de0
*** Element info: {Using=xpath, value=//a[@id='js-btn-back']}sun.reflect.NativeConstructorAccessorImpl.newInstance0(Native Method)
sun.reflect.NativeConstructorAccessorImpl.newInstance(NativeConstructorAccessorImpl.java:62)
sun.reflect.DelegatingConstructorAccessorImpl.newInstance(DelegatingConstructorAccessorImpl.java:45)
java.lang.reflect.Constructor.newInstance(Constructor.java:423)
org.openqa.selenium.remote.ErrorHandler.createThrowable(ErrorHandler.java:206)
org.openqa.selenium.remote.ErrorHandler.throwIfResponseFailed(ErrorHandler.java:158)
org.openqa.selenium.remote.RemoteWebDriver.execute(RemoteWebDriver.java:678)
org.openqa.selenium.remote.RemoteWebDriver.findElement(RemoteWebDriver.java:363)
org.openqa.selenium.remote.RemoteWebDriver.findElementByXPath(RemoteWebDriver.java:500)
org.openqa.selenium.By$ByXPath.findElement(By.java:361)
org.openqa.selenium.remote.RemoteWebDriver.findElement(RemoteWebDriver.java:355)
com.infogain.uap.framework.webcontrols.webcontrolsLibrary.WebControlObjects$2.apply(WebControlObjects.java:2168)
com.infogain.uap.framework.webcontrols.webcontrolsLibrary.WebControlObjects$2.apply(WebControlObjects.java:1)
org.openqa.selenium.support.ui.FluentWait.until(FluentWait.java:238)
com.infogain.uap.framework.webcontrols.webcontrolsLibrary.WebControlObjects.findElement(WebControlObjects.java:2172)
com.infogain.uap.framework.webcontrols.webcontrolsLibrary.WebControlObjects.getWebelement(WebControlObjects.java:2100)
com.infogain.uap.framework.webcontrols.webcontrolsLibrary.WebControlObjects.getWebElementList(WebControlObjects.java:952)
com.infogain.uap.framework.webcontrols.webcontrolsLibrary.WebControlObjects.click(WebControlObjects.java:327)
com.fedex.PageObject.AddToCart.add_backPage(AddToCart.java:55)
com.fedEx.BusinessObject.FedEx.Checkout_singlesheet(FedEx.java:85)
sun.reflect.NativeMethodAccessorImpl.invoke0(Native Method)
sun.reflect.NativeMethodAccessorImpl.invoke(NativeMethodAccessorImpl.java:62)
sun.reflect.DelegatingMethodAccessorImpl.invoke(DelegatingMethodAccessorImpl.java:43)
java.lang.reflect.Method.invoke(Method.java:498)
org.testng.internal.MethodInvocationHelper.invokeMethod(MethodInvocationHelper.java:86)
org.testng.internal.Invoker.invokeMethod(Invoker.java:643)
org.testng.internal.Invoker.invokeTestMethod(Invoker.java:820)
org.testng.internal.Invoker.invokeTestMethods(Invoker.java:1128)
org.testng.internal.TestMethodWorker.invokeTestMethods(TestMethodWorker.java:129)
org.testng.internal.TestMethodWorker.run(TestMethodWorker.java:112)
org.testng.TestRunner.privateRun(TestRunner.java:782)
org.testng.TestRunner.run(TestRunner.java:632)
org.testng.SuiteRunner.runTest(SuiteRunner.java:366)
org.testng.SuiteRunner.runSequentially(SuiteRunner.java:361)
org.testng.SuiteRunner.privateRun(SuiteRunner.java:319)
org.testng.SuiteRunner.run(SuiteRunner.java:268)
org.testng.SuiteRunnerWorker.runSuite(SuiteRunnerWorker.java:52)
org.testng.SuiteRunnerWorker.run(SuiteRunnerWorker.java:86)
org.testng.TestNG.runSuitesSequentially(TestNG.java:1244)
org.testng.TestNG.runSuitesLocally(TestNG.java:1169)
org.testng.TestNG.run(TestNG.java:1064)
org.apache.maven.surefire.testng.TestNGExecutor.run(TestNGExecutor.java:281)
org.apache.maven.surefire.testng.TestNGXmlTestSuite.execute(TestNGXmlTestSuite.java:75)
org.apache.maven.surefire.testng.TestNGProvider.invoke(TestNGProvider.java:121)
sun.reflect.NativeMethodAccessorImpl.invoke0(Native Method)
sun.reflect.NativeMethodAccessorImpl.invoke(NativeMethodAccessorImpl.java:62)
sun.reflect.DelegatingMethodAccessorImpl.invoke(DelegatingMethodAccessorImpl.java:43)
java.lang.reflect.Method.invoke(Method.java:498)
org.apache.maven.surefire.util.ReflectionUtils.invokeMethodWithArray2(ReflectionUtils.java:202)
org.apache.maven.surefire.booter.ProviderFactory$ProviderProxy.invoke(ProviderFactory.java:155)
org.apache.maven.surefire.booter.ProviderFactory.invokeProvider(ProviderFactory.java:81)
org.apache.maven.plugin.surefire.InPluginVMSurefireStarter.runSuitesInProcess(InPluginVMSurefireStarter.java:82)
org.apache.maven.plugin.surefire.AbstractSurefireMojo.executeProvider(AbstractSurefireMojo.java:1010)
org.apache.maven.plugin.surefire.AbstractSurefireMojo.executeAfterPreconditionsChecked(AbstractSurefireMojo.java:862)
org.apache.maven.plugin.surefire.AbstractSurefireMojo.execute(AbstractSurefireMojo.java:755)
org.apache.maven.plugin.DefaultBuildPluginManager.executeMojo(DefaultBuildPluginManager.java:137)
org.apache.maven.lifecycle.internal.MojoExecutor.execute(MojoExecutor.java:208)
org.apache.maven.lifecycle.internal.MojoExecutor.execute(MojoExecutor.java:154)
org.apache.maven.lifecycle.internal.MojoExecutor.execute(MojoExecutor.java:146)
org.apache.maven.lifecycle.internal.LifecycleModuleBuilder.buildProject(LifecycleModuleBuilder.java:117)
org.apache.maven.lifecycle.internal.LifecycleModuleBuilder.buildProject(LifecycleModuleBuilder.java:81)
org.apache.maven.lifecycle.internal.builder.singlethreaded.SingleThreadedBuilder.build(SingleThreadedBuilder.java:56)
org.apache.maven.lifecycle.internal.LifecycleStarter.execute(LifecycleStarter.java:128)
org.apache.maven.DefaultMaven.doExecute(DefaultMaven.java:305)
org.apache.maven.DefaultMaven.doExecute(DefaultMaven.java:192)
org.apache.maven.DefaultMaven.execute(DefaultMaven.java:105)
org.apache.maven.cli.MavenCli.execute(MavenCli.java:956)
org.apache.maven.cli.MavenCli.doMain(MavenCli.java:290)
org.apache.maven.cli.MavenCli.main(MavenCli.java:194)
sun.reflect.NativeMethodAccessorImpl.invoke0(Native Method)
sun.reflect.NativeMethodAccessorImpl.invoke(NativeMethodAccessorImpl.java:62)
sun.reflect.DelegatingMethodAccessorImpl.invoke(DelegatingMethodAccessorImpl.java:43)
java.lang.reflect.Method.invoke(Method.java:498)
org.codehaus.plexus.classworlds.launcher.Launcher.launchEnhanced(Launcher.java:289)
org.codehaus.plexus.classworlds.launcher.Launcher.launch(Launcher.java:229)
org.codehaus.plexus.classworlds.launcher.Launcher.mainWithExitCode(Launcher.java:415)
org.codehaus.plexus.classworlds.launcher.Launcher.main(Launcher.java:356)
</stackTrace></methodInfo></itasClass></pageObjectMethod></pageObject></businessWorkFlow><businessWorkFlow failureId="26458" name="Checkout_singlesheet"><pageObject><pageObjectMethod><itasClass><methodInfo><stackTrace> </stackTrace></methodInfo></itasClass></pageObjectMethod></pageObject></businessWorkFlow><businessWorkFlow failureId="37435" name="Checkout_singleSheetSize"><pageObject><pageObjectMethod><itasClass><methodInfo><stackTrace>org.openqa.selenium.NoSuchElementException: no such element: Unable to locate element: {"method":"xpath","selector":"//button[text()='Add to cart']"}
  (Session info: chrome=68.0.3440.106)
  (Driver info: chromedriver=2.36.540470 (e522d04694c7ebea4ba8821272dbef4f9b818c91),platform=Windows NT 10.0.17134 x86_64) (WARNING: The server did not provide any stacktrace information)
Command duration or timeout: 40.02 seconds
For documentation on this error, please visit: http://seleniumhq.org/exceptions/no_such_element.html
Build info: version: '2.53.1', revision: 'a36b8b1cd5757287168e54b817830adce9b0158d', time: '2016-06-30 19:26:09'
System info: host: 'LP-ManishRai', ip: '172.18.81.152', os.name: 'Windows 10', os.arch: 'amd64', os.version: '10.0', java.version: '1.8.0_162'
Driver info: org.openqa.selenium.chrome.ChromeDriver
Capabilities [{applicationCacheEnabled=false, rotatable=false, mobileEmulationEnabled=false, networkConnectionEnabled=false, chrome={chromedriverVersion=2.36.540470 (e522d04694c7ebea4ba8821272dbef4f9b818c91), userDataDir=C:\Users\manish.rai\AppData\Local\Temp\scoped_dir23516_16389}, takesHeapSnapshot=true, pageLoadStrategy=normal, databaseEnabled=false, handlesAlerts=true, hasTouchScreen=false, version=68.0.3440.106, platform=XP, browserConnectionEnabled=false, nativeEvents=true, acceptSslCerts=false, acceptInsecureCerts=false, locationContextEnabled=true, webStorageEnabled=true, browserName=chrome, takesScreenshot=true, javascriptEnabled=true, cssSelectorsEnabled=true, setWindowRect=true, unexpectedAlertBehaviour=}]
Session ID: f643f17f30f831b7bfd3095bc8b464cd
*** Element info: {Using=xpath, value=//button[text()='Add to cart']}sun.reflect.NativeConstructorAccessorImpl.newInstance0(Native Method)
sun.reflect.NativeConstructorAccessorImpl.newInstance(NativeConstructorAccessorImpl.java:62)
sun.reflect.DelegatingConstructorAccessorImpl.newInstance(DelegatingConstructorAccessorImpl.java:45)
java.lang.reflect.Constructor.newInstance(Constructor.java:423)
org.openqa.selenium.remote.ErrorHandler.createThrowable(ErrorHandler.java:206)
org.openqa.selenium.remote.ErrorHandler.throwIfResponseFailed(ErrorHandler.java:158)
org.openqa.selenium.remote.RemoteWebDriver.execute(RemoteWebDriver.java:678)
org.openqa.selenium.remote.RemoteWebDriver.findElement(RemoteWebDriver.java:363)
org.openqa.selenium.remote.RemoteWebDriver.findElementByXPath(RemoteWebDriver.java:500)
org.openqa.selenium.By$ByXPath.findElement(By.java:361)
org.openqa.selenium.remote.RemoteWebDriver.findElement(RemoteWebDriver.java:355)
com.infogain.uap.framework.webcontrols.webcontrolsLibrary.WebControlObjects$2.apply(WebControlObjects.java:2168)
com.infogain.uap.framework.webcontrols.webcontrolsLibrary.WebControlObjects$2.apply(WebControlObjects.java:1)
org.openqa.selenium.support.ui.FluentWait.until(FluentWait.java:238)
com.infogain.uap.framework.webcontrols.webcontrolsLibrary.WebControlObjects.findElement(WebControlObjects.java:2172)
com.infogain.uap.framework.webcontrols.webcontrolsLibrary.WebControlObjects.getWebelement(WebControlObjects.java:2100)
com.infogain.uap.framework.webcontrols.webcontrolsLibrary.WebControlObjects.getWebElementList(WebControlObjects.java:952)
com.infogain.uap.framework.webcontrols.webcontrolsLibrary.WebControlObjects.waitUntilElementToBeClickable(WebControlObjects.java:1413)
com.fedex.PageObject.AddToCart.sizeOfSingleSheet(AddToCart.java:99)
com.fedEx.BusinessObject.FedEx.Checkout_singleSheetSize(FedEx.java:131)
sun.reflect.NativeMethodAccessorImpl.invoke0(Native Method)
sun.reflect.NativeMethodAccessorImpl.invoke(NativeMethodAccessorImpl.java:62)
sun.reflect.DelegatingMethodAccessorImpl.invoke(DelegatingMethodAccessorImpl.java:43)
java.lang.reflect.Method.invoke(Method.java:498)
org.testng.internal.MethodInvocationHelper.invokeMethod(MethodInvocationHelper.java:86)
org.testng.internal.Invoker.invokeMethod(Invoker.java:643)
org.testng.internal.Invoker.invokeTestMethod(Invoker.java:820)
org.testng.internal.Invoker.invokeTestMethods(Invoker.java:1128)
org.testng.internal.TestMethodWorker.invokeTestMethods(TestMethodWorker.java:129)
org.testng.internal.TestMethodWorker.run(TestMethodWorker.java:112)
org.testng.TestRunner.privateRun(TestRunner.java:782)
org.testng.TestRunner.run(TestRunner.java:632)
org.testng.SuiteRunner.runTest(SuiteRunner.java:366)
org.testng.SuiteRunner.runSequentially(SuiteRunner.java:361)
org.testng.SuiteRunner.privateRun(SuiteRunner.java:319)
org.testng.SuiteRunner.run(SuiteRunner.java:268)
org.testng.SuiteRunnerWorker.runSuite(SuiteRunnerWorker.java:52)
org.testng.SuiteRunnerWorker.run(SuiteRunnerWorker.java:86)
org.testng.TestNG.runSuitesSequentially(TestNG.java:1244)
org.testng.TestNG.runSuitesLocally(TestNG.java:1169)
org.testng.TestNG.run(TestNG.java:1064)
org.apache.maven.surefire.testng.TestNGExecutor.run(TestNGExecutor.java:281)
org.apache.maven.surefire.testng.TestNGXmlTestSuite.execute(TestNGXmlTestSuite.java:75)
org.apache.maven.surefire.testng.TestNGProvider.invoke(TestNGProvider.java:121)
sun.reflect.NativeMethodAccessorImpl.invoke0(Native Method)
sun.reflect.NativeMethodAccessorImpl.invoke(NativeMethodAccessorImpl.java:62)
sun.reflect.DelegatingMethodAccessorImpl.invoke(DelegatingMethodAccessorImpl.java:43)
java.lang.reflect.Method.invoke(Method.java:498)
org.apache.maven.surefire.util.ReflectionUtils.invokeMethodWithArray2(ReflectionUtils.java:202)
org.apache.maven.surefire.booter.ProviderFactory$ProviderProxy.invoke(ProviderFactory.java:155)
org.apache.maven.surefire.booter.ProviderFactory.invokeProvider(ProviderFactory.java:81)
org.apache.maven.plugin.surefire.InPluginVMSurefireStarter.runSuitesInProcess(InPluginVMSurefireStarter.java:82)
org.apache.maven.plugin.surefire.AbstractSurefireMojo.executeProvider(AbstractSurefireMojo.java:1010)
org.apache.maven.plugin.surefire.AbstractSurefireMojo.executeAfterPreconditionsChecked(AbstractSurefireMojo.java:862)
org.apache.maven.plugin.surefire.AbstractSurefireMojo.execute(AbstractSurefireMojo.java:755)
org.apache.maven.plugin.DefaultBuildPluginManager.executeMojo(DefaultBuildPluginManager.java:137)
org.apache.maven.lifecycle.internal.MojoExecutor.execute(MojoExecutor.java:208)
org.apache.maven.lifecycle.internal.MojoExecutor.execute(MojoExecutor.java:154)
org.apache.maven.lifecycle.internal.MojoExecutor.execute(MojoExecutor.java:146)
org.apache.maven.lifecycle.internal.LifecycleModuleBuilder.buildProject(LifecycleModuleBuilder.java:117)
org.apache.maven.lifecycle.internal.LifecycleModuleBuilder.buildProject(LifecycleModuleBuilder.java:81)
org.apache.maven.lifecycle.internal.builder.singlethreaded.SingleThreadedBuilder.build(SingleThreadedBuilder.java:56)
org.apache.maven.lifecycle.internal.LifecycleStarter.execute(LifecycleStarter.java:128)
org.apache.maven.DefaultMaven.doExecute(DefaultMaven.java:305)
org.apache.maven.DefaultMaven.doExecute(DefaultMaven.java:192)
org.apache.maven.DefaultMaven.execute(DefaultMaven.java:105)
org.apache.maven.cli.MavenCli.execute(MavenCli.java:956)
org.apache.maven.cli.MavenCli.doMain(MavenCli.java:290)
org.apache.maven.cli.MavenCli.main(MavenCli.java:194)
sun.reflect.NativeMethodAccessorImpl.invoke0(Native Method)
sun.reflect.NativeMethodAccessorImpl.invoke(NativeMethodAccessorImpl.java:62)
sun.reflect.DelegatingMethodAccessorImpl.invoke(DelegatingMethodAccessorImpl.java:43)
java.lang.reflect.Method.invoke(Method.java:498)
org.codehaus.plexus.classworlds.launcher.Launcher.launchEnhanced(Launcher.java:289)
org.codehaus.plexus.classworlds.launcher.Launcher.launch(Launcher.java:229)
org.codehaus.plexus.classworlds.launcher.Launcher.mainWithExitCode(Launcher.java:415)
org.codehaus.plexus.classworlds.launcher.Launcher.main(Launcher.java:356)
</stackTrace></methodInfo></itasClass></pageObjectMethod></pageObject></businessWorkFlow><businessWorkFlow failureId="75302" name="Checkout_singleSheetSize"><pageObject><pageObjectMethod><itasClass><methodInfo><stackTrace>org.openqa.selenium.NoSuchElementException: no such element: Unable to locate element: {"method":"xpath","selector":"//li[@class='settings-item m-flyout fxo-feature']//span[@class='valign-mid flyout-text__parent']"}
  (Session info: chrome=68.0.3440.106)
  (Driver info: chromedriver=2.36.540470 (e522d04694c7ebea4ba8821272dbef4f9b818c91),platform=Windows NT 10.0.17134 x86_64) (WARNING: The server did not provide any stacktrace information)
Command duration or timeout: 40.03 seconds
For documentation on this error, please visit: http://seleniumhq.org/exceptions/no_such_element.html
Build info: version: '2.53.1', revision: 'a36b8b1cd5757287168e54b817830adce9b0158d', time: '2016-06-30 19:26:09'
System info: host: 'LP-ManishRai', ip: '172.18.81.152', os.name: 'Windows 10', os.arch: 'amd64', os.version: '10.0', java.version: '1.8.0_162'
Driver info: org.openqa.selenium.chrome.ChromeDriver
Capabilities [{applicationCacheEnabled=false, rotatable=false, mobileEmulationEnabled=false, networkConnectionEnabled=false, chrome={chromedriverVersion=2.36.540470 (e522d04694c7ebea4ba8821272dbef4f9b818c91), userDataDir=C:\Users\manish.rai\AppData\Local\Temp\scoped_dir23516_16389}, takesHeapSnapshot=true, pageLoadStrategy=normal, databaseEnabled=false, handlesAlerts=true, hasTouchScreen=false, version=68.0.3440.106, platform=XP, browserConnectionEnabled=false, nativeEvents=true, acceptSslCerts=false, acceptInsecureCerts=false, locationContextEnabled=true, webStorageEnabled=true, browserName=chrome, takesScreenshot=true, javascriptEnabled=true, cssSelectorsEnabled=true, setWindowRect=true, unexpectedAlertBehaviour=}]
Session ID: f643f17f30f831b7bfd3095bc8b464cd
*** Element info: {Using=xpath, value=//li[@class='settings-item m-flyout fxo-feature']//span[@class='valign-mid flyout-text__parent']}sun.reflect.NativeConstructorAccessorImpl.newInstance0(Native Method)
sun.reflect.NativeConstructorAccessorImpl.newInstance(NativeConstructorAccessorImpl.java:62)
sun.reflect.DelegatingConstructorAccessorImpl.newInstance(DelegatingConstructorAccessorImpl.java:45)
java.lang.reflect.Constructor.newInstance(Constructor.java:423)
org.openqa.selenium.remote.ErrorHandler.createThrowable(ErrorHandler.java:206)
org.openqa.selenium.remote.ErrorHandler.throwIfResponseFailed(ErrorHandler.java:158)
org.openqa.selenium.remote.RemoteWebDriver.execute(RemoteWebDriver.java:678)
org.openqa.selenium.remote.RemoteWebDriver.findElement(RemoteWebDriver.java:363)
org.openqa.selenium.remote.RemoteWebDriver.findElementByXPath(RemoteWebDriver.java:500)
org.openqa.selenium.By$ByXPath.findElement(By.java:361)
org.openqa.selenium.remote.RemoteWebDriver.findElement(RemoteWebDriver.java:355)
com.infogain.uap.framework.webcontrols.webcontrolsLibrary.WebControlObjects$2.apply(WebControlObjects.java:2168)
com.infogain.uap.framework.webcontrols.webcontrolsLibrary.WebControlObjects$2.apply(WebControlObjects.java:1)
org.openqa.selenium.support.ui.FluentWait.until(FluentWait.java:238)
com.infogain.uap.framework.webcontrols.webcontrolsLibrary.WebControlObjects.findElement(WebControlObjects.java:2172)
com.infogain.uap.framework.webcontrols.webcontrolsLibrary.WebControlObjects.getWebelement(WebControlObjects.java:2100)
com.infogain.uap.framework.webcontrols.webcontrolsLibrary.WebControlObjects.getWebElementList(WebControlObjects.java:952)
com.infogain.uap.framework.webcontrols.webcontrolsLibrary.WebControlObjects.waitUntilElementToBeClickable(WebControlObjects.java:1413)
com.fedex.PageObject.AddToCart.sizeOfSingleSheet(AddToCart.java:100)
com.fedEx.BusinessObject.FedEx.Checkout_singleSheetSize(FedEx.java:131)
sun.reflect.NativeMethodAccessorImpl.invoke0(Native Method)
sun.reflect.NativeMethodAccessorImpl.invoke(NativeMethodAccessorImpl.java:62)
sun.reflect.DelegatingMethodAccessorImpl.invoke(DelegatingMethodAccessorImpl.java:43)
java.lang.reflect.Method.invoke(Method.java:498)
org.testng.internal.MethodInvocationHelper.invokeMethod(MethodInvocationHelper.java:86)
org.testng.internal.Invoker.invokeMethod(Invoker.java:643)
org.testng.internal.Invoker.invokeTestMethod(Invoker.java:820)
org.testng.internal.Invoker.invokeTestMethods(Invoker.java:1128)
org.testng.internal.TestMethodWorker.invokeTestMethods(TestMethodWorker.java:129)
org.testng.internal.TestMethodWorker.run(TestMethodWorker.java:112)
org.testng.TestRunner.privateRun(TestRunner.java:782)
org.testng.TestRunner.run(TestRunner.java:632)
org.testng.SuiteRunner.runTest(SuiteRunner.java:366)
org.testng.SuiteRunner.runSequentially(SuiteRunner.java:361)
org.testng.SuiteRunner.privateRun(SuiteRunner.java:319)
org.testng.SuiteRunner.run(SuiteRunner.java:268)
org.testng.SuiteRunnerWorker.runSuite(SuiteRunnerWorker.java:52)
org.testng.SuiteRunnerWorker.run(SuiteRunnerWorker.java:86)
org.testng.TestNG.runSuitesSequentially(TestNG.java:1244)
org.testng.TestNG.runSuitesLocally(TestNG.java:1169)
org.testng.TestNG.run(TestNG.java:1064)
org.apache.maven.surefire.testng.TestNGExecutor.run(TestNGExecutor.java:281)
org.apache.maven.surefire.testng.TestNGXmlTestSuite.execute(TestNGXmlTestSuite.java:75)
org.apache.maven.surefire.testng.TestNGProvider.invoke(TestNGProvider.java:121)
sun.reflect.NativeMethodAccessorImpl.invoke0(Native Method)
sun.reflect.NativeMethodAccessorImpl.invoke(NativeMethodAccessorImpl.java:62)
sun.reflect.DelegatingMethodAccessorImpl.invoke(DelegatingMethodAccessorImpl.java:43)
java.lang.reflect.Method.invoke(Method.java:498)
org.apache.maven.surefire.util.ReflectionUtils.invokeMethodWithArray2(ReflectionUtils.java:202)
org.apache.maven.surefire.booter.ProviderFactory$ProviderProxy.invoke(ProviderFactory.java:155)
org.apache.maven.surefire.booter.ProviderFactory.invokeProvider(ProviderFactory.java:81)
org.apache.maven.plugin.surefire.InPluginVMSurefireStarter.runSuitesInProcess(InPluginVMSurefireStarter.java:82)
org.apache.maven.plugin.surefire.AbstractSurefireMojo.executeProvider(AbstractSurefireMojo.java:1010)
org.apache.maven.plugin.surefire.AbstractSurefireMojo.executeAfterPreconditionsChecked(AbstractSurefireMojo.java:862)
org.apache.maven.plugin.surefire.AbstractSurefireMojo.execute(AbstractSurefireMojo.java:755)
org.apache.maven.plugin.DefaultBuildPluginManager.executeMojo(DefaultBuildPluginManager.java:137)
org.apache.maven.lifecycle.internal.MojoExecutor.execute(MojoExecutor.java:208)
org.apache.maven.lifecycle.internal.MojoExecutor.execute(MojoExecutor.java:154)
org.apache.maven.lifecycle.internal.MojoExecutor.execute(MojoExecutor.java:146)
org.apache.maven.lifecycle.internal.LifecycleModuleBuilder.buildProject(LifecycleModuleBuilder.java:117)
org.apache.maven.lifecycle.internal.LifecycleModuleBuilder.buildProject(LifecycleModuleBuilder.java:81)
org.apache.maven.lifecycle.internal.builder.singlethreaded.SingleThreadedBuilder.build(SingleThreadedBuilder.java:56)
org.apache.maven.lifecycle.internal.LifecycleStarter.execute(LifecycleStarter.java:128)
org.apache.maven.DefaultMaven.doExecute(DefaultMaven.java:305)
org.apache.maven.DefaultMaven.doExecute(DefaultMaven.java:192)
org.apache.maven.DefaultMaven.execute(DefaultMaven.java:105)
org.apache.maven.cli.MavenCli.execute(MavenCli.java:956)
org.apache.maven.cli.MavenCli.doMain(MavenCli.java:290)
org.apache.maven.cli.MavenCli.main(MavenCli.java:194)
sun.reflect.NativeMethodAccessorImpl.invoke0(Native Method)
sun.reflect.NativeMethodAccessorImpl.invoke(NativeMethodAccessorImpl.java:62)
sun.reflect.DelegatingMethodAccessorImpl.invoke(DelegatingMethodAccessorImpl.java:43)
java.lang.reflect.Method.invoke(Method.java:498)
org.codehaus.plexus.classworlds.launcher.Launcher.launchEnhanced(Launcher.java:289)
org.codehaus.plexus.classworlds.launcher.Launcher.launch(Launcher.java:229)
org.codehaus.plexus.classworlds.launcher.Launcher.mainWithExitCode(Launcher.java:415)
org.codehaus.plexus.classworlds.launcher.Launcher.main(Launcher.java:356)
</stackTrace></methodInfo></itasClass></pageObjectMethod></pageObject></businessWorkFlow><businessWorkFlow failureId="71390" name="Singlesheet_orientation"><pageObject><pageObjectMethod><itasClass><methodInfo><stackTrace>org.openqa.selenium.NoSuchElementException: no such element: Unable to locate element: {"method":"xpath","selector":"//button[text()='Add to cart']"}
  (Session info: chrome=68.0.3440.106)
  (Driver info: chromedriver=2.36.540470 (e522d04694c7ebea4ba8821272dbef4f9b818c91),platform=Windows NT 10.0.17134 x86_64) (WARNING: The server did not provide any stacktrace information)
Command duration or timeout: 40.02 seconds
For documentation on this error, please visit: http://seleniumhq.org/exceptions/no_such_element.html
Build info: version: '2.53.1', revision: 'a36b8b1cd5757287168e54b817830adce9b0158d', time: '2016-06-30 19:26:09'
System info: host: 'LP-ManishRai', ip: '172.18.81.152', os.name: 'Windows 10', os.arch: 'amd64', os.version: '10.0', java.version: '1.8.0_162'
Driver info: org.openqa.selenium.chrome.ChromeDriver
Capabilities [{applicationCacheEnabled=false, rotatable=false, mobileEmulationEnabled=false, networkConnectionEnabled=false, chrome={chromedriverVersion=2.36.540470 (e522d04694c7ebea4ba8821272dbef4f9b818c91), userDataDir=C:\Users\manish.rai\AppData\Local\Temp\scoped_dir18164_31941}, takesHeapSnapshot=true, pageLoadStrategy=normal, databaseEnabled=false, handlesAlerts=true, hasTouchScreen=false, version=68.0.3440.106, platform=XP, browserConnectionEnabled=false, nativeEvents=true, acceptSslCerts=false, acceptInsecureCerts=false, locationContextEnabled=true, webStorageEnabled=true, browserName=chrome, takesScreenshot=true, javascriptEnabled=true, cssSelectorsEnabled=true, setWindowRect=true, unexpectedAlertBehaviour=}]
Session ID: 210f3c19fa88137cb46609e5d28efd07
*** Element info: {Using=xpath, value=//button[text()='Add to cart']}sun.reflect.GeneratedConstructorAccessor28.newInstance(Unknown Source)
sun.reflect.DelegatingConstructorAccessorImpl.newInstance(DelegatingConstructorAccessorImpl.java:45)
java.lang.reflect.Constructor.newInstance(Constructor.java:423)
org.openqa.selenium.remote.ErrorHandler.createThrowable(ErrorHandler.java:206)
org.openqa.selenium.remote.ErrorHandler.throwIfResponseFailed(ErrorHandler.java:158)
org.openqa.selenium.remote.RemoteWebDriver.execute(RemoteWebDriver.java:678)
org.openqa.selenium.remote.RemoteWebDriver.findElement(RemoteWebDriver.java:363)
org.openqa.selenium.remote.RemoteWebDriver.findElementByXPath(RemoteWebDriver.java:500)
org.openqa.selenium.By$ByXPath.findElement(By.java:361)
org.openqa.selenium.remote.RemoteWebDriver.findElement(RemoteWebDriver.java:355)
com.infogain.uap.framework.webcontrols.webcontrolsLibrary.WebControlObjects$2.apply(WebControlObjects.java:2168)
com.infogain.uap.framework.webcontrols.webcontrolsLibrary.WebControlObjects$2.apply(WebControlObjects.java:1)
org.openqa.selenium.support.ui.FluentWait.until(FluentWait.java:238)
com.infogain.uap.framework.webcontrols.webcontrolsLibrary.WebControlObjects.findElement(WebControlObjects.java:2172)
com.infogain.uap.framework.webcontrols.webcontrolsLibrary.WebControlObjects.getWebelement(WebControlObjects.java:2100)
com.infogain.uap.framework.webcontrols.webcontrolsLibrary.WebControlObjects.getWebElementList(WebControlObjects.java:952)
com.infogain.uap.framework.webcontrols.webcontrolsLibrary.WebControlObjects.waitUntilElementToBeClickable(WebControlObjects.java:1413)
com.fedex.PageObject.AddToCart.Select_Orientation(AddToCart.java:141)
com.fedEx.BusinessObject.FedEx.Singlesheet_orientation(FedEx.java:172)
sun.reflect.NativeMethodAccessorImpl.invoke0(Native Method)
sun.reflect.NativeMethodAccessorImpl.invoke(NativeMethodAccessorImpl.java:62)
sun.reflect.DelegatingMethodAccessorImpl.invoke(DelegatingMethodAccessorImpl.java:43)
java.lang.reflect.Method.invoke(Method.java:498)
org.testng.internal.MethodInvocationHelper.invokeMethod(MethodInvocationHelper.java:86)
org.testng.internal.Invoker.invokeMethod(Invoker.java:643)
org.testng.internal.Invoker.invokeTestMethod(Invoker.java:820)
org.testng.internal.Invoker.invokeTestMethods(Invoker.java:1128)
org.testng.internal.TestMethodWorker.invokeTestMethods(TestMethodWorker.java:129)
org.testng.internal.TestMethodWorker.run(TestMethodWorker.java:112)
org.testng.TestRunner.privateRun(TestRunner.java:782)
org.testng.TestRunner.run(TestRunner.java:632)
org.testng.SuiteRunner.runTest(SuiteRunner.java:366)
org.testng.SuiteRunner.runSequentially(SuiteRunner.java:361)
org.testng.SuiteRunner.privateRun(SuiteRunner.java:319)
org.testng.SuiteRunner.run(SuiteRunner.java:268)
org.testng.SuiteRunnerWorker.runSuite(SuiteRunnerWorker.java:52)
org.testng.SuiteRunnerWorker.run(SuiteRunnerWorker.java:86)
org.testng.TestNG.runSuitesSequentially(TestNG.java:1244)
org.testng.TestNG.runSuitesLocally(TestNG.java:1169)
org.testng.TestNG.run(TestNG.java:1064)
org.apache.maven.surefire.testng.TestNGExecutor.run(TestNGExecutor.java:281)
org.apache.maven.surefire.testng.TestNGXmlTestSuite.execute(TestNGXmlTestSuite.java:75)
org.apache.maven.surefire.testng.TestNGProvider.invoke(TestNGProvider.java:121)
sun.reflect.NativeMethodAccessorImpl.invoke0(Native Method)
sun.reflect.NativeMethodAccessorImpl.invoke(NativeMethodAccessorImpl.java:62)
sun.reflect.DelegatingMethodAccessorImpl.invoke(DelegatingMethodAccessorImpl.java:43)
java.lang.reflect.Method.invoke(Method.java:498)
org.apache.maven.surefire.util.ReflectionUtils.invokeMethodWithArray2(ReflectionUtils.java:202)
org.apache.maven.surefire.booter.ProviderFactory$ProviderProxy.invoke(ProviderFactory.java:155)
org.apache.maven.surefire.booter.ProviderFactory.invokeProvider(ProviderFactory.java:81)
org.apache.maven.plugin.surefire.InPluginVMSurefireStarter.runSuitesInProcess(InPluginVMSurefireStarter.java:82)
org.apache.maven.plugin.surefire.AbstractSurefireMojo.executeProvider(AbstractSurefireMojo.java:1010)
org.apache.maven.plugin.surefire.AbstractSurefireMojo.executeAfterPreconditionsChecked(AbstractSurefireMojo.java:862)
org.apache.maven.plugin.surefire.AbstractSurefireMojo.execute(AbstractSurefireMojo.java:755)
org.apache.maven.plugin.DefaultBuildPluginManager.executeMojo(DefaultBuildPluginManager.java:137)
org.apache.maven.lifecycle.internal.MojoExecutor.execute(MojoExecutor.java:208)
org.apache.maven.lifecycle.internal.MojoExecutor.execute(MojoExecutor.java:154)
org.apache.maven.lifecycle.internal.MojoExecutor.execute(MojoExecutor.java:146)
org.apache.maven.lifecycle.internal.LifecycleModuleBuilder.buildProject(LifecycleModuleBuilder.java:117)
org.apache.maven.lifecycle.internal.LifecycleModuleBuilder.buildProject(LifecycleModuleBuilder.java:81)
org.apache.maven.lifecycle.internal.builder.singlethreaded.SingleThreadedBuilder.build(SingleThreadedBuilder.java:56)
org.apache.maven.lifecycle.internal.LifecycleStarter.execute(LifecycleStarter.java:128)
org.apache.maven.DefaultMaven.doExecute(DefaultMaven.java:305)
org.apache.maven.DefaultMaven.doExecute(DefaultMaven.java:192)
org.apache.maven.DefaultMaven.execute(DefaultMaven.java:105)
org.apache.maven.cli.MavenCli.execute(MavenCli.java:956)
org.apache.maven.cli.MavenCli.doMain(MavenCli.java:290)
org.apache.maven.cli.MavenCli.main(MavenCli.java:194)
sun.reflect.NativeMethodAccessorImpl.invoke0(Native Method)
sun.reflect.NativeMethodAccessorImpl.invoke(NativeMethodAccessorImpl.java:62)
sun.reflect.DelegatingMethodAccessorImpl.invoke(DelegatingMethodAccessorImpl.java:43)
java.lang.reflect.Method.invoke(Method.java:498)
org.codehaus.plexus.classworlds.launcher.Launcher.launchEnhanced(Launcher.java:289)
org.codehaus.plexus.classworlds.launcher.Launcher.launch(Launcher.java:229)
org.codehaus.plexus.classworlds.launcher.Launcher.mainWithExitCode(Launcher.java:415)
org.codehaus.plexus.classworlds.launcher.Launcher.main(Launcher.java:356)
</stackTrace></methodInfo></itasClass></pageObjectMethod></pageObject></businessWorkFlow><businessWorkFlow failureId="14900" name="Singlesheet_orientation"><pageObject><pageObjectMethod><itasClass><methodInfo><stackTrace>org.openqa.selenium.NoSuchElementException: no such element: Unable to locate element: {"method":"xpath","selector":"//li[@class='settings-item m-flyout fxo-feature']//span[text()='Orientation']"}
  (Session info: chrome=68.0.3440.106)
  (Driver info: chromedriver=2.36.540470 (e522d04694c7ebea4ba8821272dbef4f9b818c91),platform=Windows NT 10.0.17134 x86_64) (WARNING: The server did not provide any stacktrace information)
Command duration or timeout: 40.03 seconds
For documentation on this error, please visit: http://seleniumhq.org/exceptions/no_such_element.html
Build info: version: '2.53.1', revision: 'a36b8b1cd5757287168e54b817830adce9b0158d', time: '2016-06-30 19:26:09'
System info: host: 'LP-ManishRai', ip: '172.18.81.152', os.name: 'Windows 10', os.arch: 'amd64', os.version: '10.0', java.version: '1.8.0_162'
Driver info: org.openqa.selenium.chrome.ChromeDriver
Capabilities [{applicationCacheEnabled=false, rotatable=false, mobileEmulationEnabled=false, networkConnectionEnabled=false, chrome={chromedriverVersion=2.36.540470 (e522d04694c7ebea4ba8821272dbef4f9b818c91), userDataDir=C:\Users\manish.rai\AppData\Local\Temp\scoped_dir18164_31941}, takesHeapSnapshot=true, pageLoadStrategy=normal, databaseEnabled=false, handlesAlerts=true, hasTouchScreen=false, version=68.0.3440.106, platform=XP, browserConnectionEnabled=false, nativeEvents=true, acceptSslCerts=false, acceptInsecureCerts=false, locationContextEnabled=true, webStorageEnabled=true, browserName=chrome, takesScreenshot=true, javascriptEnabled=true, cssSelectorsEnabled=true, setWindowRect=true, unexpectedAlertBehaviour=}]
Session ID: 210f3c19fa88137cb46609e5d28efd07
*** Element info: {Using=xpath, value=//li[@class='settings-item m-flyout fxo-feature']//span[text()='Orientation']}sun.reflect.GeneratedConstructorAccessor28.newInstance(Unknown Source)
sun.reflect.DelegatingConstructorAccessorImpl.newInstance(DelegatingConstructorAccessorImpl.java:45)
java.lang.reflect.Constructor.newInstance(Constructor.java:423)
org.openqa.selenium.remote.ErrorHandler.createThrowable(ErrorHandler.java:206)
org.openqa.selenium.remote.ErrorHandler.throwIfResponseFailed(ErrorHandler.java:158)
org.openqa.selenium.remote.RemoteWebDriver.execute(RemoteWebDriver.java:678)
org.openqa.selenium.remote.RemoteWebDriver.findElement(RemoteWebDriver.java:363)
org.openqa.selenium.remote.RemoteWebDriver.findElementByXPath(RemoteWebDriver.java:500)
org.openqa.selenium.By$ByXPath.findElement(By.java:361)
org.openqa.selenium.remote.RemoteWebDriver.findElement(RemoteWebDriver.java:355)
com.infogain.uap.framework.webcontrols.webcontrolsLibrary.WebControlObjects$2.apply(WebControlObjects.java:2168)
com.infogain.uap.framework.webcontrols.webcontrolsLibrary.WebControlObjects$2.apply(WebControlObjects.java:1)
org.openqa.selenium.support.ui.FluentWait.until(FluentWait.java:238)
com.infogain.uap.framework.webcontrols.webcontrolsLibrary.WebControlObjects.findElement(WebControlObjects.java:2172)
com.infogain.uap.framework.webcontrols.webcontrolsLibrary.WebControlObjects.getWebelement(WebControlObjects.java:2100)
com.infogain.uap.framework.webcontrols.webcontrolsLibrary.WebControlObjects.getWebElementList(WebControlObjects.java:952)
com.infogain.uap.framework.webcontrols.webcontrolsLibrary.WebControlObjects.waitUntilElementToBeClickable(WebControlObjects.java:1413)
com.fedex.PageObject.AddToCart.Select_Orientation(AddToCart.java:142)
com.fedEx.BusinessObject.FedEx.Singlesheet_orientation(FedEx.java:172)
sun.reflect.NativeMethodAccessorImpl.invoke0(Native Method)
sun.reflect.NativeMethodAccessorImpl.invoke(NativeMethodAccessorImpl.java:62)
sun.reflect.DelegatingMethodAccessorImpl.invoke(DelegatingMethodAccessorImpl.java:43)
java.lang.reflect.Method.invoke(Method.java:498)
org.testng.internal.MethodInvocationHelper.invokeMethod(MethodInvocationHelper.java:86)
org.testng.internal.Invoker.invokeMethod(Invoker.java:643)
org.testng.internal.Invoker.invokeTestMethod(Invoker.java:820)
org.testng.internal.Invoker.invokeTestMethods(Invoker.java:1128)
org.testng.internal.TestMethodWorker.invokeTestMethods(TestMethodWorker.java:129)
org.testng.internal.TestMethodWorker.run(TestMethodWorker.java:112)
org.testng.TestRunner.privateRun(TestRunner.java:782)
org.testng.TestRunner.run(TestRunner.java:632)
org.testng.SuiteRunner.runTest(SuiteRunner.java:366)
org.testng.SuiteRunner.runSequentially(SuiteRunner.java:361)
org.testng.SuiteRunner.privateRun(SuiteRunner.java:319)
org.testng.SuiteRunner.run(SuiteRunner.java:268)
org.testng.SuiteRunnerWorker.runSuite(SuiteRunnerWorker.java:52)
org.testng.SuiteRunnerWorker.run(SuiteRunnerWorker.java:86)
org.testng.TestNG.runSuitesSequentially(TestNG.java:1244)
org.testng.TestNG.runSuitesLocally(TestNG.java:1169)
org.testng.TestNG.run(TestNG.java:1064)
org.apache.maven.surefire.testng.TestNGExecutor.run(TestNGExecutor.java:281)
org.apache.maven.surefire.testng.TestNGXmlTestSuite.execute(TestNGXmlTestSuite.java:75)
org.apache.maven.surefire.testng.TestNGProvider.invoke(TestNGProvider.java:121)
sun.reflect.NativeMethodAccessorImpl.invoke0(Native Method)
sun.reflect.NativeMethodAccessorImpl.invoke(NativeMethodAccessorImpl.java:62)
sun.reflect.DelegatingMethodAccessorImpl.invoke(DelegatingMethodAccessorImpl.java:43)
java.lang.reflect.Method.invoke(Method.java:498)
org.apache.maven.surefire.util.ReflectionUtils.invokeMethodWithArray2(ReflectionUtils.java:202)
org.apache.maven.surefire.booter.ProviderFactory$ProviderProxy.invoke(ProviderFactory.java:155)
org.apache.maven.surefire.booter.ProviderFactory.invokeProvider(ProviderFactory.java:81)
org.apache.maven.plugin.surefire.InPluginVMSurefireStarter.runSuitesInProcess(InPluginVMSurefireStarter.java:82)
org.apache.maven.plugin.surefire.AbstractSurefireMojo.executeProvider(AbstractSurefireMojo.java:1010)
org.apache.maven.plugin.surefire.AbstractSurefireMojo.executeAfterPreconditionsChecked(AbstractSurefireMojo.java:862)
org.apache.maven.plugin.surefire.AbstractSurefireMojo.execute(AbstractSurefireMojo.java:755)
org.apache.maven.plugin.DefaultBuildPluginManager.executeMojo(DefaultBuildPluginManager.java:137)
org.apache.maven.lifecycle.internal.MojoExecutor.execute(MojoExecutor.java:208)
org.apache.maven.lifecycle.internal.MojoExecutor.execute(MojoExecutor.java:154)
org.apache.maven.lifecycle.internal.MojoExecutor.execute(MojoExecutor.java:146)
org.apache.maven.lifecycle.internal.LifecycleModuleBuilder.buildProject(LifecycleModuleBuilder.java:117)
org.apache.maven.lifecycle.internal.LifecycleModuleBuilder.buildProject(LifecycleModuleBuilder.java:81)
org.apache.maven.lifecycle.internal.builder.singlethreaded.SingleThreadedBuilder.build(SingleThreadedBuilder.java:56)
org.apache.maven.lifecycle.internal.LifecycleStarter.execute(LifecycleStarter.java:128)
org.apache.maven.DefaultMaven.doExecute(DefaultMaven.java:305)
org.apache.maven.DefaultMaven.doExecute(DefaultMaven.java:192)
org.apache.maven.DefaultMaven.execute(DefaultMaven.java:105)
org.apache.maven.cli.MavenCli.execute(MavenCli.java:956)
org.apache.maven.cli.MavenCli.doMain(MavenCli.java:290)
org.apache.maven.cli.MavenCli.main(MavenCli.java:194)
sun.reflect.NativeMethodAccessorImpl.invoke0(Native Method)
sun.reflect.NativeMethodAccessorImpl.invoke(NativeMethodAccessorImpl.java:62)
sun.reflect.DelegatingMethodAccessorImpl.invoke(DelegatingMethodAccessorImpl.java:43)
java.lang.reflect.Method.invoke(Method.java:498)
org.codehaus.plexus.classworlds.launcher.Launcher.launchEnhanced(Launcher.java:289)
org.codehaus.plexus.classworlds.launcher.Launcher.launch(Launcher.java:229)
org.codehaus.plexus.classworlds.launcher.Launcher.mainWithExitCode(Launcher.java:415)
org.codehaus.plexus.classworlds.launcher.Launcher.main(Launcher.java:356)
</stackTrace></methodInfo></itasClass></pageObjectMethod></pageObject></businessWorkFlow><businessWorkFlow failureId="58234" name="checkout_multiplesheetAtOneTime"><pageObject><pageObjectMethod><itasClass><methodInfo><stackTrace>org.openqa.selenium.NoSuchElementException: no such element: Unable to locate element: {"method":"xpath","selector":"//a[text()='Set Print Options'][1]"}
  (Session info: chrome=68.0.3440.106)
  (Driver info: chromedriver=2.36.540470 (e522d04694c7ebea4ba8821272dbef4f9b818c91),platform=Windows NT 10.0.17134 x86_64) (WARNING: The server did not provide any stacktrace information)
Command duration or timeout: 40.03 seconds
For documentation on this error, please visit: http://seleniumhq.org/exceptions/no_such_element.html
Build info: version: '2.53.1', revision: 'a36b8b1cd5757287168e54b817830adce9b0158d', time: '2016-06-30 19:26:09'
System info: host: 'LP-ManishRai', ip: '172.18.81.152', os.name: 'Windows 10', os.arch: 'amd64', os.version: '10.0', java.version: '1.8.0_162'
Driver info: org.openqa.selenium.chrome.ChromeDriver
Capabilities [{applicationCacheEnabled=false, rotatable=false, mobileEmulationEnabled=false, networkConnectionEnabled=false, chrome={chromedriverVersion=2.36.540470 (e522d04694c7ebea4ba8821272dbef4f9b818c91), userDataDir=C:\Users\manish.rai\AppData\Local\Temp\scoped_dir23748_14153}, takesHeapSnapshot=true, pageLoadStrategy=normal, databaseEnabled=false, handlesAlerts=true, hasTouchScreen=false, version=68.0.3440.106, platform=XP, browserConnectionEnabled=false, nativeEvents=true, acceptSslCerts=false, acceptInsecureCerts=false, locationContextEnabled=true, webStorageEnabled=true, browserName=chrome, takesScreenshot=true, javascriptEnabled=true, cssSelectorsEnabled=true, setWindowRect=true, unexpectedAlertBehaviour=}]
Session ID: 3bb70e3172aae942891984c549555b6c
*** Element info: {Using=xpath, value=//a[text()='Set Print Options'][1]}sun.reflect.GeneratedConstructorAccessor28.newInstance(Unknown Source)
sun.reflect.DelegatingConstructorAccessorImpl.newInstance(DelegatingConstructorAccessorImpl.java:45)
java.lang.reflect.Constructor.newInstance(Constructor.java:423)
org.openqa.selenium.remote.ErrorHandler.createThrowable(ErrorHandler.java:206)
org.openqa.selenium.remote.ErrorHandler.throwIfResponseFailed(ErrorHandler.java:158)
org.openqa.selenium.remote.RemoteWebDriver.execute(RemoteWebDriver.java:678)
org.openqa.selenium.remote.RemoteWebDriver.findElement(RemoteWebDriver.java:363)
org.openqa.selenium.remote.RemoteWebDriver.findElementByXPath(RemoteWebDriver.java:500)
org.openqa.selenium.By$ByXPath.findElement(By.java:361)
org.openqa.selenium.remote.RemoteWebDriver.findElement(RemoteWebDriver.java:355)
com.infogain.uap.framework.webcontrols.webcontrolsLibrary.WebControlObjects$2.apply(WebControlObjects.java:2168)
com.infogain.uap.framework.webcontrols.webcontrolsLibrary.WebControlObjects$2.apply(WebControlObjects.java:1)
org.openqa.selenium.support.ui.FluentWait.until(FluentWait.java:238)
com.infogain.uap.framework.webcontrols.webcontrolsLibrary.WebControlObjects.findElement(WebControlObjects.java:2172)
com.infogain.uap.framework.webcontrols.webcontrolsLibrary.WebControlObjects.getWebelement(WebControlObjects.java:2100)
com.infogain.uap.framework.webcontrols.webcontrolsLibrary.WebControlObjects.getWebElementList(WebControlObjects.java:952)
com.infogain.uap.framework.webcontrols.webcontrolsLibrary.WebControlObjects.waitUntilElementToBeClickable(WebControlObjects.java:1413)
com.fedex.PageObject.DocumentInProgress_page.select_setprintoption(DocumentInProgress_page.java:26)
com.fedEx.BusinessObject.FedEx.checkout_multiplesheetAtOneTime(FedEx.java:368)
sun.reflect.NativeMethodAccessorImpl.invoke0(Native Method)
sun.reflect.NativeMethodAccessorImpl.invoke(NativeMethodAccessorImpl.java:62)
sun.reflect.DelegatingMethodAccessorImpl.invoke(DelegatingMethodAccessorImpl.java:43)
java.lang.reflect.Method.invoke(Method.java:498)
org.testng.internal.MethodInvocationHelper.invokeMethod(MethodInvocationHelper.java:86)
org.testng.internal.Invoker.invokeMethod(Invoker.java:643)
org.testng.internal.Invoker.invokeTestMethod(Invoker.java:820)
org.testng.internal.Invoker.invokeTestMethods(Invoker.java:1128)
org.testng.internal.TestMethodWorker.invokeTestMethods(TestMethodWorker.java:129)
org.testng.internal.TestMethodWorker.run(TestMethodWorker.java:112)
org.testng.TestRunner.privateRun(TestRunner.java:782)
org.testng.TestRunner.run(TestRunner.java:632)
org.testng.SuiteRunner.runTest(SuiteRunner.java:366)
org.testng.SuiteRunner.runSequentially(SuiteRunner.java:361)
org.testng.SuiteRunner.privateRun(SuiteRunner.java:319)
org.testng.SuiteRunner.run(SuiteRunner.java:268)
org.testng.SuiteRunnerWorker.runSuite(SuiteRunnerWorker.java:52)
org.testng.SuiteRunnerWorker.run(SuiteRunnerWorker.java:86)
org.testng.TestNG.runSuitesSequentially(TestNG.java:1244)
org.testng.TestNG.runSuitesLocally(TestNG.java:1169)
org.testng.TestNG.run(TestNG.java:1064)
org.apache.maven.surefire.testng.TestNGExecutor.run(TestNGExecutor.java:281)
org.apache.maven.surefire.testng.TestNGXmlTestSuite.execute(TestNGXmlTestSuite.java:75)
org.apache.maven.surefire.testng.TestNGProvider.invoke(TestNGProvider.java:121)
sun.reflect.NativeMethodAccessorImpl.invoke0(Native Method)
sun.reflect.NativeMethodAccessorImpl.invoke(NativeMethodAccessorImpl.java:62)
sun.reflect.DelegatingMethodAccessorImpl.invoke(DelegatingMethodAccessorImpl.java:43)
java.lang.reflect.Method.invoke(Method.java:498)
org.apache.maven.surefire.util.ReflectionUtils.invokeMethodWithArray2(ReflectionUtils.java:202)
org.apache.maven.surefire.booter.ProviderFactory$ProviderProxy.invoke(ProviderFactory.java:155)
org.apache.maven.surefire.booter.ProviderFactory.invokeProvider(ProviderFactory.java:81)
org.apache.maven.plugin.surefire.InPluginVMSurefireStarter.runSuitesInProcess(InPluginVMSurefireStarter.java:82)
org.apache.maven.plugin.surefire.AbstractSurefireMojo.executeProvider(AbstractSurefireMojo.java:1010)
org.apache.maven.plugin.surefire.AbstractSurefireMojo.executeAfterPreconditionsChecked(AbstractSurefireMojo.java:862)
org.apache.maven.plugin.surefire.AbstractSurefireMojo.execute(AbstractSurefireMojo.java:755)
org.apache.maven.plugin.DefaultBuildPluginManager.executeMojo(DefaultBuildPluginManager.java:137)
org.apache.maven.lifecycle.internal.MojoExecutor.execute(MojoExecutor.java:208)
org.apache.maven.lifecycle.internal.MojoExecutor.execute(MojoExecutor.java:154)
org.apache.maven.lifecycle.internal.MojoExecutor.execute(MojoExecutor.java:146)
org.apache.maven.lifecycle.internal.LifecycleModuleBuilder.buildProject(LifecycleModuleBuilder.java:117)
org.apache.maven.lifecycle.internal.LifecycleModuleBuilder.buildProject(LifecycleModuleBuilder.java:81)
org.apache.maven.lifecycle.internal.builder.singlethreaded.SingleThreadedBuilder.build(SingleThreadedBuilder.java:56)
org.apache.maven.lifecycle.internal.LifecycleStarter.execute(LifecycleStarter.java:128)
org.apache.maven.DefaultMaven.doExecute(DefaultMaven.java:305)
org.apache.maven.DefaultMaven.doExecute(DefaultMaven.java:192)
org.apache.maven.DefaultMaven.execute(DefaultMaven.java:105)
org.apache.maven.cli.MavenCli.execute(MavenCli.java:956)
org.apache.maven.cli.MavenCli.doMain(MavenCli.java:290)
org.apache.maven.cli.MavenCli.main(MavenCli.java:194)
sun.reflect.NativeMethodAccessorImpl.invoke0(Native Method)
sun.reflect.NativeMethodAccessorImpl.invoke(NativeMethodAccessorImpl.java:62)
sun.reflect.DelegatingMethodAccessorImpl.invoke(DelegatingMethodAccessorImpl.java:43)
java.lang.reflect.Method.invoke(Method.java:498)
org.codehaus.plexus.classworlds.launcher.Launcher.launchEnhanced(Launcher.java:289)
org.codehaus.plexus.classworlds.launcher.Launcher.launch(Launcher.java:229)
org.codehaus.plexus.classworlds.launcher.Launcher.mainWithExitCode(Launcher.java:415)
org.codehaus.plexus.classworlds.launcher.Launcher.main(Launcher.java:356)
</stackTrace></methodInfo></itasClass></pageObjectMethod></pageObject></businessWorkFlow><businessWorkFlow failureId="49528" name="Singlesheet_mutiplefeatue_papercolor"><pageObject><pageObjectMethod><itasClass><methodInfo><stackTrace>org.openqa.selenium.NoSuchElementException: no such element: Unable to locate element: {"method":"xpath","selector":"//button[text()='Add to cart']"}
  (Session info: chrome=68.0.3440.106)
  (Driver info: chromedriver=2.36.540470 (e522d04694c7ebea4ba8821272dbef4f9b818c91),platform=Windows NT 10.0.17134 x86_64) (WARNING: The server did not provide any stacktrace information)
Command duration or timeout: 40.02 seconds
For documentation on this error, please visit: http://seleniumhq.org/exceptions/no_such_element.html
Build info: version: '2.53.1', revision: 'a36b8b1cd5757287168e54b817830adce9b0158d', time: '2016-06-30 19:26:09'
System info: host: 'LP-ManishRai', ip: '172.18.81.152', os.name: 'Windows 10', os.arch: 'amd64', os.version: '10.0', java.version: '1.8.0_162'
Driver info: org.openqa.selenium.chrome.ChromeDriver
Capabilities [{applicationCacheEnabled=false, rotatable=false, mobileEmulationEnabled=false, networkConnectionEnabled=false, chrome={chromedriverVersion=2.36.540470 (e522d04694c7ebea4ba8821272dbef4f9b818c91), userDataDir=C:\Users\manish.rai\AppData\Local\Temp\scoped_dir23124_3046}, takesHeapSnapshot=true, pageLoadStrategy=normal, databaseEnabled=false, handlesAlerts=true, hasTouchScreen=false, version=68.0.3440.106, platform=XP, browserConnectionEnabled=false, nativeEvents=true, acceptSslCerts=false, acceptInsecureCerts=false, locationContextEnabled=true, webStorageEnabled=true, browserName=chrome, takesScreenshot=true, javascriptEnabled=true, cssSelectorsEnabled=true, setWindowRect=true, unexpectedAlertBehaviour=}]
Session ID: b4b3b7a2dc3e4c7a1e8a18a870f51f5a
*** Element info: {Using=xpath, value=//button[text()='Add to cart']}sun.reflect.GeneratedConstructorAccessor28.newInstance(Unknown Source)
sun.reflect.DelegatingConstructorAccessorImpl.newInstance(DelegatingConstructorAccessorImpl.java:45)
java.lang.reflect.Constructor.newInstance(Constructor.java:423)
org.openqa.selenium.remote.ErrorHandler.createThrowable(ErrorHandler.java:206)
org.openqa.selenium.remote.ErrorHandler.throwIfResponseFailed(ErrorHandler.java:158)
org.openqa.selenium.remote.RemoteWebDriver.execute(RemoteWebDriver.java:678)
org.openqa.selenium.remote.RemoteWebDriver.findElement(RemoteWebDriver.java:363)
org.openqa.selenium.remote.RemoteWebDriver.findElementByXPath(RemoteWebDriver.java:500)
org.openqa.selenium.By$ByXPath.findElement(By.java:361)
org.openqa.selenium.remote.RemoteWebDriver.findElement(RemoteWebDriver.java:355)
com.infogain.uap.framework.webcontrols.webcontrolsLibrary.WebControlObjects$2.apply(WebControlObjects.java:2168)
com.infogain.uap.framework.webcontrols.webcontrolsLibrary.WebControlObjects$2.apply(WebControlObjects.java:1)
org.openqa.selenium.support.ui.FluentWait.until(FluentWait.java:238)
com.infogain.uap.framework.webcontrols.webcontrolsLibrary.WebControlObjects.findElement(WebControlObjects.java:2172)
com.infogain.uap.framework.webcontrols.webcontrolsLibrary.WebControlObjects.getWebelement(WebControlObjects.java:2100)
com.infogain.uap.framework.webcontrols.webcontrolsLibrary.WebControlObjects.getWebElementList(WebControlObjects.java:952)
com.infogain.uap.framework.webcontrols.webcontrolsLibrary.WebControlObjects.waitUntilElementToBeClickable(WebControlObjects.java:1413)
com.fedex.PageObject.AddToCart.Select_paperColor(AddToCart.java:152)
com.fedEx.BusinessObject.FedEx.Singlesheet_mutiplefeatue_papercolor(FedEx.java:464)
sun.reflect.NativeMethodAccessorImpl.invoke0(Native Method)
sun.reflect.NativeMethodAccessorImpl.invoke(NativeMethodAccessorImpl.java:62)
sun.reflect.DelegatingMethodAccessorImpl.invoke(DelegatingMethodAccessorImpl.java:43)
java.lang.reflect.Method.invoke(Method.java:498)
org.testng.internal.MethodInvocationHelper.invokeMethod(MethodInvocationHelper.java:86)
org.testng.internal.Invoker.invokeMethod(Invoker.java:643)
org.testng.internal.Invoker.invokeTestMethod(Invoker.java:820)
org.testng.internal.Invoker.invokeTestMethods(Invoker.java:1128)
org.testng.internal.TestMethodWorker.invokeTestMethods(TestMethodWorker.java:129)
org.testng.internal.TestMethodWorker.run(TestMethodWorker.java:112)
org.testng.TestRunner.privateRun(TestRunner.java:782)
org.testng.TestRunner.run(TestRunner.java:632)
org.testng.SuiteRunner.runTest(SuiteRunner.java:366)
org.testng.SuiteRunner.runSequentially(SuiteRunner.java:361)
org.testng.SuiteRunner.privateRun(SuiteRunner.java:319)
org.testng.SuiteRunner.run(SuiteRunner.java:268)
org.testng.SuiteRunnerWorker.runSuite(SuiteRunnerWorker.java:52)
org.testng.SuiteRunnerWorker.run(SuiteRunnerWorker.java:86)
org.testng.TestNG.runSuitesSequentially(TestNG.java:1244)
org.testng.TestNG.runSuitesLocally(TestNG.java:1169)
org.testng.TestNG.run(TestNG.java:1064)
org.apache.maven.surefire.testng.TestNGExecutor.run(TestNGExecutor.java:281)
org.apache.maven.surefire.testng.TestNGXmlTestSuite.execute(TestNGXmlTestSuite.java:75)
org.apache.maven.surefire.testng.TestNGProvider.invoke(TestNGProvider.java:121)
sun.reflect.NativeMethodAccessorImpl.invoke0(Native Method)
sun.reflect.NativeMethodAccessorImpl.invoke(NativeMethodAccessorImpl.java:62)
sun.reflect.DelegatingMethodAccessorImpl.invoke(DelegatingMethodAccessorImpl.java:43)
java.lang.reflect.Method.invoke(Method.java:498)
org.apache.maven.surefire.util.ReflectionUtils.invokeMethodWithArray2(ReflectionUtils.java:202)
org.apache.maven.surefire.booter.ProviderFactory$ProviderProxy.invoke(ProviderFactory.java:155)
org.apache.maven.surefire.booter.ProviderFactory.invokeProvider(ProviderFactory.java:81)
org.apache.maven.plugin.surefire.InPluginVMSurefireStarter.runSuitesInProcess(InPluginVMSurefireStarter.java:82)
org.apache.maven.plugin.surefire.AbstractSurefireMojo.executeProvider(AbstractSurefireMojo.java:1010)
org.apache.maven.plugin.surefire.AbstractSurefireMojo.executeAfterPreconditionsChecked(AbstractSurefireMojo.java:862)
org.apache.maven.plugin.surefire.AbstractSurefireMojo.execute(AbstractSurefireMojo.java:755)
org.apache.maven.plugin.DefaultBuildPluginManager.executeMojo(DefaultBuildPluginManager.java:137)
org.apache.maven.lifecycle.internal.MojoExecutor.execute(MojoExecutor.java:208)
org.apache.maven.lifecycle.internal.MojoExecutor.execute(MojoExecutor.java:154)
org.apache.maven.lifecycle.internal.MojoExecutor.execute(MojoExecutor.java:146)
org.apache.maven.lifecycle.internal.LifecycleModuleBuilder.buildProject(LifecycleModuleBuilder.java:117)
org.apache.maven.lifecycle.internal.LifecycleModuleBuilder.buildProject(LifecycleModuleBuilder.java:81)
org.apache.maven.lifecycle.internal.builder.singlethreaded.SingleThreadedBuilder.build(SingleThreadedBuilder.java:56)
org.apache.maven.lifecycle.internal.LifecycleStarter.execute(LifecycleStarter.java:128)
org.apache.maven.DefaultMaven.doExecute(DefaultMaven.java:305)
org.apache.maven.DefaultMaven.doExecute(DefaultMaven.java:192)
org.apache.maven.DefaultMaven.execute(DefaultMaven.java:105)
org.apache.maven.cli.MavenCli.execute(MavenCli.java:956)
org.apache.maven.cli.MavenCli.doMain(MavenCli.java:290)
org.apache.maven.cli.MavenCli.main(MavenCli.java:194)
sun.reflect.NativeMethodAccessorImpl.invoke0(Native Method)
sun.reflect.NativeMethodAccessorImpl.invoke(NativeMethodAccessorImpl.java:62)
sun.reflect.DelegatingMethodAccessorImpl.invoke(DelegatingMethodAccessorImpl.java:43)
java.lang.reflect.Method.invoke(Method.java:498)
org.codehaus.plexus.classworlds.launcher.Launcher.launchEnhanced(Launcher.java:289)
org.codehaus.plexus.classworlds.launcher.Launcher.launch(Launcher.java:229)
org.codehaus.plexus.classworlds.launcher.Launcher.mainWithExitCode(Launcher.java:415)
org.codehaus.plexus.classworlds.launcher.Launcher.main(Launcher.java:356)
</stackTrace></methodInfo></itasClass></pageObjectMethod></pageObject></businessWorkFlow><businessWorkFlow failureId="84208" name="checkout_multiplsheet_multifeature_multiplefile"><pageObject><pageObjectMethod><itasClass><methodInfo><stackTrace>org.openqa.selenium.NoSuchElementException: no such element: Unable to locate element: {"method":"xpath","selector":"//a[text()='Set Print Options'][1]"}
  (Session info: chrome=68.0.3440.106)
  (Driver info: chromedriver=2.36.540470 (e522d04694c7ebea4ba8821272dbef4f9b818c91),platform=Windows NT 10.0.17134 x86_64) (WARNING: The server did not provide any stacktrace information)
Command duration or timeout: 40.03 seconds
For documentation on this error, please visit: http://seleniumhq.org/exceptions/no_such_element.html
Build info: version: '2.53.1', revision: 'a36b8b1cd5757287168e54b817830adce9b0158d', time: '2016-06-30 19:26:09'
System info: host: 'LP-ManishRai', ip: '172.18.81.152', os.name: 'Windows 10', os.arch: 'amd64', os.version: '10.0', java.version: '1.8.0_162'
Driver info: org.openqa.selenium.chrome.ChromeDriver
Capabilities [{applicationCacheEnabled=false, rotatable=false, mobileEmulationEnabled=false, networkConnectionEnabled=false, chrome={chromedriverVersion=2.36.540470 (e522d04694c7ebea4ba8821272dbef4f9b818c91), userDataDir=C:\Users\manish.rai\AppData\Local\Temp\scoped_dir26148_8932}, takesHeapSnapshot=true, pageLoadStrategy=normal, databaseEnabled=false, handlesAlerts=true, hasTouchScreen=false, version=68.0.3440.106, platform=XP, browserConnectionEnabled=false, nativeEvents=true, acceptSslCerts=false, acceptInsecureCerts=false, locationContextEnabled=true, webStorageEnabled=true, browserName=chrome, takesScreenshot=true, javascriptEnabled=true, cssSelectorsEnabled=true, setWindowRect=true, unexpectedAlertBehaviour=}]
Session ID: 7797a167e1fb0c1a094d7072b8632488
*** Element info: {Using=xpath, value=//a[text()='Set Print Options'][1]}sun.reflect.GeneratedConstructorAccessor28.newInstance(Unknown Source)
sun.reflect.DelegatingConstructorAccessorImpl.newInstance(DelegatingConstructorAccessorImpl.java:45)
java.lang.reflect.Constructor.newInstance(Constructor.java:423)
org.openqa.selenium.remote.ErrorHandler.createThrowable(ErrorHandler.java:206)
org.openqa.selenium.remote.ErrorHandler.throwIfResponseFailed(ErrorHandler.java:158)
org.openqa.selenium.remote.RemoteWebDriver.execute(RemoteWebDriver.java:678)
org.openqa.selenium.remote.RemoteWebDriver.findElement(RemoteWebDriver.java:363)
org.openqa.selenium.remote.RemoteWebDriver.findElementByXPath(RemoteWebDriver.java:500)
org.openqa.selenium.By$ByXPath.findElement(By.java:361)
org.openqa.selenium.remote.RemoteWebDriver.findElement(RemoteWebDriver.java:355)
com.infogain.uap.framework.webcontrols.webcontrolsLibrary.WebControlObjects$2.apply(WebControlObjects.java:2168)
com.infogain.uap.framework.webcontrols.webcontrolsLibrary.WebControlObjects$2.apply(WebControlObjects.java:1)
org.openqa.selenium.support.ui.FluentWait.until(FluentWait.java:238)
com.infogain.uap.framework.webcontrols.webcontrolsLibrary.WebControlObjects.findElement(WebControlObjects.java:2172)
com.infogain.uap.framework.webcontrols.webcontrolsLibrary.WebControlObjects.getWebelement(WebControlObjects.java:2100)
com.infogain.uap.framework.webcontrols.webcontrolsLibrary.WebControlObjects.getWebElementList(WebControlObjects.java:952)
com.infogain.uap.framework.webcontrols.webcontrolsLibrary.WebControlObjects.waitUntilElementToBeClickable(WebControlObjects.java:1413)
com.fedex.PageObject.DocumentInProgress_page.select_setprintoption(DocumentInProgress_page.java:26)
com.fedEx.BusinessObject.FedEx.checkout_multiplsheet_multifeature_multiplefile(FedEx.java:701)
sun.reflect.NativeMethodAccessorImpl.invoke0(Native Method)
sun.reflect.NativeMethodAccessorImpl.invoke(NativeMethodAccessorImpl.java:62)
sun.reflect.DelegatingMethodAccessorImpl.invoke(DelegatingMethodAccessorImpl.java:43)
java.lang.reflect.Method.invoke(Method.java:498)
org.testng.internal.MethodInvocationHelper.invokeMethod(MethodInvocationHelper.java:86)
org.testng.internal.Invoker.invokeMethod(Invoker.java:643)
org.testng.internal.Invoker.invokeTestMethod(Invoker.java:820)
org.testng.internal.Invoker.invokeTestMethods(Invoker.java:1128)
org.testng.internal.TestMethodWorker.invokeTestMethods(TestMethodWorker.java:129)
org.testng.internal.TestMethodWorker.run(TestMethodWorker.java:112)
org.testng.TestRunner.privateRun(TestRunner.java:782)
org.testng.TestRunner.run(TestRunner.java:632)
org.testng.SuiteRunner.runTest(SuiteRunner.java:366)
org.testng.SuiteRunner.runSequentially(SuiteRunner.java:361)
org.testng.SuiteRunner.privateRun(SuiteRunner.java:319)
org.testng.SuiteRunner.run(SuiteRunner.java:268)
org.testng.SuiteRunnerWorker.runSuite(SuiteRunnerWorker.java:52)
org.testng.SuiteRunnerWorker.run(SuiteRunnerWorker.java:86)
org.testng.TestNG.runSuitesSequentially(TestNG.java:1244)
org.testng.TestNG.runSuitesLocally(TestNG.java:1169)
org.testng.TestNG.run(TestNG.java:1064)
org.apache.maven.surefire.testng.TestNGExecutor.run(TestNGExecutor.java:281)
org.apache.maven.surefire.testng.TestNGXmlTestSuite.execute(TestNGXmlTestSuite.java:75)
org.apache.maven.surefire.testng.TestNGProvider.invoke(TestNGProvider.java:121)
sun.reflect.NativeMethodAccessorImpl.invoke0(Native Method)
sun.reflect.NativeMethodAccessorImpl.invoke(NativeMethodAccessorImpl.java:62)
sun.reflect.DelegatingMethodAccessorImpl.invoke(DelegatingMethodAccessorImpl.java:43)
java.lang.reflect.Method.invoke(Method.java:498)
org.apache.maven.surefire.util.ReflectionUtils.invokeMethodWithArray2(ReflectionUtils.java:202)
org.apache.maven.surefire.booter.ProviderFactory$ProviderProxy.invoke(ProviderFactory.java:155)
org.apache.maven.surefire.booter.ProviderFactory.invokeProvider(ProviderFactory.java:81)
org.apache.maven.plugin.surefire.InPluginVMSurefireStarter.runSuitesInProcess(InPluginVMSurefireStarter.java:82)
org.apache.maven.plugin.surefire.AbstractSurefireMojo.executeProvider(AbstractSurefireMojo.java:1010)
org.apache.maven.plugin.surefire.AbstractSurefireMojo.executeAfterPreconditionsChecked(AbstractSurefireMojo.java:862)
org.apache.maven.plugin.surefire.AbstractSurefireMojo.execute(AbstractSurefireMojo.java:755)
org.apache.maven.plugin.DefaultBuildPluginManager.executeMojo(DefaultBuildPluginManager.java:137)
org.apache.maven.lifecycle.internal.MojoExecutor.execute(MojoExecutor.java:208)
org.apache.maven.lifecycle.internal.MojoExecutor.execute(MojoExecutor.java:154)
org.apache.maven.lifecycle.internal.MojoExecutor.execute(MojoExecutor.java:146)
org.apache.maven.lifecycle.internal.LifecycleModuleBuilder.buildProject(LifecycleModuleBuilder.java:117)
org.apache.maven.lifecycle.internal.LifecycleModuleBuilder.buildProject(LifecycleModuleBuilder.java:81)
org.apache.maven.lifecycle.internal.builder.singlethreaded.SingleThreadedBuilder.build(SingleThreadedBuilder.java:56)
org.apache.maven.lifecycle.internal.LifecycleStarter.execute(LifecycleStarter.java:128)
org.apache.maven.DefaultMaven.doExecute(DefaultMaven.java:305)
org.apache.maven.DefaultMaven.doExecute(DefaultMaven.java:192)
org.apache.maven.DefaultMaven.execute(DefaultMaven.java:105)
org.apache.maven.cli.MavenCli.execute(MavenCli.java:956)
org.apache.maven.cli.MavenCli.doMain(MavenCli.java:290)
org.apache.maven.cli.MavenCli.main(MavenCli.java:194)
sun.reflect.NativeMethodAccessorImpl.invoke0(Native Method)
sun.reflect.NativeMethodAccessorImpl.invoke(NativeMethodAccessorImpl.java:62)
sun.reflect.DelegatingMethodAccessorImpl.invoke(DelegatingMethodAccessorImpl.java:43)
java.lang.reflect.Method.invoke(Method.java:498)
org.codehaus.plexus.classworlds.launcher.Launcher.launchEnhanced(Launcher.java:289)
org.codehaus.plexus.classworlds.launcher.Launcher.launch(Launcher.java:229)
org.codehaus.plexus.classworlds.launcher.Launcher.mainWithExitCode(Launcher.java:415)
org.codehaus.plexus.classworlds.launcher.Launcher.main(Launcher.java:356)
</stackTrace></methodInfo></itasClass></pageObjectMethod></pageObject></businessWorkFlow><businessWorkFlow failureId="87849" name="checkout_multiplsheet_multifeature_multiplefile"><pageObject><pageObjectMethod><itasClass><methodInfo><stackTrace>org.openqa.selenium.NoSuchElementException: no such element: Unable to locate element: {"method":"xpath","selector":"//a[text()='Set Print Options'][1]"}
  (Session info: chrome=68.0.3440.106)
  (Driver info: chromedriver=2.36.540470 (e522d04694c7ebea4ba8821272dbef4f9b818c91),platform=Windows NT 10.0.17134 x86_64) (WARNING: The server did not provide any stacktrace information)
Command duration or timeout: 40.01 seconds
For documentation on this error, please visit: http://seleniumhq.org/exceptions/no_such_element.html
Build info: version: '2.53.1', revision: 'a36b8b1cd5757287168e54b817830adce9b0158d', time: '2016-06-30 19:26:09'
System info: host: 'LP-ManishRai', ip: '172.18.81.152', os.name: 'Windows 10', os.arch: 'amd64', os.version: '10.0', java.version: '1.8.0_162'
Driver info: org.openqa.selenium.chrome.ChromeDriver
Capabilities [{applicationCacheEnabled=false, rotatable=false, mobileEmulationEnabled=false, networkConnectionEnabled=false, chrome={chromedriverVersion=2.36.540470 (e522d04694c7ebea4ba8821272dbef4f9b818c91), userDataDir=C:\Users\manish.rai\AppData\Local\Temp\scoped_dir26148_8932}, takesHeapSnapshot=true, pageLoadStrategy=normal, databaseEnabled=false, handlesAlerts=true, hasTouchScreen=false, version=68.0.3440.106, platform=XP, browserConnectionEnabled=false, nativeEvents=true, acceptSslCerts=false, acceptInsecureCerts=false, locationContextEnabled=true, webStorageEnabled=true, browserName=chrome, takesScreenshot=true, javascriptEnabled=true, cssSelectorsEnabled=true, setWindowRect=true, unexpectedAlertBehaviour=}]
Session ID: 7797a167e1fb0c1a094d7072b8632488
*** Element info: {Using=xpath, value=//a[text()='Set Print Options'][1]}sun.reflect.GeneratedConstructorAccessor28.newInstance(Unknown Source)
sun.reflect.DelegatingConstructorAccessorImpl.newInstance(DelegatingConstructorAccessorImpl.java:45)
java.lang.reflect.Constructor.newInstance(Constructor.java:423)
org.openqa.selenium.remote.ErrorHandler.createThrowable(ErrorHandler.java:206)
org.openqa.selenium.remote.ErrorHandler.throwIfResponseFailed(ErrorHandler.java:158)
org.openqa.selenium.remote.RemoteWebDriver.execute(RemoteWebDriver.java:678)
org.openqa.selenium.remote.RemoteWebDriver.findElement(RemoteWebDriver.java:363)
org.openqa.selenium.remote.RemoteWebDriver.findElementByXPath(RemoteWebDriver.java:500)
org.openqa.selenium.By$ByXPath.findElement(By.java:361)
org.openqa.selenium.remote.RemoteWebDriver.findElement(RemoteWebDriver.java:355)
com.infogain.uap.framework.webcontrols.webcontrolsLibrary.WebControlObjects$2.apply(WebControlObjects.java:2168)
com.infogain.uap.framework.webcontrols.webcontrolsLibrary.WebControlObjects$2.apply(WebControlObjects.java:1)
org.openqa.selenium.support.ui.FluentWait.until(FluentWait.java:238)
com.infogain.uap.framework.webcontrols.webcontrolsLibrary.WebControlObjects.findElement(WebControlObjects.java:2172)
com.infogain.uap.framework.webcontrols.webcontrolsLibrary.WebControlObjects.getWebelement(WebControlObjects.java:2100)
com.infogain.uap.framework.webcontrols.webcontrolsLibrary.WebControlObjects.getWebElementList(WebControlObjects.java:952)
com.infogain.uap.framework.webcontrols.webcontrolsLibrary.WebControlObjects.click(WebControlObjects.java:327)
com.fedex.PageObject.DocumentInProgress_page.select_setprintoption(DocumentInProgress_page.java:27)
com.fedEx.BusinessObject.FedEx.checkout_multiplsheet_multifeature_multiplefile(FedEx.java:701)
sun.reflect.NativeMethodAccessorImpl.invoke0(Native Method)
sun.reflect.NativeMethodAccessorImpl.invoke(NativeMethodAccessorImpl.java:62)
sun.reflect.DelegatingMethodAccessorImpl.invoke(DelegatingMethodAccessorImpl.java:43)
java.lang.reflect.Method.invoke(Method.java:498)
org.testng.internal.MethodInvocationHelper.invokeMethod(MethodInvocationHelper.java:86)
org.testng.internal.Invoker.invokeMethod(Invoker.java:643)
org.testng.internal.Invoker.invokeTestMethod(Invoker.java:820)
org.testng.internal.Invoker.invokeTestMethods(Invoker.java:1128)
org.testng.internal.TestMethodWorker.invokeTestMethods(TestMethodWorker.java:129)
org.testng.internal.TestMethodWorker.run(TestMethodWorker.java:112)
org.testng.TestRunner.privateRun(TestRunner.java:782)
org.testng.TestRunner.run(TestRunner.java:632)
org.testng.SuiteRunner.runTest(SuiteRunner.java:366)
org.testng.SuiteRunner.runSequentially(SuiteRunner.java:361)
org.testng.SuiteRunner.privateRun(SuiteRunner.java:319)
org.testng.SuiteRunner.run(SuiteRunner.java:268)
org.testng.SuiteRunnerWorker.runSuite(SuiteRunnerWorker.java:52)
org.testng.SuiteRunnerWorker.run(SuiteRunnerWorker.java:86)
org.testng.TestNG.runSuitesSequentially(TestNG.java:1244)
org.testng.TestNG.runSuitesLocally(TestNG.java:1169)
org.testng.TestNG.run(TestNG.java:1064)
org.apache.maven.surefire.testng.TestNGExecutor.run(TestNGExecutor.java:281)
org.apache.maven.surefire.testng.TestNGXmlTestSuite.execute(TestNGXmlTestSuite.java:75)
org.apache.maven.surefire.testng.TestNGProvider.invoke(TestNGProvider.java:121)
sun.reflect.NativeMethodAccessorImpl.invoke0(Native Method)
sun.reflect.NativeMethodAccessorImpl.invoke(NativeMethodAccessorImpl.java:62)
sun.reflect.DelegatingMethodAccessorImpl.invoke(DelegatingMethodAccessorImpl.java:43)
java.lang.reflect.Method.invoke(Method.java:498)
org.apache.maven.surefire.util.ReflectionUtils.invokeMethodWithArray2(ReflectionUtils.java:202)
org.apache.maven.surefire.booter.ProviderFactory$ProviderProxy.invoke(ProviderFactory.java:155)
org.apache.maven.surefire.booter.ProviderFactory.invokeProvider(ProviderFactory.java:81)
org.apache.maven.plugin.surefire.InPluginVMSurefireStarter.runSuitesInProcess(InPluginVMSurefireStarter.java:82)
org.apache.maven.plugin.surefire.AbstractSurefireMojo.executeProvider(AbstractSurefireMojo.java:1010)
org.apache.maven.plugin.surefire.AbstractSurefireMojo.executeAfterPreconditionsChecked(AbstractSurefireMojo.java:862)
org.apache.maven.plugin.surefire.AbstractSurefireMojo.execute(AbstractSurefireMojo.java:755)
org.apache.maven.plugin.DefaultBuildPluginManager.executeMojo(DefaultBuildPluginManager.java:137)
org.apache.maven.lifecycle.internal.MojoExecutor.execute(MojoExecutor.java:208)
org.apache.maven.lifecycle.internal.MojoExecutor.execute(MojoExecutor.java:154)
org.apache.maven.lifecycle.internal.MojoExecutor.execute(MojoExecutor.java:146)
org.apache.maven.lifecycle.internal.LifecycleModuleBuilder.buildProject(LifecycleModuleBuilder.java:117)
org.apache.maven.lifecycle.internal.LifecycleModuleBuilder.buildProject(LifecycleModuleBuilder.java:81)
org.apache.maven.lifecycle.internal.builder.singlethreaded.SingleThreadedBuilder.build(SingleThreadedBuilder.java:56)
org.apache.maven.lifecycle.internal.LifecycleStarter.execute(LifecycleStarter.java:128)
org.apache.maven.DefaultMaven.doExecute(DefaultMaven.java:305)
org.apache.maven.DefaultMaven.doExecute(DefaultMaven.java:192)
org.apache.maven.DefaultMaven.execute(DefaultMaven.java:105)
org.apache.maven.cli.MavenCli.execute(MavenCli.java:956)
org.apache.maven.cli.MavenCli.doMain(MavenCli.java:290)
org.apache.maven.cli.MavenCli.main(MavenCli.java:194)
sun.reflect.NativeMethodAccessorImpl.invoke0(Native Method)
sun.reflect.NativeMethodAccessorImpl.invoke(NativeMethodAccessorImpl.java:62)
sun.reflect.DelegatingMethodAccessorImpl.invoke(DelegatingMethodAccessorImpl.java:43)
java.lang.reflect.Method.invoke(Method.java:498)
org.codehaus.plexus.classworlds.launcher.Launcher.launchEnhanced(Launcher.java:289)
org.codehaus.plexus.classworlds.launcher.Launcher.launch(Launcher.java:229)
org.codehaus.plexus.classworlds.launcher.Launcher.mainWithExitCode(Launcher.java:415)
org.codehaus.plexus.classworlds.launcher.Launcher.main(Launcher.java:356)
</stackTrace></methodInfo></itasClass></pageObjectMethod></pageObject></businessWorkFlow><businessWorkFlow failureId="22565" name="checkout_multiplsheet_multifeature_multiplefile"><pageObject><pageObjectMethod><itasClass><methodInfo><stackTrace> </stackTrace></methodInfo></itasClass></pageObjectMethod></pageObject></businessWorkFlow><businessWorkFlow failureId="22137" name="checkout_multiplsheet_multifeature_multiplefile"><pageObject><pageObjectMethod><itasClass><methodInfo><stackTrace>org.openqa.selenium.NoSuchElementException: no such element: Unable to locate element: {"method":"xpath","selector":"//button[text()='Add to cart']"}
  (Session info: chrome=68.0.3440.106)
  (Driver info: chromedriver=2.36.540470 (e522d04694c7ebea4ba8821272dbef4f9b818c91),platform=Windows NT 10.0.17134 x86_64) (WARNING: The server did not provide any stacktrace information)
Command duration or timeout: 40.05 seconds
For documentation on this error, please visit: http://seleniumhq.org/exceptions/no_such_element.html
Build info: version: '2.53.1', revision: 'a36b8b1cd5757287168e54b817830adce9b0158d', time: '2016-06-30 19:26:09'
System info: host: 'LP-ManishRai', ip: '172.18.81.152', os.name: 'Windows 10', os.arch: 'amd64', os.version: '10.0', java.version: '1.8.0_162'
Driver info: org.openqa.selenium.chrome.ChromeDriver
Capabilities [{applicationCacheEnabled=false, rotatable=false, mobileEmulationEnabled=false, networkConnectionEnabled=false, chrome={chromedriverVersion=2.36.540470 (e522d04694c7ebea4ba8821272dbef4f9b818c91), userDataDir=C:\Users\manish.rai\AppData\Local\Temp\scoped_dir26148_8932}, takesHeapSnapshot=true, pageLoadStrategy=normal, databaseEnabled=false, handlesAlerts=true, hasTouchScreen=false, version=68.0.3440.106, platform=XP, browserConnectionEnabled=false, nativeEvents=true, acceptSslCerts=false, acceptInsecureCerts=false, locationContextEnabled=true, webStorageEnabled=true, browserName=chrome, takesScreenshot=true, javascriptEnabled=true, cssSelectorsEnabled=true, setWindowRect=true, unexpectedAlertBehaviour=}]
Session ID: 7797a167e1fb0c1a094d7072b8632488
*** Element info: {Using=xpath, value=//button[text()='Add to cart']}sun.reflect.GeneratedConstructorAccessor28.newInstance(Unknown Source)
sun.reflect.DelegatingConstructorAccessorImpl.newInstance(DelegatingConstructorAccessorImpl.java:45)
java.lang.reflect.Constructor.newInstance(Constructor.java:423)
org.openqa.selenium.remote.ErrorHandler.createThrowable(ErrorHandler.java:206)
org.openqa.selenium.remote.ErrorHandler.throwIfResponseFailed(ErrorHandler.java:158)
org.openqa.selenium.remote.RemoteWebDriver.execute(RemoteWebDriver.java:678)
org.openqa.selenium.remote.RemoteWebDriver.findElement(RemoteWebDriver.java:363)
org.openqa.selenium.remote.RemoteWebDriver.findElementByXPath(RemoteWebDriver.java:500)
org.openqa.selenium.By$ByXPath.findElement(By.java:361)
org.openqa.selenium.remote.RemoteWebDriver.findElement(RemoteWebDriver.java:355)
com.infogain.uap.framework.webcontrols.webcontrolsLibrary.WebControlObjects$2.apply(WebControlObjects.java:2168)
com.infogain.uap.framework.webcontrols.webcontrolsLibrary.WebControlObjects$2.apply(WebControlObjects.java:1)
org.openqa.selenium.support.ui.FluentWait.until(FluentWait.java:238)
com.infogain.uap.framework.webcontrols.webcontrolsLibrary.WebControlObjects.findElement(WebControlObjects.java:2172)
com.infogain.uap.framework.webcontrols.webcontrolsLibrary.WebControlObjects.getWebelement(WebControlObjects.java:2100)
com.infogain.uap.framework.webcontrols.webcontrolsLibrary.WebControlObjects.getWebElementList(WebControlObjects.java:952)
com.infogain.uap.framework.webcontrols.webcontrolsLibrary.WebControlObjects.waitUntilElementToBeClickable(WebControlObjects.java:1413)
com.fedex.PageObject.AddToCart.AddToCart(AddToCart.java:85)
com.fedEx.BusinessObject.FedEx.checkout_multiplsheet_multifeature_multiplefile(FedEx.java:702)
sun.reflect.NativeMethodAccessorImpl.invoke0(Native Method)
sun.reflect.NativeMethodAccessorImpl.invoke(NativeMethodAccessorImpl.java:62)
sun.reflect.DelegatingMethodAccessorImpl.invoke(DelegatingMethodAccessorImpl.java:43)
java.lang.reflect.Method.invoke(Method.java:498)
org.testng.internal.MethodInvocationHelper.invokeMethod(MethodInvocationHelper.java:86)
org.testng.internal.Invoker.invokeMethod(Invoker.java:643)
org.testng.internal.Invoker.invokeTestMethod(Invoker.java:820)
org.testng.internal.Invoker.invokeTestMethods(Invoker.java:1128)
org.testng.internal.TestMethodWorker.invokeTestMethods(TestMethodWorker.java:129)
org.testng.internal.TestMethodWorker.run(TestMethodWorker.java:112)
org.testng.TestRunner.privateRun(TestRunner.java:782)
org.testng.TestRunner.run(TestRunner.java:632)
org.testng.SuiteRunner.runTest(SuiteRunner.java:366)
org.testng.SuiteRunner.runSequentially(SuiteRunner.java:361)
org.testng.SuiteRunner.privateRun(SuiteRunner.java:319)
org.testng.SuiteRunner.run(SuiteRunner.java:268)
org.testng.SuiteRunnerWorker.runSuite(SuiteRunnerWorker.java:52)
org.testng.SuiteRunnerWorker.run(SuiteRunnerWorker.java:86)
org.testng.TestNG.runSuitesSequentially(TestNG.java:1244)
org.testng.TestNG.runSuitesLocally(TestNG.java:1169)
org.testng.TestNG.run(TestNG.java:1064)
org.apache.maven.surefire.testng.TestNGExecutor.run(TestNGExecutor.java:281)
org.apache.maven.surefire.testng.TestNGXmlTestSuite.execute(TestNGXmlTestSuite.java:75)
org.apache.maven.surefire.testng.TestNGProvider.invoke(TestNGProvider.java:121)
sun.reflect.NativeMethodAccessorImpl.invoke0(Native Method)
sun.reflect.NativeMethodAccessorImpl.invoke(NativeMethodAccessorImpl.java:62)
sun.reflect.DelegatingMethodAccessorImpl.invoke(DelegatingMethodAccessorImpl.java:43)
java.lang.reflect.Method.invoke(Method.java:498)
org.apache.maven.surefire.util.ReflectionUtils.invokeMethodWithArray2(ReflectionUtils.java:202)
org.apache.maven.surefire.booter.ProviderFactory$ProviderProxy.invoke(ProviderFactory.java:155)
org.apache.maven.surefire.booter.ProviderFactory.invokeProvider(ProviderFactory.java:81)
org.apache.maven.plugin.surefire.InPluginVMSurefireStarter.runSuitesInProcess(InPluginVMSurefireStarter.java:82)
org.apache.maven.plugin.surefire.AbstractSurefireMojo.executeProvider(AbstractSurefireMojo.java:1010)
org.apache.maven.plugin.surefire.AbstractSurefireMojo.executeAfterPreconditionsChecked(AbstractSurefireMojo.java:862)
org.apache.maven.plugin.surefire.AbstractSurefireMojo.execute(AbstractSurefireMojo.java:755)
org.apache.maven.plugin.DefaultBuildPluginManager.executeMojo(DefaultBuildPluginManager.java:137)
org.apache.maven.lifecycle.internal.MojoExecutor.execute(MojoExecutor.java:208)
org.apache.maven.lifecycle.internal.MojoExecutor.execute(MojoExecutor.java:154)
org.apache.maven.lifecycle.internal.MojoExecutor.execute(MojoExecutor.java:146)
org.apache.maven.lifecycle.internal.LifecycleModuleBuilder.buildProject(LifecycleModuleBuilder.java:117)
org.apache.maven.lifecycle.internal.LifecycleModuleBuilder.buildProject(LifecycleModuleBuilder.java:81)
org.apache.maven.lifecycle.internal.builder.singlethreaded.SingleThreadedBuilder.build(SingleThreadedBuilder.java:56)
org.apache.maven.lifecycle.internal.LifecycleStarter.execute(LifecycleStarter.java:128)
org.apache.maven.DefaultMaven.doExecute(DefaultMaven.java:305)
org.apache.maven.DefaultMaven.doExecute(DefaultMaven.java:192)
org.apache.maven.DefaultMaven.execute(DefaultMaven.java:105)
org.apache.maven.cli.MavenCli.execute(MavenCli.java:956)
org.apache.maven.cli.MavenCli.doMain(MavenCli.java:290)
org.apache.maven.cli.MavenCli.main(MavenCli.java:194)
sun.reflect.NativeMethodAccessorImpl.invoke0(Native Method)
sun.reflect.NativeMethodAccessorImpl.invoke(NativeMethodAccessorImpl.java:62)
sun.reflect.DelegatingMethodAccessorImpl.invoke(DelegatingMethodAccessorImpl.java:43)
java.lang.reflect.Method.invoke(Method.java:498)
org.codehaus.plexus.classworlds.launcher.Launcher.launchEnhanced(Launcher.java:289)
org.codehaus.plexus.classworlds.launcher.Launcher.launch(Launcher.java:229)
org.codehaus.plexus.classworlds.launcher.Launcher.mainWithExitCode(Launcher.java:415)
org.codehaus.plexus.classworlds.launcher.Launcher.main(Launcher.java:356)
</stackTrace></methodInfo></itasClass></pageObjectMethod></pageObject></businessWorkFlow><businessWorkFlow failureId="77916" name="checkout_multiplsheet_multifeature_multiplefile"><pageObject><pageObjectMethod><itasClass><methodInfo><stackTrace>org.openqa.selenium.NoSuchElementException: no such element: Unable to locate element: {"method":"xpath","selector":"//button[text()='Add to cart']"}
  (Session info: chrome=68.0.3440.106)
  (Driver info: chromedriver=2.36.540470 (e522d04694c7ebea4ba8821272dbef4f9b818c91),platform=Windows NT 10.0.17134 x86_64) (WARNING: The server did not provide any stacktrace information)
Command duration or timeout: 40.06 seconds
For documentation on this error, please visit: http://seleniumhq.org/exceptions/no_such_element.html
Build info: version: '2.53.1', revision: 'a36b8b1cd5757287168e54b817830adce9b0158d', time: '2016-06-30 19:26:09'
System info: host: 'LP-ManishRai', ip: '172.18.81.152', os.name: 'Windows 10', os.arch: 'amd64', os.version: '10.0', java.version: '1.8.0_162'
Driver info: org.openqa.selenium.chrome.ChromeDriver
Capabilities [{applicationCacheEnabled=false, rotatable=false, mobileEmulationEnabled=false, networkConnectionEnabled=false, chrome={chromedriverVersion=2.36.540470 (e522d04694c7ebea4ba8821272dbef4f9b818c91), userDataDir=C:\Users\manish.rai\AppData\Local\Temp\scoped_dir26148_8932}, takesHeapSnapshot=true, pageLoadStrategy=normal, databaseEnabled=false, handlesAlerts=true, hasTouchScreen=false, version=68.0.3440.106, platform=XP, browserConnectionEnabled=false, nativeEvents=true, acceptSslCerts=false, acceptInsecureCerts=false, locationContextEnabled=true, webStorageEnabled=true, browserName=chrome, takesScreenshot=true, javascriptEnabled=true, cssSelectorsEnabled=true, setWindowRect=true, unexpectedAlertBehaviour=}]
Session ID: 7797a167e1fb0c1a094d7072b8632488
*** Element info: {Using=xpath, value=//button[text()='Add to cart']}sun.reflect.GeneratedConstructorAccessor28.newInstance(Unknown Source)
sun.reflect.DelegatingConstructorAccessorImpl.newInstance(DelegatingConstructorAccessorImpl.java:45)
java.lang.reflect.Constructor.newInstance(Constructor.java:423)
org.openqa.selenium.remote.ErrorHandler.createThrowable(ErrorHandler.java:206)
org.openqa.selenium.remote.ErrorHandler.throwIfResponseFailed(ErrorHandler.java:158)
org.openqa.selenium.remote.RemoteWebDriver.execute(RemoteWebDriver.java:678)
org.openqa.selenium.remote.RemoteWebDriver.findElement(RemoteWebDriver.java:363)
org.openqa.selenium.remote.RemoteWebDriver.findElementByXPath(RemoteWebDriver.java:500)
org.openqa.selenium.By$ByXPath.findElement(By.java:361)
org.openqa.selenium.remote.RemoteWebDriver.findElement(RemoteWebDriver.java:355)
com.infogain.uap.framework.webcontrols.webcontrolsLibrary.WebControlObjects$2.apply(WebControlObjects.java:2168)
com.infogain.uap.framework.webcontrols.webcontrolsLibrary.WebControlObjects$2.apply(WebControlObjects.java:1)
org.openqa.selenium.support.ui.FluentWait.until(FluentWait.java:238)
com.infogain.uap.framework.webcontrols.webcontrolsLibrary.WebControlObjects.findElement(WebControlObjects.java:2172)
com.infogain.uap.framework.webcontrols.webcontrolsLibrary.WebControlObjects.getWebelement(WebControlObjects.java:2100)
com.infogain.uap.framework.webcontrols.webcontrolsLibrary.WebControlObjects.getWebElementList(WebControlObjects.java:952)
com.infogain.uap.framework.webcontrols.webcontrolsLibrary.WebControlObjects.clickUsingJavaScriptExecutors(WebControlObjects.java:2902)
com.fedex.PageObject.AddToCart.AddToCart(AddToCart.java:86)
com.fedEx.BusinessObject.FedEx.checkout_multiplsheet_multifeature_multiplefile(FedEx.java:702)
sun.reflect.NativeMethodAccessorImpl.invoke0(Native Method)
sun.reflect.NativeMethodAccessorImpl.invoke(NativeMethodAccessorImpl.java:62)
sun.reflect.DelegatingMethodAccessorImpl.invoke(DelegatingMethodAccessorImpl.java:43)
java.lang.reflect.Method.invoke(Method.java:498)
org.testng.internal.MethodInvocationHelper.invokeMethod(MethodInvocationHelper.java:86)
org.testng.internal.Invoker.invokeMethod(Invoker.java:643)
org.testng.internal.Invoker.invokeTestMethod(Invoker.java:820)
org.testng.internal.Invoker.invokeTestMethods(Invoker.java:1128)
org.testng.internal.TestMethodWorker.invokeTestMethods(TestMethodWorker.java:129)
org.testng.internal.TestMethodWorker.run(TestMethodWorker.java:112)
org.testng.TestRunner.privateRun(TestRunner.java:782)
org.testng.TestRunner.run(TestRunner.java:632)
org.testng.SuiteRunner.runTest(SuiteRunner.java:366)
org.testng.SuiteRunner.runSequentially(SuiteRunner.java:361)
org.testng.SuiteRunner.privateRun(SuiteRunner.java:319)
org.testng.SuiteRunner.run(SuiteRunner.java:268)
org.testng.SuiteRunnerWorker.runSuite(SuiteRunnerWorker.java:52)
org.testng.SuiteRunnerWorker.run(SuiteRunnerWorker.java:86)
org.testng.TestNG.runSuitesSequentially(TestNG.java:1244)
org.testng.TestNG.runSuitesLocally(TestNG.java:1169)
org.testng.TestNG.run(TestNG.java:1064)
org.apache.maven.surefire.testng.TestNGExecutor.run(TestNGExecutor.java:281)
org.apache.maven.surefire.testng.TestNGXmlTestSuite.execute(TestNGXmlTestSuite.java:75)
org.apache.maven.surefire.testng.TestNGProvider.invoke(TestNGProvider.java:121)
sun.reflect.NativeMethodAccessorImpl.invoke0(Native Method)
sun.reflect.NativeMethodAccessorImpl.invoke(NativeMethodAccessorImpl.java:62)
sun.reflect.DelegatingMethodAccessorImpl.invoke(DelegatingMethodAccessorImpl.java:43)
java.lang.reflect.Method.invoke(Method.java:498)
org.apache.maven.surefire.util.ReflectionUtils.invokeMethodWithArray2(ReflectionUtils.java:202)
org.apache.maven.surefire.booter.ProviderFactory$ProviderProxy.invoke(ProviderFactory.java:155)
org.apache.maven.surefire.booter.ProviderFactory.invokeProvider(ProviderFactory.java:81)
org.apache.maven.plugin.surefire.InPluginVMSurefireStarter.runSuitesInProcess(InPluginVMSurefireStarter.java:82)
org.apache.maven.plugin.surefire.AbstractSurefireMojo.executeProvider(AbstractSurefireMojo.java:1010)
org.apache.maven.plugin.surefire.AbstractSurefireMojo.executeAfterPreconditionsChecked(AbstractSurefireMojo.java:862)
org.apache.maven.plugin.surefire.AbstractSurefireMojo.execute(AbstractSurefireMojo.java:755)
org.apache.maven.plugin.DefaultBuildPluginManager.executeMojo(DefaultBuildPluginManager.java:137)
org.apache.maven.lifecycle.internal.MojoExecutor.execute(MojoExecutor.java:208)
org.apache.maven.lifecycle.internal.MojoExecutor.execute(MojoExecutor.java:154)
org.apache.maven.lifecycle.internal.MojoExecutor.execute(MojoExecutor.java:146)
org.apache.maven.lifecycle.internal.LifecycleModuleBuilder.buildProject(LifecycleModuleBuilder.java:117)
org.apache.maven.lifecycle.internal.LifecycleModuleBuilder.buildProject(LifecycleModuleBuilder.java:81)
org.apache.maven.lifecycle.internal.builder.singlethreaded.SingleThreadedBuilder.build(SingleThreadedBuilder.java:56)
org.apache.maven.lifecycle.internal.LifecycleStarter.execute(LifecycleStarter.java:128)
org.apache.maven.DefaultMaven.doExecute(DefaultMaven.java:305)
org.apache.maven.DefaultMaven.doExecute(DefaultMaven.java:192)
org.apache.maven.DefaultMaven.execute(DefaultMaven.java:105)
org.apache.maven.cli.MavenCli.execute(MavenCli.java:956)
org.apache.maven.cli.MavenCli.doMain(MavenCli.java:290)
org.apache.maven.cli.MavenCli.main(MavenCli.java:194)
sun.reflect.NativeMethodAccessorImpl.invoke0(Native Method)
sun.reflect.NativeMethodAccessorImpl.invoke(NativeMethodAccessorImpl.java:62)
sun.reflect.DelegatingMethodAccessorImpl.invoke(DelegatingMethodAccessorImpl.java:43)
java.lang.reflect.Method.invoke(Method.java:498)
org.codehaus.plexus.classworlds.launcher.Launcher.launchEnhanced(Launcher.java:289)
org.codehaus.plexus.classworlds.launcher.Launcher.launch(Launcher.java:229)
org.codehaus.plexus.classworlds.launcher.Launcher.mainWithExitCode(Launcher.java:415)
org.codehaus.plexus.classworlds.launcher.Launcher.main(Launcher.java:356)
</stackTrace></methodInfo></itasClass></pageObjectMethod></pageObject></businessWorkFlow><businessWorkFlow failureId="6627" name="checkout_multiplsheet_multifeature_multiplefile"><pageObject><pageObjectMethod><itasClass><methodInfo><stackTrace> </stackTrace></methodInfo></itasClass></pageObjectMethod></pageObject></businessWorkFlow><businessWorkFlow failureId="70277" name="checkout_specialityFeature"><pageObject><pageObjectMethod><itasClass><methodInfo><stackTrace>org.openqa.selenium.NoSuchElementException: no such element: Unable to locate element: {"method":"xpath","selector":"//button[text()='Add to cart']"}
  (Session info: chrome=68.0.3440.106)
  (Driver info: chromedriver=2.36.540470 (e522d04694c7ebea4ba8821272dbef4f9b818c91),platform=Windows NT 10.0.17134 x86_64) (WARNING: The server did not provide any stacktrace information)
Command duration or timeout: 40.06 seconds
For documentation on this error, please visit: http://seleniumhq.org/exceptions/no_such_element.html
Build info: version: '2.53.1', revision: 'a36b8b1cd5757287168e54b817830adce9b0158d', time: '2016-06-30 19:26:09'
System info: host: 'LP-ManishRai', ip: '172.18.81.152', os.name: 'Windows 10', os.arch: 'amd64', os.version: '10.0', java.version: '1.8.0_162'
Driver info: org.openqa.selenium.chrome.ChromeDriver
Capabilities [{applicationCacheEnabled=false, rotatable=false, mobileEmulationEnabled=false, networkConnectionEnabled=false, chrome={chromedriverVersion=2.36.540470 (e522d04694c7ebea4ba8821272dbef4f9b818c91), userDataDir=C:\Users\manish.rai\AppData\Local\Temp\scoped_dir24128_30173}, takesHeapSnapshot=true, pageLoadStrategy=normal, databaseEnabled=false, handlesAlerts=true, hasTouchScreen=false, version=68.0.3440.106, platform=XP, browserConnectionEnabled=false, nativeEvents=true, acceptSslCerts=false, acceptInsecureCerts=false, locationContextEnabled=true, webStorageEnabled=true, browserName=chrome, takesScreenshot=true, javascriptEnabled=true, cssSelectorsEnabled=true, setWindowRect=true, unexpectedAlertBehaviour=}]
Session ID: 6808344e6d2f05b81f82aa7ccc0446ee
*** Element info: {Using=xpath, value=//button[text()='Add to cart']}sun.reflect.GeneratedConstructorAccessor28.newInstance(Unknown Source)
sun.reflect.DelegatingConstructorAccessorImpl.newInstance(DelegatingConstructorAccessorImpl.java:45)
java.lang.reflect.Constructor.newInstance(Constructor.java:423)
org.openqa.selenium.remote.ErrorHandler.createThrowable(ErrorHandler.java:206)
org.openqa.selenium.remote.ErrorHandler.throwIfResponseFailed(ErrorHandler.java:158)
org.openqa.selenium.remote.RemoteWebDriver.execute(RemoteWebDriver.java:678)
org.openqa.selenium.remote.RemoteWebDriver.findElement(RemoteWebDriver.java:363)
org.openqa.selenium.remote.RemoteWebDriver.findElementByXPath(RemoteWebDriver.java:500)
org.openqa.selenium.By$ByXPath.findElement(By.java:361)
org.openqa.selenium.remote.RemoteWebDriver.findElement(RemoteWebDriver.java:355)
com.infogain.uap.framework.webcontrols.webcontrolsLibrary.WebControlObjects$2.apply(WebControlObjects.java:2168)
com.infogain.uap.framework.webcontrols.webcontrolsLibrary.WebControlObjects$2.apply(WebControlObjects.java:1)
org.openqa.selenium.support.ui.FluentWait.until(FluentWait.java:238)
com.infogain.uap.framework.webcontrols.webcontrolsLibrary.WebControlObjects.findElement(WebControlObjects.java:2172)
com.infogain.uap.framework.webcontrols.webcontrolsLibrary.WebControlObjects.getWebelement(WebControlObjects.java:2100)
com.infogain.uap.framework.webcontrols.webcontrolsLibrary.WebControlObjects.getWebElementList(WebControlObjects.java:952)
com.infogain.uap.framework.webcontrols.webcontrolsLibrary.WebControlObjects.waitUntilElementToBeClickable(WebControlObjects.java:1413)
com.fedex.PageObject.AddToCart.AddToCart(AddToCart.java:85)
com.fedEx.BusinessObject.FedEx.checkout_specialityFeature(FedEx.java:783)
sun.reflect.NativeMethodAccessorImpl.invoke0(Native Method)
sun.reflect.NativeMethodAccessorImpl.invoke(NativeMethodAccessorImpl.java:62)
sun.reflect.DelegatingMethodAccessorImpl.invoke(DelegatingMethodAccessorImpl.java:43)
java.lang.reflect.Method.invoke(Method.java:498)
org.testng.internal.MethodInvocationHelper.invokeMethod(MethodInvocationHelper.java:86)
org.testng.internal.Invoker.invokeMethod(Invoker.java:643)
org.testng.internal.Invoker.invokeTestMethod(Invoker.java:820)
org.testng.internal.Invoker.invokeTestMethods(Invoker.java:1128)
org.testng.internal.TestMethodWorker.invokeTestMethods(TestMethodWorker.java:129)
org.testng.internal.TestMethodWorker.run(TestMethodWorker.java:112)
org.testng.TestRunner.privateRun(TestRunner.java:782)
org.testng.TestRunner.run(TestRunner.java:632)
org.testng.SuiteRunner.runTest(SuiteRunner.java:366)
org.testng.SuiteRunner.runSequentially(SuiteRunner.java:361)
org.testng.SuiteRunner.privateRun(SuiteRunner.java:319)
org.testng.SuiteRunner.run(SuiteRunner.java:268)
org.testng.SuiteRunnerWorker.runSuite(SuiteRunnerWorker.java:52)
org.testng.SuiteRunnerWorker.run(SuiteRunnerWorker.java:86)
org.testng.TestNG.runSuitesSequentially(TestNG.java:1244)
org.testng.TestNG.runSuitesLocally(TestNG.java:1169)
org.testng.TestNG.run(TestNG.java:1064)
org.apache.maven.surefire.testng.TestNGExecutor.run(TestNGExecutor.java:281)
org.apache.maven.surefire.testng.TestNGXmlTestSuite.execute(TestNGXmlTestSuite.java:75)
org.apache.maven.surefire.testng.TestNGProvider.invoke(TestNGProvider.java:121)
sun.reflect.NativeMethodAccessorImpl.invoke0(Native Method)
sun.reflect.NativeMethodAccessorImpl.invoke(NativeMethodAccessorImpl.java:62)
sun.reflect.DelegatingMethodAccessorImpl.invoke(DelegatingMethodAccessorImpl.java:43)
java.lang.reflect.Method.invoke(Method.java:498)
org.apache.maven.surefire.util.ReflectionUtils.invokeMethodWithArray2(ReflectionUtils.java:202)
org.apache.maven.surefire.booter.ProviderFactory$ProviderProxy.invoke(ProviderFactory.java:155)
org.apache.maven.surefire.booter.ProviderFactory.invokeProvider(ProviderFactory.java:81)
org.apache.maven.plugin.surefire.InPluginVMSurefireStarter.runSuitesInProcess(InPluginVMSurefireStarter.java:82)
org.apache.maven.plugin.surefire.AbstractSurefireMojo.executeProvider(AbstractSurefireMojo.java:1010)
org.apache.maven.plugin.surefire.AbstractSurefireMojo.executeAfterPreconditionsChecked(AbstractSurefireMojo.java:862)
org.apache.maven.plugin.surefire.AbstractSurefireMojo.execute(AbstractSurefireMojo.java:755)
org.apache.maven.plugin.DefaultBuildPluginManager.executeMojo(DefaultBuildPluginManager.java:137)
org.apache.maven.lifecycle.internal.MojoExecutor.execute(MojoExecutor.java:208)
org.apache.maven.lifecycle.internal.MojoExecutor.execute(MojoExecutor.java:154)
org.apache.maven.lifecycle.internal.MojoExecutor.execute(MojoExecutor.java:146)
org.apache.maven.lifecycle.internal.LifecycleModuleBuilder.buildProject(LifecycleModuleBuilder.java:117)
org.apache.maven.lifecycle.internal.LifecycleModuleBuilder.buildProject(LifecycleModuleBuilder.java:81)
org.apache.maven.lifecycle.internal.builder.singlethreaded.SingleThreadedBuilder.build(SingleThreadedBuilder.java:56)
org.apache.maven.lifecycle.internal.LifecycleStarter.execute(LifecycleStarter.java:128)
org.apache.maven.DefaultMaven.doExecute(DefaultMaven.java:305)
org.apache.maven.DefaultMaven.doExecute(DefaultMaven.java:192)
org.apache.maven.DefaultMaven.execute(DefaultMaven.java:105)
org.apache.maven.cli.MavenCli.execute(MavenCli.java:956)
org.apache.maven.cli.MavenCli.doMain(MavenCli.java:290)
org.apache.maven.cli.MavenCli.main(MavenCli.java:194)
sun.reflect.NativeMethodAccessorImpl.invoke0(Native Method)
sun.reflect.NativeMethodAccessorImpl.invoke(NativeMethodAccessorImpl.java:62)
sun.reflect.DelegatingMethodAccessorImpl.invoke(DelegatingMethodAccessorImpl.java:43)
java.lang.reflect.Method.invoke(Method.java:498)
org.codehaus.plexus.classworlds.launcher.Launcher.launchEnhanced(Launcher.java:289)
org.codehaus.plexus.classworlds.launcher.Launcher.launch(Launcher.java:229)
org.codehaus.plexus.classworlds.launcher.Launcher.mainWithExitCode(Launcher.java:415)
org.codehaus.plexus.classworlds.launcher.Launcher.main(Launcher.java:356)
</stackTrace></methodInfo></itasClass></pageObjectMethod></pageObject></businessWorkFlow><businessWorkFlow failureId="10068" name="checkout_specialityFeature"><pageObject><pageObjectMethod><itasClass><methodInfo><stackTrace>org.openqa.selenium.NoSuchElementException: no such element: Unable to locate element: {"method":"xpath","selector":"//button[text()='Add to cart']"}
  (Session info: chrome=68.0.3440.106)
  (Driver info: chromedriver=2.36.540470 (e522d04694c7ebea4ba8821272dbef4f9b818c91),platform=Windows NT 10.0.17134 x86_64) (WARNING: The server did not provide any stacktrace information)
Command duration or timeout: 40.03 seconds
For documentation on this error, please visit: http://seleniumhq.org/exceptions/no_such_element.html
Build info: version: '2.53.1', revision: 'a36b8b1cd5757287168e54b817830adce9b0158d', time: '2016-06-30 19:26:09'
System info: host: 'LP-ManishRai', ip: '172.18.81.152', os.name: 'Windows 10', os.arch: 'amd64', os.version: '10.0', java.version: '1.8.0_162'
Driver info: org.openqa.selenium.chrome.ChromeDriver
Capabilities [{applicationCacheEnabled=false, rotatable=false, mobileEmulationEnabled=false, networkConnectionEnabled=false, chrome={chromedriverVersion=2.36.540470 (e522d04694c7ebea4ba8821272dbef4f9b818c91), userDataDir=C:\Users\manish.rai\AppData\Local\Temp\scoped_dir24128_30173}, takesHeapSnapshot=true, pageLoadStrategy=normal, databaseEnabled=false, handlesAlerts=true, hasTouchScreen=false, version=68.0.3440.106, platform=XP, browserConnectionEnabled=false, nativeEvents=true, acceptSslCerts=false, acceptInsecureCerts=false, locationContextEnabled=true, webStorageEnabled=true, browserName=chrome, takesScreenshot=true, javascriptEnabled=true, cssSelectorsEnabled=true, setWindowRect=true, unexpectedAlertBehaviour=}]
Session ID: 6808344e6d2f05b81f82aa7ccc0446ee
*** Element info: {Using=xpath, value=//button[text()='Add to cart']}sun.reflect.GeneratedConstructorAccessor28.newInstance(Unknown Source)
sun.reflect.DelegatingConstructorAccessorImpl.newInstance(DelegatingConstructorAccessorImpl.java:45)
java.lang.reflect.Constructor.newInstance(Constructor.java:423)
org.openqa.selenium.remote.ErrorHandler.createThrowable(ErrorHandler.java:206)
org.openqa.selenium.remote.ErrorHandler.throwIfResponseFailed(ErrorHandler.java:158)
org.openqa.selenium.remote.RemoteWebDriver.execute(RemoteWebDriver.java:678)
org.openqa.selenium.remote.RemoteWebDriver.findElement(RemoteWebDriver.java:363)
org.openqa.selenium.remote.RemoteWebDriver.findElementByXPath(RemoteWebDriver.java:500)
org.openqa.selenium.By$ByXPath.findElement(By.java:361)
org.openqa.selenium.remote.RemoteWebDriver.findElement(RemoteWebDriver.java:355)
com.infogain.uap.framework.webcontrols.webcontrolsLibrary.WebControlObjects$2.apply(WebControlObjects.java:2168)
com.infogain.uap.framework.webcontrols.webcontrolsLibrary.WebControlObjects$2.apply(WebControlObjects.java:1)
org.openqa.selenium.support.ui.FluentWait.until(FluentWait.java:238)
com.infogain.uap.framework.webcontrols.webcontrolsLibrary.WebControlObjects.findElement(WebControlObjects.java:2172)
com.infogain.uap.framework.webcontrols.webcontrolsLibrary.WebControlObjects.getWebelement(WebControlObjects.java:2100)
com.infogain.uap.framework.webcontrols.webcontrolsLibrary.WebControlObjects.getWebElementList(WebControlObjects.java:952)
com.infogain.uap.framework.webcontrols.webcontrolsLibrary.WebControlObjects.clickUsingJavaScriptExecutors(WebControlObjects.java:2902)
com.fedex.PageObject.AddToCart.AddToCart(AddToCart.java:86)
com.fedEx.BusinessObject.FedEx.checkout_specialityFeature(FedEx.java:783)
sun.reflect.NativeMethodAccessorImpl.invoke0(Native Method)
sun.reflect.NativeMethodAccessorImpl.invoke(NativeMethodAccessorImpl.java:62)
sun.reflect.DelegatingMethodAccessorImpl.invoke(DelegatingMethodAccessorImpl.java:43)
java.lang.reflect.Method.invoke(Method.java:498)
org.testng.internal.MethodInvocationHelper.invokeMethod(MethodInvocationHelper.java:86)
org.testng.internal.Invoker.invokeMethod(Invoker.java:643)
org.testng.internal.Invoker.invokeTestMethod(Invoker.java:820)
org.testng.internal.Invoker.invokeTestMethods(Invoker.java:1128)
org.testng.internal.TestMethodWorker.invokeTestMethods(TestMethodWorker.java:129)
org.testng.internal.TestMethodWorker.run(TestMethodWorker.java:112)
org.testng.TestRunner.privateRun(TestRunner.java:782)
org.testng.TestRunner.run(TestRunner.java:632)
org.testng.SuiteRunner.runTest(SuiteRunner.java:366)
org.testng.SuiteRunner.runSequentially(SuiteRunner.java:361)
org.testng.SuiteRunner.privateRun(SuiteRunner.java:319)
org.testng.SuiteRunner.run(SuiteRunner.java:268)
org.testng.SuiteRunnerWorker.runSuite(SuiteRunnerWorker.java:52)
org.testng.SuiteRunnerWorker.run(SuiteRunnerWorker.java:86)
org.testng.TestNG.runSuitesSequentially(TestNG.java:1244)
org.testng.TestNG.runSuitesLocally(TestNG.java:1169)
org.testng.TestNG.run(TestNG.java:1064)
org.apache.maven.surefire.testng.TestNGExecutor.run(TestNGExecutor.java:281)
org.apache.maven.surefire.testng.TestNGXmlTestSuite.execute(TestNGXmlTestSuite.java:75)
org.apache.maven.surefire.testng.TestNGProvider.invoke(TestNGProvider.java:121)
sun.reflect.NativeMethodAccessorImpl.invoke0(Native Method)
sun.reflect.NativeMethodAccessorImpl.invoke(NativeMethodAccessorImpl.java:62)
sun.reflect.DelegatingMethodAccessorImpl.invoke(DelegatingMethodAccessorImpl.java:43)
java.lang.reflect.Method.invoke(Method.java:498)
org.apache.maven.surefire.util.ReflectionUtils.invokeMethodWithArray2(ReflectionUtils.java:202)
org.apache.maven.surefire.booter.ProviderFactory$ProviderProxy.invoke(ProviderFactory.java:155)
org.apache.maven.surefire.booter.ProviderFactory.invokeProvider(ProviderFactory.java:81)
org.apache.maven.plugin.surefire.InPluginVMSurefireStarter.runSuitesInProcess(InPluginVMSurefireStarter.java:82)
org.apache.maven.plugin.surefire.AbstractSurefireMojo.executeProvider(AbstractSurefireMojo.java:1010)
org.apache.maven.plugin.surefire.AbstractSurefireMojo.executeAfterPreconditionsChecked(AbstractSurefireMojo.java:862)
org.apache.maven.plugin.surefire.AbstractSurefireMojo.execute(AbstractSurefireMojo.java:755)
org.apache.maven.plugin.DefaultBuildPluginManager.executeMojo(DefaultBuildPluginManager.java:137)
org.apache.maven.lifecycle.internal.MojoExecutor.execute(MojoExecutor.java:208)
org.apache.maven.lifecycle.internal.MojoExecutor.execute(MojoExecutor.java:154)
org.apache.maven.lifecycle.internal.MojoExecutor.execute(MojoExecutor.java:146)
org.apache.maven.lifecycle.internal.LifecycleModuleBuilder.buildProject(LifecycleModuleBuilder.java:117)
org.apache.maven.lifecycle.internal.LifecycleModuleBuilder.buildProject(LifecycleModuleBuilder.java:81)
org.apache.maven.lifecycle.internal.builder.singlethreaded.SingleThreadedBuilder.build(SingleThreadedBuilder.java:56)
org.apache.maven.lifecycle.internal.LifecycleStarter.execute(LifecycleStarter.java:128)
org.apache.maven.DefaultMaven.doExecute(DefaultMaven.java:305)
org.apache.maven.DefaultMaven.doExecute(DefaultMaven.java:192)
org.apache.maven.DefaultMaven.execute(DefaultMaven.java:105)
org.apache.maven.cli.MavenCli.execute(MavenCli.java:956)
org.apache.maven.cli.MavenCli.doMain(MavenCli.java:290)
org.apache.maven.cli.MavenCli.main(MavenCli.java:194)
sun.reflect.NativeMethodAccessorImpl.invoke0(Native Method)
sun.reflect.NativeMethodAccessorImpl.invoke(NativeMethodAccessorImpl.java:62)
sun.reflect.DelegatingMethodAccessorImpl.invoke(DelegatingMethodAccessorImpl.java:43)
java.lang.reflect.Method.invoke(Method.java:498)
org.codehaus.plexus.classworlds.launcher.Launcher.launchEnhanced(Launcher.java:289)
org.codehaus.plexus.classworlds.launcher.Launcher.launch(Launcher.java:229)
org.codehaus.plexus.classworlds.launcher.Launcher.mainWithExitCode(Launcher.java:415)
org.codehaus.plexus.classworlds.launcher.Launcher.main(Launcher.java:356)
</stackTrace></methodInfo></itasClass></pageObjectMethod></pageObject></businessWorkFlow><businessWorkFlow failureId="56516" name="checkout_specialityFeature"><pageObject><pageObjectMethod><itasClass><methodInfo><stackTrace> </stackTrace></methodInfo></itasClass></pageObjectMethod></pageObject></businessWorkFlow><businessWorkFlow failureId="6735" name="checkout_specialityFeature"><pageObject><pageObjectMethod><itasClass><methodInfo><stackTrace>org.openqa.selenium.NoSuchElementException: no such element: Unable to locate element: {"method":"xpath","selector":"//a[text()='Checkout']"}
  (Session info: chrome=68.0.3440.106)
  (Driver info: chromedriver=2.36.540470 (e522d04694c7ebea4ba8821272dbef4f9b818c91),platform=Windows NT 10.0.17134 x86_64) (WARNING: The server did not provide any stacktrace information)
Command duration or timeout: 40.03 seconds
For documentation on this error, please visit: http://seleniumhq.org/exceptions/no_such_element.html
Build info: version: '2.53.1', revision: 'a36b8b1cd5757287168e54b817830adce9b0158d', time: '2016-06-30 19:26:09'
System info: host: 'LP-ManishRai', ip: '172.18.81.152', os.name: 'Windows 10', os.arch: 'amd64', os.version: '10.0', java.version: '1.8.0_162'
Driver info: org.openqa.selenium.chrome.ChromeDriver
Capabilities [{applicationCacheEnabled=false, rotatable=false, mobileEmulationEnabled=false, networkConnectionEnabled=false, chrome={chromedriverVersion=2.36.540470 (e522d04694c7ebea4ba8821272dbef4f9b818c91), userDataDir=C:\Users\manish.rai\AppData\Local\Temp\scoped_dir24128_30173}, takesHeapSnapshot=true, pageLoadStrategy=normal, databaseEnabled=false, handlesAlerts=true, hasTouchScreen=false, version=68.0.3440.106, platform=XP, browserConnectionEnabled=false, nativeEvents=true, acceptSslCerts=false, acceptInsecureCerts=false, locationContextEnabled=true, webStorageEnabled=true, browserName=chrome, takesScreenshot=true, javascriptEnabled=true, cssSelectorsEnabled=true, setWindowRect=true, unexpectedAlertBehaviour=}]
Session ID: 6808344e6d2f05b81f82aa7ccc0446ee
*** Element info: {Using=xpath, value=//a[text()='Checkout']}sun.reflect.GeneratedConstructorAccessor28.newInstance(Unknown Source)
sun.reflect.DelegatingConstructorAccessorImpl.newInstance(DelegatingConstructorAccessorImpl.java:45)
java.lang.reflect.Constructor.newInstance(Constructor.java:423)
org.openqa.selenium.remote.ErrorHandler.createThrowable(ErrorHandler.java:206)
org.openqa.selenium.remote.ErrorHandler.throwIfResponseFailed(ErrorHandler.java:158)
org.openqa.selenium.remote.RemoteWebDriver.execute(RemoteWebDriver.java:678)
org.openqa.selenium.remote.RemoteWebDriver.findElement(RemoteWebDriver.java:363)
org.openqa.selenium.remote.RemoteWebDriver.findElementByXPath(RemoteWebDriver.java:500)
org.openqa.selenium.By$ByXPath.findElement(By.java:361)
org.openqa.selenium.remote.RemoteWebDriver.findElement(RemoteWebDriver.java:355)
com.infogain.uap.framework.webcontrols.webcontrolsLibrary.WebControlObjects$2.apply(WebControlObjects.java:2168)
com.infogain.uap.framework.webcontrols.webcontrolsLibrary.WebControlObjects$2.apply(WebControlObjects.java:1)
org.openqa.selenium.support.ui.FluentWait.until(FluentWait.java:238)
com.infogain.uap.framework.webcontrols.webcontrolsLibrary.WebControlObjects.findElement(WebControlObjects.java:2172)
com.infogain.uap.framework.webcontrols.webcontrolsLibrary.WebControlObjects.getWebelement(WebControlObjects.java:2100)
com.infogain.uap.framework.webcontrols.webcontrolsLibrary.WebControlObjects.getWebElementList(WebControlObjects.java:952)
com.infogain.uap.framework.webcontrols.webcontrolsLibrary.WebControlObjects.waitUntilElementToBeClickable(WebControlObjects.java:1413)
com.fedex.PageObject.Checkout_page.scroll_page(Checkout_page.java:48)
com.fedEx.BusinessObject.FedEx.checkout_specialityFeature(FedEx.java:784)
sun.reflect.NativeMethodAccessorImpl.invoke0(Native Method)
sun.reflect.NativeMethodAccessorImpl.invoke(NativeMethodAccessorImpl.java:62)
sun.reflect.DelegatingMethodAccessorImpl.invoke(DelegatingMethodAccessorImpl.java:43)
java.lang.reflect.Method.invoke(Method.java:498)
org.testng.internal.MethodInvocationHelper.invokeMethod(MethodInvocationHelper.java:86)
org.testng.internal.Invoker.invokeMethod(Invoker.java:643)
org.testng.internal.Invoker.invokeTestMethod(Invoker.java:820)
org.testng.internal.Invoker.invokeTestMethods(Invoker.java:1128)
org.testng.internal.TestMethodWorker.invokeTestMethods(TestMethodWorker.java:129)
org.testng.internal.TestMethodWorker.run(TestMethodWorker.java:112)
org.testng.TestRunner.privateRun(TestRunner.java:782)
org.testng.TestRunner.run(TestRunner.java:632)
org.testng.SuiteRunner.runTest(SuiteRunner.java:366)
org.testng.SuiteRunner.runSequentially(SuiteRunner.java:361)
org.testng.SuiteRunner.privateRun(SuiteRunner.java:319)
org.testng.SuiteRunner.run(SuiteRunner.java:268)
org.testng.SuiteRunnerWorker.runSuite(SuiteRunnerWorker.java:52)
org.testng.SuiteRunnerWorker.run(SuiteRunnerWorker.java:86)
org.testng.TestNG.runSuitesSequentially(TestNG.java:1244)
org.testng.TestNG.runSuitesLocally(TestNG.java:1169)
org.testng.TestNG.run(TestNG.java:1064)
org.apache.maven.surefire.testng.TestNGExecutor.run(TestNGExecutor.java:281)
org.apache.maven.surefire.testng.TestNGXmlTestSuite.execute(TestNGXmlTestSuite.java:75)
org.apache.maven.surefire.testng.TestNGProvider.invoke(TestNGProvider.java:121)
sun.reflect.NativeMethodAccessorImpl.invoke0(Native Method)
sun.reflect.NativeMethodAccessorImpl.invoke(NativeMethodAccessorImpl.java:62)
sun.reflect.DelegatingMethodAccessorImpl.invoke(DelegatingMethodAccessorImpl.java:43)
java.lang.reflect.Method.invoke(Method.java:498)
org.apache.maven.surefire.util.ReflectionUtils.invokeMethodWithArray2(ReflectionUtils.java:202)
org.apache.maven.surefire.booter.ProviderFactory$ProviderProxy.invoke(ProviderFactory.java:155)
org.apache.maven.surefire.booter.ProviderFactory.invokeProvider(ProviderFactory.java:81)
org.apache.maven.plugin.surefire.InPluginVMSurefireStarter.runSuitesInProcess(InPluginVMSurefireStarter.java:82)
org.apache.maven.plugin.surefire.AbstractSurefireMojo.executeProvider(AbstractSurefireMojo.java:1010)
org.apache.maven.plugin.surefire.AbstractSurefireMojo.executeAfterPreconditionsChecked(AbstractSurefireMojo.java:862)
org.apache.maven.plugin.surefire.AbstractSurefireMojo.execute(AbstractSurefireMojo.java:755)
org.apache.maven.plugin.DefaultBuildPluginManager.executeMojo(DefaultBuildPluginManager.java:137)
org.apache.maven.lifecycle.internal.MojoExecutor.execute(MojoExecutor.java:208)
org.apache.maven.lifecycle.internal.MojoExecutor.execute(MojoExecutor.java:154)
org.apache.maven.lifecycle.internal.MojoExecutor.execute(MojoExecutor.java:146)
org.apache.maven.lifecycle.internal.LifecycleModuleBuilder.buildProject(LifecycleModuleBuilder.java:117)
org.apache.maven.lifecycle.internal.LifecycleModuleBuilder.buildProject(LifecycleModuleBuilder.java:81)
org.apache.maven.lifecycle.internal.builder.singlethreaded.SingleThreadedBuilder.build(SingleThreadedBuilder.java:56)
org.apache.maven.lifecycle.internal.LifecycleStarter.execute(LifecycleStarter.java:128)
org.apache.maven.DefaultMaven.doExecute(DefaultMaven.java:305)
org.apache.maven.DefaultMaven.doExecute(DefaultMaven.java:192)
org.apache.maven.DefaultMaven.execute(DefaultMaven.java:105)
org.apache.maven.cli.MavenCli.execute(MavenCli.java:956)
org.apache.maven.cli.MavenCli.doMain(MavenCli.java:290)
org.apache.maven.cli.MavenCli.main(MavenCli.java:194)
sun.reflect.NativeMethodAccessorImpl.invoke0(Native Method)
sun.reflect.NativeMethodAccessorImpl.invoke(NativeMethodAccessorImpl.java:62)
sun.reflect.DelegatingMethodAccessorImpl.invoke(DelegatingMethodAccessorImpl.java:43)
java.lang.reflect.Method.invoke(Method.java:498)
org.codehaus.plexus.classworlds.launcher.Launcher.launchEnhanced(Launcher.java:289)
org.codehaus.plexus.classworlds.launcher.Launcher.launch(Launcher.java:229)
org.codehaus.plexus.classworlds.launcher.Launcher.mainWithExitCode(Launcher.java:415)
org.codehaus.plexus.classworlds.launcher.Launcher.main(Launcher.java:356)
</stackTrace></methodInfo></itasClass></pageObjectMethod></pageObject></businessWorkFlow><businessWorkFlow failureId="72710" name="checkout_specialityFeature"><pageObject><pageObjectMethod><itasClass><methodInfo><stackTrace>org.openqa.selenium.NoSuchElementException: no such element: Unable to locate element: {"method":"xpath","selector":"//a[text()='Checkout']"}
  (Session info: chrome=68.0.3440.106)
  (Driver info: chromedriver=2.36.540470 (e522d04694c7ebea4ba8821272dbef4f9b818c91),platform=Windows NT 10.0.17134 x86_64) (WARNING: The server did not provide any stacktrace information)
Command duration or timeout: 40.04 seconds
For documentation on this error, please visit: http://seleniumhq.org/exceptions/no_such_element.html
Build info: version: '2.53.1', revision: 'a36b8b1cd5757287168e54b817830adce9b0158d', time: '2016-06-30 19:26:09'
System info: host: 'LP-ManishRai', ip: '172.18.81.152', os.name: 'Windows 10', os.arch: 'amd64', os.version: '10.0', java.version: '1.8.0_162'
Driver info: org.openqa.selenium.chrome.ChromeDriver
Capabilities [{applicationCacheEnabled=false, rotatable=false, mobileEmulationEnabled=false, networkConnectionEnabled=false, chrome={chromedriverVersion=2.36.540470 (e522d04694c7ebea4ba8821272dbef4f9b818c91), userDataDir=C:\Users\manish.rai\AppData\Local\Temp\scoped_dir24128_30173}, takesHeapSnapshot=true, pageLoadStrategy=normal, databaseEnabled=false, handlesAlerts=true, hasTouchScreen=false, version=68.0.3440.106, platform=XP, browserConnectionEnabled=false, nativeEvents=true, acceptSslCerts=false, acceptInsecureCerts=false, locationContextEnabled=true, webStorageEnabled=true, browserName=chrome, takesScreenshot=true, javascriptEnabled=true, cssSelectorsEnabled=true, setWindowRect=true, unexpectedAlertBehaviour=}]
Session ID: 6808344e6d2f05b81f82aa7ccc0446ee
*** Element info: {Using=xpath, value=//a[text()='Checkout']}sun.reflect.GeneratedConstructorAccessor28.newInstance(Unknown Source)
sun.reflect.DelegatingConstructorAccessorImpl.newInstance(DelegatingConstructorAccessorImpl.java:45)
java.lang.reflect.Constructor.newInstance(Constructor.java:423)
org.openqa.selenium.remote.ErrorHandler.createThrowable(ErrorHandler.java:206)
org.openqa.selenium.remote.ErrorHandler.throwIfResponseFailed(ErrorHandler.java:158)
org.openqa.selenium.remote.RemoteWebDriver.execute(RemoteWebDriver.java:678)
org.openqa.selenium.remote.RemoteWebDriver.findElement(RemoteWebDriver.java:363)
org.openqa.selenium.remote.RemoteWebDriver.findElementByXPath(RemoteWebDriver.java:500)
org.openqa.selenium.By$ByXPath.findElement(By.java:361)
org.openqa.selenium.remote.RemoteWebDriver.findElement(RemoteWebDriver.java:355)
com.infogain.uap.framework.webcontrols.webcontrolsLibrary.WebControlObjects$2.apply(WebControlObjects.java:2168)
com.infogain.uap.framework.webcontrols.webcontrolsLibrary.WebControlObjects$2.apply(WebControlObjects.java:1)
org.openqa.selenium.support.ui.FluentWait.until(FluentWait.java:238)
com.infogain.uap.framework.webcontrols.webcontrolsLibrary.WebControlObjects.findElement(WebControlObjects.java:2172)
com.infogain.uap.framework.webcontrols.webcontrolsLibrary.WebControlObjects.getWebelement(WebControlObjects.java:2100)
com.infogain.uap.framework.webcontrols.webcontrolsLibrary.WebControlObjects.getWebElementList(WebControlObjects.java:952)
com.infogain.uap.framework.webcontrols.webcontrolsLibrary.WebControlObjects.waitUntilElementToBeClickable(WebControlObjects.java:1413)
com.fedex.PageObject.Checkout_page.checkout_item(Checkout_page.java:34)
com.fedEx.BusinessObject.FedEx.checkout_specialityFeature(FedEx.java:785)
sun.reflect.NativeMethodAccessorImpl.invoke0(Native Method)
sun.reflect.NativeMethodAccessorImpl.invoke(NativeMethodAccessorImpl.java:62)
sun.reflect.DelegatingMethodAccessorImpl.invoke(DelegatingMethodAccessorImpl.java:43)
java.lang.reflect.Method.invoke(Method.java:498)
org.testng.internal.MethodInvocationHelper.invokeMethod(MethodInvocationHelper.java:86)
org.testng.internal.Invoker.invokeMethod(Invoker.java:643)
org.testng.internal.Invoker.invokeTestMethod(Invoker.java:820)
org.testng.internal.Invoker.invokeTestMethods(Invoker.java:1128)
org.testng.internal.TestMethodWorker.invokeTestMethods(TestMethodWorker.java:129)
org.testng.internal.TestMethodWorker.run(TestMethodWorker.java:112)
org.testng.TestRunner.privateRun(TestRunner.java:782)
org.testng.TestRunner.run(TestRunner.java:632)
org.testng.SuiteRunner.runTest(SuiteRunner.java:366)
org.testng.SuiteRunner.runSequentially(SuiteRunner.java:361)
org.testng.SuiteRunner.privateRun(SuiteRunner.java:319)
org.testng.SuiteRunner.run(SuiteRunner.java:268)
org.testng.SuiteRunnerWorker.runSuite(SuiteRunnerWorker.java:52)
org.testng.SuiteRunnerWorker.run(SuiteRunnerWorker.java:86)
org.testng.TestNG.runSuitesSequentially(TestNG.java:1244)
org.testng.TestNG.runSuitesLocally(TestNG.java:1169)
org.testng.TestNG.run(TestNG.java:1064)
org.apache.maven.surefire.testng.TestNGExecutor.run(TestNGExecutor.java:281)
org.apache.maven.surefire.testng.TestNGXmlTestSuite.execute(TestNGXmlTestSuite.java:75)
org.apache.maven.surefire.testng.TestNGProvider.invoke(TestNGProvider.java:121)
sun.reflect.NativeMethodAccessorImpl.invoke0(Native Method)
sun.reflect.NativeMethodAccessorImpl.invoke(NativeMethodAccessorImpl.java:62)
sun.reflect.DelegatingMethodAccessorImpl.invoke(DelegatingMethodAccessorImpl.java:43)
java.lang.reflect.Method.invoke(Method.java:498)
org.apache.maven.surefire.util.ReflectionUtils.invokeMethodWithArray2(ReflectionUtils.java:202)
org.apache.maven.surefire.booter.ProviderFactory$ProviderProxy.invoke(ProviderFactory.java:155)
org.apache.maven.surefire.booter.ProviderFactory.invokeProvider(ProviderFactory.java:81)
org.apache.maven.plugin.surefire.InPluginVMSurefireStarter.runSuitesInProcess(InPluginVMSurefireStarter.java:82)
org.apache.maven.plugin.surefire.AbstractSurefireMojo.executeProvider(AbstractSurefireMojo.java:1010)
org.apache.maven.plugin.surefire.AbstractSurefireMojo.executeAfterPreconditionsChecked(AbstractSurefireMojo.java:862)
org.apache.maven.plugin.surefire.AbstractSurefireMojo.execute(AbstractSurefireMojo.java:755)
org.apache.maven.plugin.DefaultBuildPluginManager.executeMojo(DefaultBuildPluginManager.java:137)
org.apache.maven.lifecycle.internal.MojoExecutor.execute(MojoExecutor.java:208)
org.apache.maven.lifecycle.internal.MojoExecutor.execute(MojoExecutor.java:154)
org.apache.maven.lifecycle.internal.MojoExecutor.execute(MojoExecutor.java:146)
org.apache.maven.lifecycle.internal.LifecycleModuleBuilder.buildProject(LifecycleModuleBuilder.java:117)
org.apache.maven.lifecycle.internal.LifecycleModuleBuilder.buildProject(LifecycleModuleBuilder.java:81)
org.apache.maven.lifecycle.internal.builder.singlethreaded.SingleThreadedBuilder.build(SingleThreadedBuilder.java:56)
org.apache.maven.lifecycle.internal.LifecycleStarter.execute(LifecycleStarter.java:128)
org.apache.maven.DefaultMaven.doExecute(DefaultMaven.java:305)
org.apache.maven.DefaultMaven.doExecute(DefaultMaven.java:192)
org.apache.maven.DefaultMaven.execute(DefaultMaven.java:105)
org.apache.maven.cli.MavenCli.execute(MavenCli.java:956)
org.apache.maven.cli.MavenCli.doMain(MavenCli.java:290)
org.apache.maven.cli.MavenCli.main(MavenCli.java:194)
sun.reflect.NativeMethodAccessorImpl.invoke0(Native Method)
sun.reflect.NativeMethodAccessorImpl.invoke(NativeMethodAccessorImpl.java:62)
sun.reflect.DelegatingMethodAccessorImpl.invoke(DelegatingMethodAccessorImpl.java:43)
java.lang.reflect.Method.invoke(Method.java:498)
org.codehaus.plexus.classworlds.launcher.Launcher.launchEnhanced(Launcher.java:289)
org.codehaus.plexus.classworlds.launcher.Launcher.launch(Launcher.java:229)
org.codehaus.plexus.classworlds.launcher.Launcher.mainWithExitCode(Launcher.java:415)
org.codehaus.plexus.classworlds.launcher.Launcher.main(Launcher.java:356)
</stackTrace></methodInfo></itasClass></pageObjectMethod></pageObject></businessWorkFlow><businessWorkFlow failureId="11647" name="checkout_specialityFeature"><pageObject><pageObjectMethod><itasClass><methodInfo><stackTrace>org.openqa.selenium.NoSuchElementException: no such element: Unable to locate element: {"method":"xpath","selector":"//a[text()='Checkout']"}
  (Session info: chrome=68.0.3440.106)
  (Driver info: chromedriver=2.36.540470 (e522d04694c7ebea4ba8821272dbef4f9b818c91),platform=Windows NT 10.0.17134 x86_64) (WARNING: The server did not provide any stacktrace information)
Command duration or timeout: 40.03 seconds
For documentation on this error, please visit: http://seleniumhq.org/exceptions/no_such_element.html
Build info: version: '2.53.1', revision: 'a36b8b1cd5757287168e54b817830adce9b0158d', time: '2016-06-30 19:26:09'
System info: host: 'LP-ManishRai', ip: '172.18.81.152', os.name: 'Windows 10', os.arch: 'amd64', os.version: '10.0', java.version: '1.8.0_162'
Driver info: org.openqa.selenium.chrome.ChromeDriver
Capabilities [{applicationCacheEnabled=false, rotatable=false, mobileEmulationEnabled=false, networkConnectionEnabled=false, chrome={chromedriverVersion=2.36.540470 (e522d04694c7ebea4ba8821272dbef4f9b818c91), userDataDir=C:\Users\manish.rai\AppData\Local\Temp\scoped_dir24128_30173}, takesHeapSnapshot=true, pageLoadStrategy=normal, databaseEnabled=false, handlesAlerts=true, hasTouchScreen=false, version=68.0.3440.106, platform=XP, browserConnectionEnabled=false, nativeEvents=true, acceptSslCerts=false, acceptInsecureCerts=false, locationContextEnabled=true, webStorageEnabled=true, browserName=chrome, takesScreenshot=true, javascriptEnabled=true, cssSelectorsEnabled=true, setWindowRect=true, unexpectedAlertBehaviour=}]
Session ID: 6808344e6d2f05b81f82aa7ccc0446ee
*** Element info: {Using=xpath, value=//a[text()='Checkout']}sun.reflect.GeneratedConstructorAccessor28.newInstance(Unknown Source)
sun.reflect.DelegatingConstructorAccessorImpl.newInstance(DelegatingConstructorAccessorImpl.java:45)
java.lang.reflect.Constructor.newInstance(Constructor.java:423)
org.openqa.selenium.remote.ErrorHandler.createThrowable(ErrorHandler.java:206)
org.openqa.selenium.remote.ErrorHandler.throwIfResponseFailed(ErrorHandler.java:158)
org.openqa.selenium.remote.RemoteWebDriver.execute(RemoteWebDriver.java:678)
org.openqa.selenium.remote.RemoteWebDriver.findElement(RemoteWebDriver.java:363)
org.openqa.selenium.remote.RemoteWebDriver.findElementByXPath(RemoteWebDriver.java:500)
org.openqa.selenium.By$ByXPath.findElement(By.java:361)
org.openqa.selenium.remote.RemoteWebDriver.findElement(RemoteWebDriver.java:355)
com.infogain.uap.framework.webcontrols.webcontrolsLibrary.WebControlObjects$2.apply(WebControlObjects.java:2168)
com.infogain.uap.framework.webcontrols.webcontrolsLibrary.WebControlObjects$2.apply(WebControlObjects.java:1)
org.openqa.selenium.support.ui.FluentWait.until(FluentWait.java:238)
com.infogain.uap.framework.webcontrols.webcontrolsLibrary.WebControlObjects.findElement(WebControlObjects.java:2172)
com.infogain.uap.framework.webcontrols.webcontrolsLibrary.WebControlObjects.getWebelement(WebControlObjects.java:2119)
com.infogain.uap.framework.webcontrols.webcontrolsLibrary.WebControlObjects.getWebElementList(WebControlObjects.java:1000)
com.infogain.uap.framework.webcontrols.webcontrolsLibrary.WebControlObjects.waitUntilElementIsVisible(WebControlObjects.java:1317)
com.fedex.PageObject.Checkout_page.checkout_item(Checkout_page.java:35)
com.fedEx.BusinessObject.FedEx.checkout_specialityFeature(FedEx.java:785)
sun.reflect.NativeMethodAccessorImpl.invoke0(Native Method)
sun.reflect.NativeMethodAccessorImpl.invoke(NativeMethodAccessorImpl.java:62)
sun.reflect.DelegatingMethodAccessorImpl.invoke(DelegatingMethodAccessorImpl.java:43)
java.lang.reflect.Method.invoke(Method.java:498)
org.testng.internal.MethodInvocationHelper.invokeMethod(MethodInvocationHelper.java:86)
org.testng.internal.Invoker.invokeMethod(Invoker.java:643)
org.testng.internal.Invoker.invokeTestMethod(Invoker.java:820)
org.testng.internal.Invoker.invokeTestMethods(Invoker.java:1128)
org.testng.internal.TestMethodWorker.invokeTestMethods(TestMethodWorker.java:129)
org.testng.internal.TestMethodWorker.run(TestMethodWorker.java:112)
org.testng.TestRunner.privateRun(TestRunner.java:782)
org.testng.TestRunner.run(TestRunner.java:632)
org.testng.SuiteRunner.runTest(SuiteRunner.java:366)
org.testng.SuiteRunner.runSequentially(SuiteRunner.java:361)
org.testng.SuiteRunner.privateRun(SuiteRunner.java:319)
org.testng.SuiteRunner.run(SuiteRunner.java:268)
org.testng.SuiteRunnerWorker.runSuite(SuiteRunnerWorker.java:52)
org.testng.SuiteRunnerWorker.run(SuiteRunnerWorker.java:86)
org.testng.TestNG.runSuitesSequentially(TestNG.java:1244)
org.testng.TestNG.runSuitesLocally(TestNG.java:1169)
org.testng.TestNG.run(TestNG.java:1064)
org.apache.maven.surefire.testng.TestNGExecutor.run(TestNGExecutor.java:281)
org.apache.maven.surefire.testng.TestNGXmlTestSuite.execute(TestNGXmlTestSuite.java:75)
org.apache.maven.surefire.testng.TestNGProvider.invoke(TestNGProvider.java:121)
sun.reflect.NativeMethodAccessorImpl.invoke0(Native Method)
sun.reflect.NativeMethodAccessorImpl.invoke(NativeMethodAccessorImpl.java:62)
sun.reflect.DelegatingMethodAccessorImpl.invoke(DelegatingMethodAccessorImpl.java:43)
java.lang.reflect.Method.invoke(Method.java:498)
org.apache.maven.surefire.util.ReflectionUtils.invokeMethodWithArray2(ReflectionUtils.java:202)
org.apache.maven.surefire.booter.ProviderFactory$ProviderProxy.invoke(ProviderFactory.java:155)
org.apache.maven.surefire.booter.ProviderFactory.invokeProvider(ProviderFactory.java:81)
org.apache.maven.plugin.surefire.InPluginVMSurefireStarter.runSuitesInProcess(InPluginVMSurefireStarter.java:82)
org.apache.maven.plugin.surefire.AbstractSurefireMojo.executeProvider(AbstractSurefireMojo.java:1010)
org.apache.maven.plugin.surefire.AbstractSurefireMojo.executeAfterPreconditionsChecked(AbstractSurefireMojo.java:862)
org.apache.maven.plugin.surefire.AbstractSurefireMojo.execute(AbstractSurefireMojo.java:755)
org.apache.maven.plugin.DefaultBuildPluginManager.executeMojo(DefaultBuildPluginManager.java:137)
org.apache.maven.lifecycle.internal.MojoExecutor.execute(MojoExecutor.java:208)
org.apache.maven.lifecycle.internal.MojoExecutor.execute(MojoExecutor.java:154)
org.apache.maven.lifecycle.internal.MojoExecutor.execute(MojoExecutor.java:146)
org.apache.maven.lifecycle.internal.LifecycleModuleBuilder.buildProject(LifecycleModuleBuilder.java:117)
org.apache.maven.lifecycle.internal.LifecycleModuleBuilder.buildProject(LifecycleModuleBuilder.java:81)
org.apache.maven.lifecycle.internal.builder.singlethreaded.SingleThreadedBuilder.build(SingleThreadedBuilder.java:56)
org.apache.maven.lifecycle.internal.LifecycleStarter.execute(LifecycleStarter.java:128)
org.apache.maven.DefaultMaven.doExecute(DefaultMaven.java:305)
org.apache.maven.DefaultMaven.doExecute(DefaultMaven.java:192)
org.apache.maven.DefaultMaven.execute(DefaultMaven.java:105)
org.apache.maven.cli.MavenCli.execute(MavenCli.java:956)
org.apache.maven.cli.MavenCli.doMain(MavenCli.java:290)
org.apache.maven.cli.MavenCli.main(MavenCli.java:194)
sun.reflect.NativeMethodAccessorImpl.invoke0(Native Method)
sun.reflect.NativeMethodAccessorImpl.invoke(NativeMethodAccessorImpl.java:62)
sun.reflect.DelegatingMethodAccessorImpl.invoke(DelegatingMethodAccessorImpl.java:43)
java.lang.reflect.Method.invoke(Method.java:498)
org.codehaus.plexus.classworlds.launcher.Launcher.launchEnhanced(Launcher.java:289)
org.codehaus.plexus.classworlds.launcher.Launcher.launch(Launcher.java:229)
org.codehaus.plexus.classworlds.launcher.Launcher.mainWithExitCode(Launcher.java:415)
org.codehaus.plexus.classworlds.launcher.Launcher.main(Launcher.java:356)
</stackTrace></methodInfo></itasClass></pageObjectMethod></pageObject></businessWorkFlow><businessWorkFlow failureId="46861" name="checkout_specialityFeature"><pageObject><pageObjectMethod><itasClass><methodInfo><stackTrace>org.openqa.selenium.NoSuchElementException: no such element: Unable to locate element: {"method":"xpath","selector":"//a[@id='cartToCheckoutBtn']"}
  (Session info: chrome=68.0.3440.106)
  (Driver info: chromedriver=2.36.540470 (e522d04694c7ebea4ba8821272dbef4f9b818c91),platform=Windows NT 10.0.17134 x86_64) (WARNING: The server did not provide any stacktrace information)
Command duration or timeout: 40.02 seconds
For documentation on this error, please visit: http://seleniumhq.org/exceptions/no_such_element.html
Build info: version: '2.53.1', revision: 'a36b8b1cd5757287168e54b817830adce9b0158d', time: '2016-06-30 19:26:09'
System info: host: 'LP-ManishRai', ip: '172.18.81.152', os.name: 'Windows 10', os.arch: 'amd64', os.version: '10.0', java.version: '1.8.0_162'
Driver info: org.openqa.selenium.chrome.ChromeDriver
Capabilities [{applicationCacheEnabled=false, rotatable=false, mobileEmulationEnabled=false, networkConnectionEnabled=false, chrome={chromedriverVersion=2.36.540470 (e522d04694c7ebea4ba8821272dbef4f9b818c91), userDataDir=C:\Users\manish.rai\AppData\Local\Temp\scoped_dir24128_30173}, takesHeapSnapshot=true, pageLoadStrategy=normal, databaseEnabled=false, handlesAlerts=true, hasTouchScreen=false, version=68.0.3440.106, platform=XP, browserConnectionEnabled=false, nativeEvents=true, acceptSslCerts=false, acceptInsecureCerts=false, locationContextEnabled=true, webStorageEnabled=true, browserName=chrome, takesScreenshot=true, javascriptEnabled=true, cssSelectorsEnabled=true, setWindowRect=true, unexpectedAlertBehaviour=}]
Session ID: 6808344e6d2f05b81f82aa7ccc0446ee
*** Element info: {Using=xpath, value=//a[@id='cartToCheckoutBtn']}sun.reflect.GeneratedConstructorAccessor28.newInstance(Unknown Source)
sun.reflect.DelegatingConstructorAccessorImpl.newInstance(DelegatingConstructorAccessorImpl.java:45)
java.lang.reflect.Constructor.newInstance(Constructor.java:423)
org.openqa.selenium.remote.ErrorHandler.createThrowable(ErrorHandler.java:206)
org.openqa.selenium.remote.ErrorHandler.throwIfResponseFailed(ErrorHandler.java:158)
org.openqa.selenium.remote.RemoteWebDriver.execute(RemoteWebDriver.java:678)
org.openqa.selenium.remote.RemoteWebDriver.findElement(RemoteWebDriver.java:363)
org.openqa.selenium.remote.RemoteWebDriver.findElementByXPath(RemoteWebDriver.java:500)
org.openqa.selenium.By$ByXPath.findElement(By.java:361)
org.openqa.selenium.remote.RemoteWebDriver.findElement(RemoteWebDriver.java:355)
com.infogain.uap.framework.webcontrols.webcontrolsLibrary.WebControlObjects$2.apply(WebControlObjects.java:2168)
com.infogain.uap.framework.webcontrols.webcontrolsLibrary.WebControlObjects$2.apply(WebControlObjects.java:1)
org.openqa.selenium.support.ui.FluentWait.until(FluentWait.java:238)
com.infogain.uap.framework.webcontrols.webcontrolsLibrary.WebControlObjects.findElement(WebControlObjects.java:2172)
com.infogain.uap.framework.webcontrols.webcontrolsLibrary.WebControlObjects.getWebelement(WebControlObjects.java:2100)
com.infogain.uap.framework.webcontrols.webcontrolsLibrary.WebControlObjects.getWebElementList(WebControlObjects.java:952)
com.infogain.uap.framework.webcontrols.webcontrolsLibrary.WebControlObjects.clickUsingJavaScriptExecutors(WebControlObjects.java:2902)
com.fedex.PageObject.Checkout_page.checkout_item(Checkout_page.java:38)
com.fedEx.BusinessObject.FedEx.checkout_specialityFeature(FedEx.java:785)
sun.reflect.NativeMethodAccessorImpl.invoke0(Native Method)
sun.reflect.NativeMethodAccessorImpl.invoke(NativeMethodAccessorImpl.java:62)
sun.reflect.DelegatingMethodAccessorImpl.invoke(DelegatingMethodAccessorImpl.java:43)
java.lang.reflect.Method.invoke(Method.java:498)
org.testng.internal.MethodInvocationHelper.invokeMethod(MethodInvocationHelper.java:86)
org.testng.internal.Invoker.invokeMethod(Invoker.java:643)
org.testng.internal.Invoker.invokeTestMethod(Invoker.java:820)
org.testng.internal.Invoker.invokeTestMethods(Invoker.java:1128)
org.testng.internal.TestMethodWorker.invokeTestMethods(TestMethodWorker.java:129)
org.testng.internal.TestMethodWorker.run(TestMethodWorker.java:112)
org.testng.TestRunner.privateRun(TestRunner.java:782)
org.testng.TestRunner.run(TestRunner.java:632)
org.testng.SuiteRunner.runTest(SuiteRunner.java:366)
org.testng.SuiteRunner.runSequentially(SuiteRunner.java:361)
org.testng.SuiteRunner.privateRun(SuiteRunner.java:319)
org.testng.SuiteRunner.run(SuiteRunner.java:268)
org.testng.SuiteRunnerWorker.runSuite(SuiteRunnerWorker.java:52)
org.testng.SuiteRunnerWorker.run(SuiteRunnerWorker.java:86)
org.testng.TestNG.runSuitesSequentially(TestNG.java:1244)
org.testng.TestNG.runSuitesLocally(TestNG.java:1169)
org.testng.TestNG.run(TestNG.java:1064)
org.apache.maven.surefire.testng.TestNGExecutor.run(TestNGExecutor.java:281)
org.apache.maven.surefire.testng.TestNGXmlTestSuite.execute(TestNGXmlTestSuite.java:75)
org.apache.maven.surefire.testng.TestNGProvider.invoke(TestNGProvider.java:121)
sun.reflect.NativeMethodAccessorImpl.invoke0(Native Method)
sun.reflect.NativeMethodAccessorImpl.invoke(NativeMethodAccessorImpl.java:62)
sun.reflect.DelegatingMethodAccessorImpl.invoke(DelegatingMethodAccessorImpl.java:43)
java.lang.reflect.Method.invoke(Method.java:498)
org.apache.maven.surefire.util.ReflectionUtils.invokeMethodWithArray2(ReflectionUtils.java:202)
org.apache.maven.surefire.booter.ProviderFactory$ProviderProxy.invoke(ProviderFactory.java:155)
org.apache.maven.surefire.booter.ProviderFactory.invokeProvider(ProviderFactory.java:81)
org.apache.maven.plugin.surefire.InPluginVMSurefireStarter.runSuitesInProcess(InPluginVMSurefireStarter.java:82)
org.apache.maven.plugin.surefire.AbstractSurefireMojo.executeProvider(AbstractSurefireMojo.java:1010)
org.apache.maven.plugin.surefire.AbstractSurefireMojo.executeAfterPreconditionsChecked(AbstractSurefireMojo.java:862)
org.apache.maven.plugin.surefire.AbstractSurefireMojo.execute(AbstractSurefireMojo.java:755)
org.apache.maven.plugin.DefaultBuildPluginManager.executeMojo(DefaultBuildPluginManager.java:137)
org.apache.maven.lifecycle.internal.MojoExecutor.execute(MojoExecutor.java:208)
org.apache.maven.lifecycle.internal.MojoExecutor.execute(MojoExecutor.java:154)
org.apache.maven.lifecycle.internal.MojoExecutor.execute(MojoExecutor.java:146)
org.apache.maven.lifecycle.internal.LifecycleModuleBuilder.buildProject(LifecycleModuleBuilder.java:117)
org.apache.maven.lifecycle.internal.LifecycleModuleBuilder.buildProject(LifecycleModuleBuilder.java:81)
org.apache.maven.lifecycle.internal.builder.singlethreaded.SingleThreadedBuilder.build(SingleThreadedBuilder.java:56)
org.apache.maven.lifecycle.internal.LifecycleStarter.execute(LifecycleStarter.java:128)
org.apache.maven.DefaultMaven.doExecute(DefaultMaven.java:305)
org.apache.maven.DefaultMaven.doExecute(DefaultMaven.java:192)
org.apache.maven.DefaultMaven.execute(DefaultMaven.java:105)
org.apache.maven.cli.MavenCli.execute(MavenCli.java:956)
org.apache.maven.cli.MavenCli.doMain(MavenCli.java:290)
org.apache.maven.cli.MavenCli.main(MavenCli.java:194)
sun.reflect.NativeMethodAccessorImpl.invoke0(Native Method)
sun.reflect.NativeMethodAccessorImpl.invoke(NativeMethodAccessorImpl.java:62)
sun.reflect.DelegatingMethodAccessorImpl.invoke(DelegatingMethodAccessorImpl.java:43)
java.lang.reflect.Method.invoke(Method.java:498)
org.codehaus.plexus.classworlds.launcher.Launcher.launchEnhanced(Launcher.java:289)
org.codehaus.plexus.classworlds.launcher.Launcher.launch(Launcher.java:229)
org.codehaus.plexus.classworlds.launcher.Launcher.mainWithExitCode(Launcher.java:415)
org.codehaus.plexus.classworlds.launcher.Launcher.main(Launcher.java:356)
</stackTrace></methodInfo></itasClass></pageObjectMethod></pageObject></businessWorkFlow><businessWorkFlow failureId="53568" name="checkout_specialityFeature"><pageObject><pageObjectMethod><itasClass><methodInfo><stackTrace> </stackTrace></methodInfo></itasClass></pageObjectMethod></pageObject></businessWorkFlow><businessWorkFlow failureId="47016" name="checkout_specialityFeature"><pageObject><pageObjectMethod><itasClass><methodInfo><stackTrace>org.openqa.selenium.NoSuchElementException: no such element: Unable to locate element: {"method":"xpath","selector":"//a[@id='continueAsGuest']"}
  (Session info: chrome=68.0.3440.106)
  (Driver info: chromedriver=2.36.540470 (e522d04694c7ebea4ba8821272dbef4f9b818c91),platform=Windows NT 10.0.17134 x86_64) (WARNING: The server did not provide any stacktrace information)
Command duration or timeout: 40.03 seconds
For documentation on this error, please visit: http://seleniumhq.org/exceptions/no_such_element.html
Build info: version: '2.53.1', revision: 'a36b8b1cd5757287168e54b817830adce9b0158d', time: '2016-06-30 19:26:09'
System info: host: 'LP-ManishRai', ip: '172.18.81.152', os.name: 'Windows 10', os.arch: 'amd64', os.version: '10.0', java.version: '1.8.0_162'
Driver info: org.openqa.selenium.chrome.ChromeDriver
Capabilities [{applicationCacheEnabled=false, rotatable=false, mobileEmulationEnabled=false, networkConnectionEnabled=false, chrome={chromedriverVersion=2.36.540470 (e522d04694c7ebea4ba8821272dbef4f9b818c91), userDataDir=C:\Users\manish.rai\AppData\Local\Temp\scoped_dir24128_30173}, takesHeapSnapshot=true, pageLoadStrategy=normal, databaseEnabled=false, handlesAlerts=true, hasTouchScreen=false, version=68.0.3440.106, platform=XP, browserConnectionEnabled=false, nativeEvents=true, acceptSslCerts=false, acceptInsecureCerts=false, locationContextEnabled=true, webStorageEnabled=true, browserName=chrome, takesScreenshot=true, javascriptEnabled=true, cssSelectorsEnabled=true, setWindowRect=true, unexpectedAlertBehaviour=}]
Session ID: 6808344e6d2f05b81f82aa7ccc0446ee
*** Element info: {Using=xpath, value=//a[@id='continueAsGuest']}sun.reflect.GeneratedConstructorAccessor28.newInstance(Unknown Source)
sun.reflect.DelegatingConstructorAccessorImpl.newInstance(DelegatingConstructorAccessorImpl.java:45)
java.lang.reflect.Constructor.newInstance(Constructor.java:423)
org.openqa.selenium.remote.ErrorHandler.createThrowable(ErrorHandler.java:206)
org.openqa.selenium.remote.ErrorHandler.throwIfResponseFailed(ErrorHandler.java:158)
org.openqa.selenium.remote.RemoteWebDriver.execute(RemoteWebDriver.java:678)
org.openqa.selenium.remote.RemoteWebDriver.findElement(RemoteWebDriver.java:363)
org.openqa.selenium.remote.RemoteWebDriver.findElementByXPath(RemoteWebDriver.java:500)
org.openqa.selenium.By$ByXPath.findElement(By.java:361)
org.openqa.selenium.remote.RemoteWebDriver.findElement(RemoteWebDriver.java:355)
com.infogain.uap.framework.webcontrols.webcontrolsLibrary.WebControlObjects$2.apply(WebControlObjects.java:2168)
com.infogain.uap.framework.webcontrols.webcontrolsLibrary.WebControlObjects$2.apply(WebControlObjects.java:1)
org.openqa.selenium.support.ui.FluentWait.until(FluentWait.java:238)
com.infogain.uap.framework.webcontrols.webcontrolsLibrary.WebControlObjects.findElement(WebControlObjects.java:2172)
com.infogain.uap.framework.webcontrols.webcontrolsLibrary.WebControlObjects.getWebelement(WebControlObjects.java:2100)
com.infogain.uap.framework.webcontrols.webcontrolsLibrary.WebControlObjects.getWebElementList(WebControlObjects.java:952)
com.infogain.uap.framework.webcontrols.webcontrolsLibrary.WebControlObjects.waitUntilElementToBeClickable(WebControlObjects.java:1413)
com.fedex.PageObject.ProceedAsGuest_page.select_asAGuestOption(ProceedAsGuest_page.java:30)
com.fedEx.BusinessObject.FedEx.checkout_specialityFeature(FedEx.java:786)
sun.reflect.NativeMethodAccessorImpl.invoke0(Native Method)
sun.reflect.NativeMethodAccessorImpl.invoke(NativeMethodAccessorImpl.java:62)
sun.reflect.DelegatingMethodAccessorImpl.invoke(DelegatingMethodAccessorImpl.java:43)
java.lang.reflect.Method.invoke(Method.java:498)
org.testng.internal.MethodInvocationHelper.invokeMethod(MethodInvocationHelper.java:86)
org.testng.internal.Invoker.invokeMethod(Invoker.java:643)
org.testng.internal.Invoker.invokeTestMethod(Invoker.java:820)
org.testng.internal.Invoker.invokeTestMethods(Invoker.java:1128)
org.testng.internal.TestMethodWorker.invokeTestMethods(TestMethodWorker.java:129)
org.testng.internal.TestMethodWorker.run(TestMethodWorker.java:112)
org.testng.TestRunner.privateRun(TestRunner.java:782)
org.testng.TestRunner.run(TestRunner.java:632)
org.testng.SuiteRunner.runTest(SuiteRunner.java:366)
org.testng.SuiteRunner.runSequentially(SuiteRunner.java:361)
org.testng.SuiteRunner.privateRun(SuiteRunner.java:319)
org.testng.SuiteRunner.run(SuiteRunner.java:268)
org.testng.SuiteRunnerWorker.runSuite(SuiteRunnerWorker.java:52)
org.testng.SuiteRunnerWorker.run(SuiteRunnerWorker.java:86)
org.testng.TestNG.runSuitesSequentially(TestNG.java:1244)
org.testng.TestNG.runSuitesLocally(TestNG.java:1169)
org.testng.TestNG.run(TestNG.java:1064)
org.apache.maven.surefire.testng.TestNGExecutor.run(TestNGExecutor.java:281)
org.apache.maven.surefire.testng.TestNGXmlTestSuite.execute(TestNGXmlTestSuite.java:75)
org.apache.maven.surefire.testng.TestNGProvider.invoke(TestNGProvider.java:121)
sun.reflect.NativeMethodAccessorImpl.invoke0(Native Method)
sun.reflect.NativeMethodAccessorImpl.invoke(NativeMethodAccessorImpl.java:62)
sun.reflect.DelegatingMethodAccessorImpl.invoke(DelegatingMethodAccessorImpl.java:43)
java.lang.reflect.Method.invoke(Method.java:498)
org.apache.maven.surefire.util.ReflectionUtils.invokeMethodWithArray2(ReflectionUtils.java:202)
org.apache.maven.surefire.booter.ProviderFactory$ProviderProxy.invoke(ProviderFactory.java:155)
org.apache.maven.surefire.booter.ProviderFactory.invokeProvider(ProviderFactory.java:81)
org.apache.maven.plugin.surefire.InPluginVMSurefireStarter.runSuitesInProcess(InPluginVMSurefireStarter.java:82)
org.apache.maven.plugin.surefire.AbstractSurefireMojo.executeProvider(AbstractSurefireMojo.java:1010)
org.apache.maven.plugin.surefire.AbstractSurefireMojo.executeAfterPreconditionsChecked(AbstractSurefireMojo.java:862)
org.apache.maven.plugin.surefire.AbstractSurefireMojo.execute(AbstractSurefireMojo.java:755)
org.apache.maven.plugin.DefaultBuildPluginManager.executeMojo(DefaultBuildPluginManager.java:137)
org.apache.maven.lifecycle.internal.MojoExecutor.execute(MojoExecutor.java:208)
org.apache.maven.lifecycle.internal.MojoExecutor.execute(MojoExecutor.java:154)
org.apache.maven.lifecycle.internal.MojoExecutor.execute(MojoExecutor.java:146)
org.apache.maven.lifecycle.internal.LifecycleModuleBuilder.buildProject(LifecycleModuleBuilder.java:117)
org.apache.maven.lifecycle.internal.LifecycleModuleBuilder.buildProject(LifecycleModuleBuilder.java:81)
org.apache.maven.lifecycle.internal.builder.singlethreaded.SingleThreadedBuilder.build(SingleThreadedBuilder.java:56)
org.apache.maven.lifecycle.internal.LifecycleStarter.execute(LifecycleStarter.java:128)
org.apache.maven.DefaultMaven.doExecute(DefaultMaven.java:305)
org.apache.maven.DefaultMaven.doExecute(DefaultMaven.java:192)
org.apache.maven.DefaultMaven.execute(DefaultMaven.java:105)
org.apache.maven.cli.MavenCli.execute(MavenCli.java:956)
org.apache.maven.cli.MavenCli.doMain(MavenCli.java:290)
org.apache.maven.cli.MavenCli.main(MavenCli.java:194)
sun.reflect.NativeMethodAccessorImpl.invoke0(Native Method)
sun.reflect.NativeMethodAccessorImpl.invoke(NativeMethodAccessorImpl.java:62)
sun.reflect.DelegatingMethodAccessorImpl.invoke(DelegatingMethodAccessorImpl.java:43)
java.lang.reflect.Method.invoke(Method.java:498)
org.codehaus.plexus.classworlds.launcher.Launcher.launchEnhanced(Launcher.java:289)
org.codehaus.plexus.classworlds.launcher.Launcher.launch(Launcher.java:229)
org.codehaus.plexus.classworlds.launcher.Launcher.mainWithExitCode(Launcher.java:415)
org.codehaus.plexus.classworlds.launcher.Launcher.main(Launcher.java:356)
</stackTrace></methodInfo></itasClass></pageObjectMethod></pageObject></businessWorkFlow><businessWorkFlow failureId="13267" name="checkout_specialityFeature"><pageObject><pageObjectMethod><itasClass><methodInfo><stackTrace>org.openqa.selenium.NoSuchElementException: no such element: Unable to locate element: {"method":"xpath","selector":"//a[@id='continueAsGuest']"}
  (Session info: chrome=68.0.3440.106)
  (Driver info: chromedriver=2.36.540470 (e522d04694c7ebea4ba8821272dbef4f9b818c91),platform=Windows NT 10.0.17134 x86_64) (WARNING: The server did not provide any stacktrace information)
Command duration or timeout: 40.03 seconds
For documentation on this error, please visit: http://seleniumhq.org/exceptions/no_such_element.html
Build info: version: '2.53.1', revision: 'a36b8b1cd5757287168e54b817830adce9b0158d', time: '2016-06-30 19:26:09'
System info: host: 'LP-ManishRai', ip: '172.18.81.152', os.name: 'Windows 10', os.arch: 'amd64', os.version: '10.0', java.version: '1.8.0_162'
Driver info: org.openqa.selenium.chrome.ChromeDriver
Capabilities [{applicationCacheEnabled=false, rotatable=false, mobileEmulationEnabled=false, networkConnectionEnabled=false, chrome={chromedriverVersion=2.36.540470 (e522d04694c7ebea4ba8821272dbef4f9b818c91), userDataDir=C:\Users\manish.rai\AppData\Local\Temp\scoped_dir24128_30173}, takesHeapSnapshot=true, pageLoadStrategy=normal, databaseEnabled=false, handlesAlerts=true, hasTouchScreen=false, version=68.0.3440.106, platform=XP, browserConnectionEnabled=false, nativeEvents=true, acceptSslCerts=false, acceptInsecureCerts=false, locationContextEnabled=true, webStorageEnabled=true, browserName=chrome, takesScreenshot=true, javascriptEnabled=true, cssSelectorsEnabled=true, setWindowRect=true, unexpectedAlertBehaviour=}]
Session ID: 6808344e6d2f05b81f82aa7ccc0446ee
*** Element info: {Using=xpath, value=//a[@id='continueAsGuest']}sun.reflect.GeneratedConstructorAccessor28.newInstance(Unknown Source)
sun.reflect.DelegatingConstructorAccessorImpl.newInstance(DelegatingConstructorAccessorImpl.java:45)
java.lang.reflect.Constructor.newInstance(Constructor.java:423)
org.openqa.selenium.remote.ErrorHandler.createThrowable(ErrorHandler.java:206)
org.openqa.selenium.remote.ErrorHandler.throwIfResponseFailed(ErrorHandler.java:158)
org.openqa.selenium.remote.RemoteWebDriver.execute(RemoteWebDriver.java:678)
org.openqa.selenium.remote.RemoteWebDriver.findElement(RemoteWebDriver.java:363)
org.openqa.selenium.remote.RemoteWebDriver.findElementByXPath(RemoteWebDriver.java:500)
org.openqa.selenium.By$ByXPath.findElement(By.java:361)
org.openqa.selenium.remote.RemoteWebDriver.findElement(RemoteWebDriver.java:355)
com.infogain.uap.framework.webcontrols.webcontrolsLibrary.WebControlObjects$2.apply(WebControlObjects.java:2168)
com.infogain.uap.framework.webcontrols.webcontrolsLibrary.WebControlObjects$2.apply(WebControlObjects.java:1)
org.openqa.selenium.support.ui.FluentWait.until(FluentWait.java:238)
com.infogain.uap.framework.webcontrols.webcontrolsLibrary.WebControlObjects.findElement(WebControlObjects.java:2172)
com.infogain.uap.framework.webcontrols.webcontrolsLibrary.WebControlObjects.getWebelement(WebControlObjects.java:2100)
com.infogain.uap.framework.webcontrols.webcontrolsLibrary.WebControlObjects.getWebElementList(WebControlObjects.java:952)
com.infogain.uap.framework.webcontrols.webcontrolsLibrary.WebControlObjects.clickUsingJavaScriptExecutors(WebControlObjects.java:2902)
com.fedex.PageObject.ProceedAsGuest_page.select_asAGuestOption(ProceedAsGuest_page.java:31)
com.fedEx.BusinessObject.FedEx.checkout_specialityFeature(FedEx.java:786)
sun.reflect.NativeMethodAccessorImpl.invoke0(Native Method)
sun.reflect.NativeMethodAccessorImpl.invoke(NativeMethodAccessorImpl.java:62)
sun.reflect.DelegatingMethodAccessorImpl.invoke(DelegatingMethodAccessorImpl.java:43)
java.lang.reflect.Method.invoke(Method.java:498)
org.testng.internal.MethodInvocationHelper.invokeMethod(MethodInvocationHelper.java:86)
org.testng.internal.Invoker.invokeMethod(Invoker.java:643)
org.testng.internal.Invoker.invokeTestMethod(Invoker.java:820)
org.testng.internal.Invoker.invokeTestMethods(Invoker.java:1128)
org.testng.internal.TestMethodWorker.invokeTestMethods(TestMethodWorker.java:129)
org.testng.internal.TestMethodWorker.run(TestMethodWorker.java:112)
org.testng.TestRunner.privateRun(TestRunner.java:782)
org.testng.TestRunner.run(TestRunner.java:632)
org.testng.SuiteRunner.runTest(SuiteRunner.java:366)
org.testng.SuiteRunner.runSequentially(SuiteRunner.java:361)
org.testng.SuiteRunner.privateRun(SuiteRunner.java:319)
org.testng.SuiteRunner.run(SuiteRunner.java:268)
org.testng.SuiteRunnerWorker.runSuite(SuiteRunnerWorker.java:52)
org.testng.SuiteRunnerWorker.run(SuiteRunnerWorker.java:86)
org.testng.TestNG.runSuitesSequentially(TestNG.java:1244)
org.testng.TestNG.runSuitesLocally(TestNG.java:1169)
org.testng.TestNG.run(TestNG.java:1064)
org.apache.maven.surefire.testng.TestNGExecutor.run(TestNGExecutor.java:281)
org.apache.maven.surefire.testng.TestNGXmlTestSuite.execute(TestNGXmlTestSuite.java:75)
org.apache.maven.surefire.testng.TestNGProvider.invoke(TestNGProvider.java:121)
sun.reflect.NativeMethodAccessorImpl.invoke0(Native Method)
sun.reflect.NativeMethodAccessorImpl.invoke(NativeMethodAccessorImpl.java:62)
sun.reflect.DelegatingMethodAccessorImpl.invoke(DelegatingMethodAccessorImpl.java:43)
java.lang.reflect.Method.invoke(Method.java:498)
org.apache.maven.surefire.util.ReflectionUtils.invokeMethodWithArray2(ReflectionUtils.java:202)
org.apache.maven.surefire.booter.ProviderFactory$ProviderProxy.invoke(ProviderFactory.java:155)
org.apache.maven.surefire.booter.ProviderFactory.invokeProvider(ProviderFactory.java:81)
org.apache.maven.plugin.surefire.InPluginVMSurefireStarter.runSuitesInProcess(InPluginVMSurefireStarter.java:82)
org.apache.maven.plugin.surefire.AbstractSurefireMojo.executeProvider(AbstractSurefireMojo.java:1010)
org.apache.maven.plugin.surefire.AbstractSurefireMojo.executeAfterPreconditionsChecked(AbstractSurefireMojo.java:862)
org.apache.maven.plugin.surefire.AbstractSurefireMojo.execute(AbstractSurefireMojo.java:755)
org.apache.maven.plugin.DefaultBuildPluginManager.executeMojo(DefaultBuildPluginManager.java:137)
org.apache.maven.lifecycle.internal.MojoExecutor.execute(MojoExecutor.java:208)
org.apache.maven.lifecycle.internal.MojoExecutor.execute(MojoExecutor.java:154)
org.apache.maven.lifecycle.internal.MojoExecutor.execute(MojoExecutor.java:146)
org.apache.maven.lifecycle.internal.LifecycleModuleBuilder.buildProject(LifecycleModuleBuilder.java:117)
org.apache.maven.lifecycle.internal.LifecycleModuleBuilder.buildProject(LifecycleModuleBuilder.java:81)
org.apache.maven.lifecycle.internal.builder.singlethreaded.SingleThreadedBuilder.build(SingleThreadedBuilder.java:56)
org.apache.maven.lifecycle.internal.LifecycleStarter.execute(LifecycleStarter.java:128)
org.apache.maven.DefaultMaven.doExecute(DefaultMaven.java:305)
org.apache.maven.DefaultMaven.doExecute(DefaultMaven.java:192)
org.apache.maven.DefaultMaven.execute(DefaultMaven.java:105)
org.apache.maven.cli.MavenCli.execute(MavenCli.java:956)
org.apache.maven.cli.MavenCli.doMain(MavenCli.java:290)
org.apache.maven.cli.MavenCli.main(MavenCli.java:194)
sun.reflect.NativeMethodAccessorImpl.invoke0(Native Method)
sun.reflect.NativeMethodAccessorImpl.invoke(NativeMethodAccessorImpl.java:62)
sun.reflect.DelegatingMethodAccessorImpl.invoke(DelegatingMethodAccessorImpl.java:43)
java.lang.reflect.Method.invoke(Method.java:498)
org.codehaus.plexus.classworlds.launcher.Launcher.launchEnhanced(Launcher.java:289)
org.codehaus.plexus.classworlds.launcher.Launcher.launch(Launcher.java:229)
org.codehaus.plexus.classworlds.launcher.Launcher.mainWithExitCode(Launcher.java:415)
org.codehaus.plexus.classworlds.launcher.Launcher.main(Launcher.java:356)
</stackTrace></methodInfo></itasClass></pageObjectMethod></pageObject></businessWorkFlow><businessWorkFlow failureId="56140" name="checkout_specialityFeature"><pageObject><pageObjectMethod><itasClass><methodInfo><stackTrace> </stackTrace></methodInfo></itasClass></pageObjectMethod></pageObject></businessWorkFlow><businessWorkFlow failureId="46671" name="checkout_specialityFeature"><pageObject><pageObjectMethod><itasClass><methodInfo><stackTrace>org.openqa.selenium.NoSuchElementException: no such element: Unable to locate element: {"method":"xpath","selector":"//input[@id='loc_seacrh_text']"}
  (Session info: chrome=68.0.3440.106)
  (Driver info: chromedriver=2.36.540470 (e522d04694c7ebea4ba8821272dbef4f9b818c91),platform=Windows NT 10.0.17134 x86_64) (WARNING: The server did not provide any stacktrace information)
Command duration or timeout: 40.06 seconds
For documentation on this error, please visit: http://seleniumhq.org/exceptions/no_such_element.html
Build info: version: '2.53.1', revision: 'a36b8b1cd5757287168e54b817830adce9b0158d', time: '2016-06-30 19:26:09'
System info: host: 'LP-ManishRai', ip: '172.18.81.152', os.name: 'Windows 10', os.arch: 'amd64', os.version: '10.0', java.version: '1.8.0_162'
Driver info: org.openqa.selenium.chrome.ChromeDriver
Capabilities [{applicationCacheEnabled=false, rotatable=false, mobileEmulationEnabled=false, networkConnectionEnabled=false, chrome={chromedriverVersion=2.36.540470 (e522d04694c7ebea4ba8821272dbef4f9b818c91), userDataDir=C:\Users\manish.rai\AppData\Local\Temp\scoped_dir24128_30173}, takesHeapSnapshot=true, pageLoadStrategy=normal, databaseEnabled=false, handlesAlerts=true, hasTouchScreen=false, version=68.0.3440.106, platform=XP, browserConnectionEnabled=false, nativeEvents=true, acceptSslCerts=false, acceptInsecureCerts=false, locationContextEnabled=true, webStorageEnabled=true, browserName=chrome, takesScreenshot=true, javascriptEnabled=true, cssSelectorsEnabled=true, setWindowRect=true, unexpectedAlertBehaviour=}]
Session ID: 6808344e6d2f05b81f82aa7ccc0446ee
*** Element info: {Using=xpath, value=//input[@id='loc_seacrh_text']}sun.reflect.GeneratedConstructorAccessor28.newInstance(Unknown Source)
sun.reflect.DelegatingConstructorAccessorImpl.newInstance(DelegatingConstructorAccessorImpl.java:45)
java.lang.reflect.Constructor.newInstance(Constructor.java:423)
org.openqa.selenium.remote.ErrorHandler.createThrowable(ErrorHandler.java:206)
org.openqa.selenium.remote.ErrorHandler.throwIfResponseFailed(ErrorHandler.java:158)
org.openqa.selenium.remote.RemoteWebDriver.execute(RemoteWebDriver.java:678)
org.openqa.selenium.remote.RemoteWebDriver.findElement(RemoteWebDriver.java:363)
org.openqa.selenium.remote.RemoteWebDriver.findElementByXPath(RemoteWebDriver.java:500)
org.openqa.selenium.By$ByXPath.findElement(By.java:361)
org.openqa.selenium.remote.RemoteWebDriver.findElement(RemoteWebDriver.java:355)
com.infogain.uap.framework.webcontrols.webcontrolsLibrary.WebControlObjects$2.apply(WebControlObjects.java:2168)
com.infogain.uap.framework.webcontrols.webcontrolsLibrary.WebControlObjects$2.apply(WebControlObjects.java:1)
org.openqa.selenium.support.ui.FluentWait.until(FluentWait.java:238)
com.infogain.uap.framework.webcontrols.webcontrolsLibrary.WebControlObjects.findElement(WebControlObjects.java:2172)
com.infogain.uap.framework.webcontrols.webcontrolsLibrary.WebControlObjects.getWebelement(WebControlObjects.java:2100)
com.infogain.uap.framework.webcontrols.webcontrolsLibrary.WebControlObjects.getWebElementList(WebControlObjects.java:952)
com.infogain.uap.framework.webcontrols.webcontrolsLibrary.WebControlObjects.enterText(WebControlObjects.java:129)
com.fedex.PageObject.PickUpDelivery.pickup(PickUpDelivery.java:45)
com.fedEx.BusinessObject.FedEx.checkout_specialityFeature(FedEx.java:787)
sun.reflect.NativeMethodAccessorImpl.invoke0(Native Method)
sun.reflect.NativeMethodAccessorImpl.invoke(NativeMethodAccessorImpl.java:62)
sun.reflect.DelegatingMethodAccessorImpl.invoke(DelegatingMethodAccessorImpl.java:43)
java.lang.reflect.Method.invoke(Method.java:498)
org.testng.internal.MethodInvocationHelper.invokeMethod(MethodInvocationHelper.java:86)
org.testng.internal.Invoker.invokeMethod(Invoker.java:643)
org.testng.internal.Invoker.invokeTestMethod(Invoker.java:820)
org.testng.internal.Invoker.invokeTestMethods(Invoker.java:1128)
org.testng.internal.TestMethodWorker.invokeTestMethods(TestMethodWorker.java:129)
org.testng.internal.TestMethodWorker.run(TestMethodWorker.java:112)
org.testng.TestRunner.privateRun(TestRunner.java:782)
org.testng.TestRunner.run(TestRunner.java:632)
org.testng.SuiteRunner.runTest(SuiteRunner.java:366)
org.testng.SuiteRunner.runSequentially(SuiteRunner.java:361)
org.testng.SuiteRunner.privateRun(SuiteRunner.java:319)
org.testng.SuiteRunner.run(SuiteRunner.java:268)
org.testng.SuiteRunnerWorker.runSuite(SuiteRunnerWorker.java:52)
org.testng.SuiteRunnerWorker.run(SuiteRunnerWorker.java:86)
org.testng.TestNG.runSuitesSequentially(TestNG.java:1244)
org.testng.TestNG.runSuitesLocally(TestNG.java:1169)
org.testng.TestNG.run(TestNG.java:1064)
org.apache.maven.surefire.testng.TestNGExecutor.run(TestNGExecutor.java:281)
org.apache.maven.surefire.testng.TestNGXmlTestSuite.execute(TestNGXmlTestSuite.java:75)
org.apache.maven.surefire.testng.TestNGProvider.invoke(TestNGProvider.java:121)
sun.reflect.NativeMethodAccessorImpl.invoke0(Native Method)
sun.reflect.NativeMethodAccessorImpl.invoke(NativeMethodAccessorImpl.java:62)
sun.reflect.DelegatingMethodAccessorImpl.invoke(DelegatingMethodAccessorImpl.java:43)
java.lang.reflect.Method.invoke(Method.java:498)
org.apache.maven.surefire.util.ReflectionUtils.invokeMethodWithArray2(ReflectionUtils.java:202)
org.apache.maven.surefire.booter.ProviderFactory$ProviderProxy.invoke(ProviderFactory.java:155)
org.apache.maven.surefire.booter.ProviderFactory.invokeProvider(ProviderFactory.java:81)
org.apache.maven.plugin.surefire.InPluginVMSurefireStarter.runSuitesInProcess(InPluginVMSurefireStarter.java:82)
org.apache.maven.plugin.surefire.AbstractSurefireMojo.executeProvider(AbstractSurefireMojo.java:1010)
org.apache.maven.plugin.surefire.AbstractSurefireMojo.executeAfterPreconditionsChecked(AbstractSurefireMojo.java:862)
org.apache.maven.plugin.surefire.AbstractSurefireMojo.execute(AbstractSurefireMojo.java:755)
org.apache.maven.plugin.DefaultBuildPluginManager.executeMojo(DefaultBuildPluginManager.java:137)
org.apache.maven.lifecycle.internal.MojoExecutor.execute(MojoExecutor.java:208)
org.apache.maven.lifecycle.internal.MojoExecutor.execute(MojoExecutor.java:154)
org.apache.maven.lifecycle.internal.MojoExecutor.execute(MojoExecutor.java:146)
org.apache.maven.lifecycle.internal.LifecycleModuleBuilder.buildProject(LifecycleModuleBuilder.java:117)
org.apache.maven.lifecycle.internal.LifecycleModuleBuilder.buildProject(LifecycleModuleBuilder.java:81)
org.apache.maven.lifecycle.internal.builder.singlethreaded.SingleThreadedBuilder.build(SingleThreadedBuilder.java:56)
org.apache.maven.lifecycle.internal.LifecycleStarter.execute(LifecycleStarter.java:128)
org.apache.maven.DefaultMaven.doExecute(DefaultMaven.java:305)
org.apache.maven.DefaultMaven.doExecute(DefaultMaven.java:192)
org.apache.maven.DefaultMaven.execute(DefaultMaven.java:105)
org.apache.maven.cli.MavenCli.execute(MavenCli.java:956)
org.apache.maven.cli.MavenCli.doMain(MavenCli.java:290)
org.apache.maven.cli.MavenCli.main(MavenCli.java:194)
sun.reflect.NativeMethodAccessorImpl.invoke0(Native Method)
sun.reflect.NativeMethodAccessorImpl.invoke(NativeMethodAccessorImpl.java:62)
sun.reflect.DelegatingMethodAccessorImpl.invoke(DelegatingMethodAccessorImpl.java:43)
java.lang.reflect.Method.invoke(Method.java:498)
org.codehaus.plexus.classworlds.launcher.Launcher.launchEnhanced(Launcher.java:289)
org.codehaus.plexus.classworlds.launcher.Launcher.launch(Launcher.java:229)
org.codehaus.plexus.classworlds.launcher.Launcher.mainWithExitCode(Launcher.java:415)
org.codehaus.plexus.classworlds.launcher.Launcher.main(Launcher.java:356)
</stackTrace></methodInfo></itasClass></pageObjectMethod></pageObject></businessWorkFlow><businessWorkFlow failureId="79868" name="checkout_specialityFeature"><pageObject><pageObjectMethod><itasClass><methodInfo><stackTrace> </stackTrace></methodInfo></itasClass></pageObjectMethod></pageObject></businessWorkFlow><businessWorkFlow failureId="48876" name="checkout_specialityFeature"><pageObject><pageObjectMethod><itasClass><methodInfo><stackTrace>org.openqa.selenium.NoSuchElementException: no such element: Unable to locate element: {"method":"xpath","selector":"//input[@id='loc_seacrh_text']"}
  (Session info: chrome=68.0.3440.106)
  (Driver info: chromedriver=2.36.540470 (e522d04694c7ebea4ba8821272dbef4f9b818c91),platform=Windows NT 10.0.17134 x86_64) (WARNING: The server did not provide any stacktrace information)
Command duration or timeout: 40.05 seconds
For documentation on this error, please visit: http://seleniumhq.org/exceptions/no_such_element.html
Build info: version: '2.53.1', revision: 'a36b8b1cd5757287168e54b817830adce9b0158d', time: '2016-06-30 19:26:09'
System info: host: 'LP-ManishRai', ip: '172.18.81.152', os.name: 'Windows 10', os.arch: 'amd64', os.version: '10.0', java.version: '1.8.0_162'
Driver info: org.openqa.selenium.chrome.ChromeDriver
Capabilities [{applicationCacheEnabled=false, rotatable=false, mobileEmulationEnabled=false, networkConnectionEnabled=false, chrome={chromedriverVersion=2.36.540470 (e522d04694c7ebea4ba8821272dbef4f9b818c91), userDataDir=C:\Users\manish.rai\AppData\Local\Temp\scoped_dir24128_30173}, takesHeapSnapshot=true, pageLoadStrategy=normal, databaseEnabled=false, handlesAlerts=true, hasTouchScreen=false, version=68.0.3440.106, platform=XP, browserConnectionEnabled=false, nativeEvents=true, acceptSslCerts=false, acceptInsecureCerts=false, locationContextEnabled=true, webStorageEnabled=true, browserName=chrome, takesScreenshot=true, javascriptEnabled=true, cssSelectorsEnabled=true, setWindowRect=true, unexpectedAlertBehaviour=}]
Session ID: 6808344e6d2f05b81f82aa7ccc0446ee
*** Element info: {Using=xpath, value=//input[@id='loc_seacrh_text']}sun.reflect.GeneratedConstructorAccessor28.newInstance(Unknown Source)
sun.reflect.DelegatingConstructorAccessorImpl.newInstance(DelegatingConstructorAccessorImpl.java:45)
java.lang.reflect.Constructor.newInstance(Constructor.java:423)
org.openqa.selenium.remote.ErrorHandler.createThrowable(ErrorHandler.java:206)
org.openqa.selenium.remote.ErrorHandler.throwIfResponseFailed(ErrorHandler.java:158)
org.openqa.selenium.remote.RemoteWebDriver.execute(RemoteWebDriver.java:678)
org.openqa.selenium.remote.RemoteWebDriver.findElement(RemoteWebDriver.java:363)
org.openqa.selenium.remote.RemoteWebDriver.findElementByXPath(RemoteWebDriver.java:500)
org.openqa.selenium.By$ByXPath.findElement(By.java:361)
org.openqa.selenium.remote.RemoteWebDriver.findElement(RemoteWebDriver.java:355)
com.infogain.uap.framework.webcontrols.webcontrolsLibrary.WebControlObjects$2.apply(WebControlObjects.java:2168)
com.infogain.uap.framework.webcontrols.webcontrolsLibrary.WebControlObjects$2.apply(WebControlObjects.java:1)
org.openqa.selenium.support.ui.FluentWait.until(FluentWait.java:238)
com.infogain.uap.framework.webcontrols.webcontrolsLibrary.WebControlObjects.findElement(WebControlObjects.java:2172)
com.infogain.uap.framework.webcontrols.webcontrolsLibrary.WebControlObjects.getWebelement(WebControlObjects.java:2100)
com.infogain.uap.framework.webcontrols.webcontrolsLibrary.WebControlObjects.getWebElementList(WebControlObjects.java:952)
com.infogain.uap.framework.webcontrols.webcontrolsLibrary.WebControlObjects.sendKeys(WebControlObjects.java:3006)
com.fedex.PageObject.PickUpDelivery.pickup(PickUpDelivery.java:47)
com.fedEx.BusinessObject.FedEx.checkout_specialityFeature(FedEx.java:787)
sun.reflect.NativeMethodAccessorImpl.invoke0(Native Method)
sun.reflect.NativeMethodAccessorImpl.invoke(NativeMethodAccessorImpl.java:62)
sun.reflect.DelegatingMethodAccessorImpl.invoke(DelegatingMethodAccessorImpl.java:43)
java.lang.reflect.Method.invoke(Method.java:498)
org.testng.internal.MethodInvocationHelper.invokeMethod(MethodInvocationHelper.java:86)
org.testng.internal.Invoker.invokeMethod(Invoker.java:643)
org.testng.internal.Invoker.invokeTestMethod(Invoker.java:820)
org.testng.internal.Invoker.invokeTestMethods(Invoker.java:1128)
org.testng.internal.TestMethodWorker.invokeTestMethods(TestMethodWorker.java:129)
org.testng.internal.TestMethodWorker.run(TestMethodWorker.java:112)
org.testng.TestRunner.privateRun(TestRunner.java:782)
org.testng.TestRunner.run(TestRunner.java:632)
org.testng.SuiteRunner.runTest(SuiteRunner.java:366)
org.testng.SuiteRunner.runSequentially(SuiteRunner.java:361)
org.testng.SuiteRunner.privateRun(SuiteRunner.java:319)
org.testng.SuiteRunner.run(SuiteRunner.java:268)
org.testng.SuiteRunnerWorker.runSuite(SuiteRunnerWorker.java:52)
org.testng.SuiteRunnerWorker.run(SuiteRunnerWorker.java:86)
org.testng.TestNG.runSuitesSequentially(TestNG.java:1244)
org.testng.TestNG.runSuitesLocally(TestNG.java:1169)
org.testng.TestNG.run(TestNG.java:1064)
org.apache.maven.surefire.testng.TestNGExecutor.run(TestNGExecutor.java:281)
org.apache.maven.surefire.testng.TestNGXmlTestSuite.execute(TestNGXmlTestSuite.java:75)
org.apache.maven.surefire.testng.TestNGProvider.invoke(TestNGProvider.java:121)
sun.reflect.NativeMethodAccessorImpl.invoke0(Native Method)
sun.reflect.NativeMethodAccessorImpl.invoke(NativeMethodAccessorImpl.java:62)
sun.reflect.DelegatingMethodAccessorImpl.invoke(DelegatingMethodAccessorImpl.java:43)
java.lang.reflect.Method.invoke(Method.java:498)
org.apache.maven.surefire.util.ReflectionUtils.invokeMethodWithArray2(ReflectionUtils.java:202)
org.apache.maven.surefire.booter.ProviderFactory$ProviderProxy.invoke(ProviderFactory.java:155)
org.apache.maven.surefire.booter.ProviderFactory.invokeProvider(ProviderFactory.java:81)
org.apache.maven.plugin.surefire.InPluginVMSurefireStarter.runSuitesInProcess(InPluginVMSurefireStarter.java:82)
org.apache.maven.plugin.surefire.AbstractSurefireMojo.executeProvider(AbstractSurefireMojo.java:1010)
org.apache.maven.plugin.surefire.AbstractSurefireMojo.executeAfterPreconditionsChecked(AbstractSurefireMojo.java:862)
org.apache.maven.plugin.surefire.AbstractSurefireMojo.execute(AbstractSurefireMojo.java:755)
org.apache.maven.plugin.DefaultBuildPluginManager.executeMojo(DefaultBuildPluginManager.java:137)
org.apache.maven.lifecycle.internal.MojoExecutor.execute(MojoExecutor.java:208)
org.apache.maven.lifecycle.internal.MojoExecutor.execute(MojoExecutor.java:154)
org.apache.maven.lifecycle.internal.MojoExecutor.execute(MojoExecutor.java:146)
org.apache.maven.lifecycle.internal.LifecycleModuleBuilder.buildProject(LifecycleModuleBuilder.java:117)
org.apache.maven.lifecycle.internal.LifecycleModuleBuilder.buildProject(LifecycleModuleBuilder.java:81)
org.apache.maven.lifecycle.internal.builder.singlethreaded.SingleThreadedBuilder.build(SingleThreadedBuilder.java:56)
org.apache.maven.lifecycle.internal.LifecycleStarter.execute(LifecycleStarter.java:128)
org.apache.maven.DefaultMaven.doExecute(DefaultMaven.java:305)
org.apache.maven.DefaultMaven.doExecute(DefaultMaven.java:192)
org.apache.maven.DefaultMaven.execute(DefaultMaven.java:105)
org.apache.maven.cli.MavenCli.execute(MavenCli.java:956)
org.apache.maven.cli.MavenCli.doMain(MavenCli.java:290)
org.apache.maven.cli.MavenCli.main(MavenCli.java:194)
sun.reflect.NativeMethodAccessorImpl.invoke0(Native Method)
sun.reflect.NativeMethodAccessorImpl.invoke(NativeMethodAccessorImpl.java:62)
sun.reflect.DelegatingMethodAccessorImpl.invoke(DelegatingMethodAccessorImpl.java:43)
java.lang.reflect.Method.invoke(Method.java:498)
org.codehaus.plexus.classworlds.launcher.Launcher.launchEnhanced(Launcher.java:289)
org.codehaus.plexus.classworlds.launcher.Launcher.launch(Launcher.java:229)
org.codehaus.plexus.classworlds.launcher.Launcher.mainWithExitCode(Launcher.java:415)
org.codehaus.plexus.classworlds.launcher.Launcher.main(Launcher.java:356)
</stackTrace></methodInfo></itasClass></pageObjectMethod></pageObject></businessWorkFlow><businessWorkFlow failureId="87455" name="checkout_specialityFeature"><pageObject><pageObjectMethod><itasClass><methodInfo><stackTrace> </stackTrace></methodInfo></itasClass></pageObjectMethod></pageObject></businessWorkFlow><businessWorkFlow failureId="73955" name="multiplesheet_priceValidation_uploading2files"><pageObject><pageObjectMethod><itasClass><methodInfo><stackTrace> </stackTrace></methodInfo></itasClass></pageObjectMethod></pageObject></businessWorkFlow></exceptionLogs>