<?xml version="1.0" encoding="UTF-8"?><exceptionLogs runId="432238"><businessWorkFlow failureId="21594" name="multisheet_multiplefeature_checkout"><pageObject><pageObjectMethod><itasClass><methodInfo><stackTrace>org.openqa.selenium.NoSuchElementException: no such element: Unable to locate element: {"method":"xpath","selector":"//li[@class='settings-item m-flyout fxo-feature']//span[text()='Binding &amp; Covers']"}
  (Session info: chrome=70.0.3538.67)
  (Driver info: chromedriver=2.36.540470 (e522d04694c7ebea4ba8821272dbef4f9b818c91),platform=Windows NT 10.0.17134 x86_64) (WARNING: The server did not provide any stacktrace information)
Command duration or timeout: 40.07 seconds
For documentation on this error, please visit: http://seleniumhq.org/exceptions/no_such_element.html
Build info: version: '2.53.1', revision: 'a36b8b1cd5757287168e54b817830adce9b0158d', time: '2016-06-30 19:26:09'
System info: host: 'LP-ManishRai', ip: '172.18.83.195', os.name: 'Windows 10', os.arch: 'amd64', os.version: '10.0', java.version: '1.8.0_162'
Driver info: org.openqa.selenium.chrome.ChromeDriver
Capabilities [{applicationCacheEnabled=false, rotatable=false, mobileEmulationEnabled=false, networkConnectionEnabled=false, chrome={chromedriverVersion=2.36.540470 (e522d04694c7ebea4ba8821272dbef4f9b818c91), userDataDir=C:\Users\manish.rai\AppData\Local\Temp\scoped_dir16544_15324}, takesHeapSnapshot=true, pageLoadStrategy=normal, databaseEnabled=false, handlesAlerts=true, hasTouchScreen=false, version=70.0.3538.67, platform=XP, browserConnectionEnabled=false, nativeEvents=true, acceptSslCerts=false, acceptInsecureCerts=false, locationContextEnabled=true, webStorageEnabled=true, browserName=chrome, takesScreenshot=true, javascriptEnabled=true, cssSelectorsEnabled=true, setWindowRect=true, unexpectedAlertBehaviour=}]
Session ID: 5caa5e808b4cdb69166ef02a2f3f72c3
*** Element info: {Using=xpath, value=//li[@class='settings-item m-flyout fxo-feature']//span[text()='Binding &amp; Covers']}sun.reflect.NativeConstructorAccessorImpl.newInstance0(Native Method)
sun.reflect.NativeConstructorAccessorImpl.newInstance(NativeConstructorAccessorImpl.java:62)
sun.reflect.DelegatingConstructorAccessorImpl.newInstance(DelegatingConstructorAccessorImpl.java:45)
java.lang.reflect.Constructor.newInstance(Constructor.java:423)
org.openqa.selenium.remote.ErrorHandler.createThrowable(ErrorHandler.java:206)
org.openqa.selenium.remote.ErrorHandler.throwIfResponseFailed(ErrorHandler.java:158)
org.openqa.selenium.remote.RemoteWebDriver.execute(RemoteWebDriver.java:678)
org.openqa.selenium.remote.RemoteWebDriver.findElement(RemoteWebDriver.java:363)
org.openqa.selenium.remote.RemoteWebDriver.findElementByXPath(RemoteWebDriver.java:500)
org.openqa.selenium.By$ByXPath.findElement(By.java:361)
org.openqa.selenium.remote.RemoteWebDriver.findElement(RemoteWebDriver.java:355)
com.infogain.uap.framework.webcontrols.webcontrolsLibrary.WebControlObjects$2.apply(WebControlObjects.java:2168)
com.infogain.uap.framework.webcontrols.webcontrolsLibrary.WebControlObjects$2.apply(WebControlObjects.java:1)
org.openqa.selenium.support.ui.FluentWait.until(FluentWait.java:238)
com.infogain.uap.framework.webcontrols.webcontrolsLibrary.WebControlObjects.findElement(WebControlObjects.java:2172)
com.infogain.uap.framework.webcontrols.webcontrolsLibrary.WebControlObjects.getWebelement(WebControlObjects.java:2100)
com.infogain.uap.framework.webcontrols.webcontrolsLibrary.WebControlObjects.getWebElementList(WebControlObjects.java:952)
com.infogain.uap.framework.webcontrols.webcontrolsLibrary.WebControlObjects.waitUntilElementToBeClickable(WebControlObjects.java:1413)
com.fedex.PageObject.AddToCart.Select_bindingCover(AddToCart.java:130)
com.fedEx.BusinessObject.FedEx.multisheet_multiplefeature_checkout(FedEx.java:512)
sun.reflect.NativeMethodAccessorImpl.invoke0(Native Method)
sun.reflect.NativeMethodAccessorImpl.invoke(NativeMethodAccessorImpl.java:62)
sun.reflect.DelegatingMethodAccessorImpl.invoke(DelegatingMethodAccessorImpl.java:43)
java.lang.reflect.Method.invoke(Method.java:498)
org.testng.internal.MethodInvocationHelper.invokeMethod(MethodInvocationHelper.java:86)
org.testng.internal.Invoker.invokeMethod(Invoker.java:643)
org.testng.internal.Invoker.invokeTestMethod(Invoker.java:820)
org.testng.internal.Invoker.invokeTestMethods(Invoker.java:1128)
org.testng.internal.TestMethodWorker.invokeTestMethods(TestMethodWorker.java:129)
org.testng.internal.TestMethodWorker.run(TestMethodWorker.java:112)
org.testng.TestRunner.privateRun(TestRunner.java:782)
org.testng.TestRunner.run(TestRunner.java:632)
org.testng.SuiteRunner.runTest(SuiteRunner.java:366)
org.testng.SuiteRunner.access$000(SuiteRunner.java:39)
org.testng.SuiteRunner$SuiteWorker.run(SuiteRunner.java:400)
org.testng.internal.thread.ThreadUtil$2.call(ThreadUtil.java:64)
java.util.concurrent.FutureTask.run(FutureTask.java:266)
java.util.concurrent.ThreadPoolExecutor.runWorker(ThreadPoolExecutor.java:1149)
java.util.concurrent.ThreadPoolExecutor$Worker.run(ThreadPoolExecutor.java:624)
java.lang.Thread.run(Thread.java:748)
</stackTrace></methodInfo></itasClass></pageObjectMethod></pageObject></businessWorkFlow><businessWorkFlow failureId="57197" name="multisheet_multiplefeature_checkout"><pageObject><pageObjectMethod><itasClass><methodInfo><stackTrace>org.openqa.selenium.NoSuchElementException: no such element: Unable to locate element: {"method":"xpath","selector":"//li[@class='settings-item m-flyout fxo-feature ']//span[text()='Paper']"}
  (Session info: chrome=70.0.3538.67)
  (Driver info: chromedriver=2.36.540470 (e522d04694c7ebea4ba8821272dbef4f9b818c91),platform=Windows NT 10.0.17134 x86_64) (WARNING: The server did not provide any stacktrace information)
Command duration or timeout: 40.07 seconds
For documentation on this error, please visit: http://seleniumhq.org/exceptions/no_such_element.html
Build info: version: '2.53.1', revision: 'a36b8b1cd5757287168e54b817830adce9b0158d', time: '2016-06-30 19:26:09'
System info: host: 'LP-ManishRai', ip: '172.18.83.195', os.name: 'Windows 10', os.arch: 'amd64', os.version: '10.0', java.version: '1.8.0_162'
Driver info: org.openqa.selenium.chrome.ChromeDriver
Capabilities [{applicationCacheEnabled=false, rotatable=false, mobileEmulationEnabled=false, networkConnectionEnabled=false, chrome={chromedriverVersion=2.36.540470 (e522d04694c7ebea4ba8821272dbef4f9b818c91), userDataDir=C:\Users\manish.rai\AppData\Local\Temp\scoped_dir16544_15324}, takesHeapSnapshot=true, pageLoadStrategy=normal, databaseEnabled=false, handlesAlerts=true, hasTouchScreen=false, version=70.0.3538.67, platform=XP, browserConnectionEnabled=false, nativeEvents=true, acceptSslCerts=false, acceptInsecureCerts=false, locationContextEnabled=true, webStorageEnabled=true, browserName=chrome, takesScreenshot=true, javascriptEnabled=true, cssSelectorsEnabled=true, setWindowRect=true, unexpectedAlertBehaviour=}]
Session ID: 5caa5e808b4cdb69166ef02a2f3f72c3
*** Element info: {Using=xpath, value=//li[@class='settings-item m-flyout fxo-feature ']//span[text()='Paper']}sun.reflect.NativeConstructorAccessorImpl.newInstance0(Native Method)
sun.reflect.NativeConstructorAccessorImpl.newInstance(NativeConstructorAccessorImpl.java:62)
sun.reflect.DelegatingConstructorAccessorImpl.newInstance(DelegatingConstructorAccessorImpl.java:45)
java.lang.reflect.Constructor.newInstance(Constructor.java:423)
org.openqa.selenium.remote.ErrorHandler.createThrowable(ErrorHandler.java:206)
org.openqa.selenium.remote.ErrorHandler.throwIfResponseFailed(ErrorHandler.java:158)
org.openqa.selenium.remote.RemoteWebDriver.execute(RemoteWebDriver.java:678)
org.openqa.selenium.remote.RemoteWebDriver.findElement(RemoteWebDriver.java:363)
org.openqa.selenium.remote.RemoteWebDriver.findElementByXPath(RemoteWebDriver.java:500)
org.openqa.selenium.By$ByXPath.findElement(By.java:361)
org.openqa.selenium.remote.RemoteWebDriver.findElement(RemoteWebDriver.java:355)
com.infogain.uap.framework.webcontrols.webcontrolsLibrary.WebControlObjects$2.apply(WebControlObjects.java:2168)
com.infogain.uap.framework.webcontrols.webcontrolsLibrary.WebControlObjects$2.apply(WebControlObjects.java:1)
org.openqa.selenium.support.ui.FluentWait.until(FluentWait.java:238)
com.infogain.uap.framework.webcontrols.webcontrolsLibrary.WebControlObjects.findElement(WebControlObjects.java:2172)
com.infogain.uap.framework.webcontrols.webcontrolsLibrary.WebControlObjects.getWebelement(WebControlObjects.java:2100)
com.infogain.uap.framework.webcontrols.webcontrolsLibrary.WebControlObjects.getWebElementList(WebControlObjects.java:952)
com.infogain.uap.framework.webcontrols.webcontrolsLibrary.WebControlObjects.waitUntilElementToBeClickable(WebControlObjects.java:1413)
com.fedex.PageObject.AddToCart.Select_paperColor_ofMultisheet(AddToCart.java:169)
com.fedEx.BusinessObject.FedEx.multisheet_multiplefeature_checkout(FedEx.java:514)
sun.reflect.NativeMethodAccessorImpl.invoke0(Native Method)
sun.reflect.NativeMethodAccessorImpl.invoke(NativeMethodAccessorImpl.java:62)
sun.reflect.DelegatingMethodAccessorImpl.invoke(DelegatingMethodAccessorImpl.java:43)
java.lang.reflect.Method.invoke(Method.java:498)
org.testng.internal.MethodInvocationHelper.invokeMethod(MethodInvocationHelper.java:86)
org.testng.internal.Invoker.invokeMethod(Invoker.java:643)
org.testng.internal.Invoker.invokeTestMethod(Invoker.java:820)
org.testng.internal.Invoker.invokeTestMethods(Invoker.java:1128)
org.testng.internal.TestMethodWorker.invokeTestMethods(TestMethodWorker.java:129)
org.testng.internal.TestMethodWorker.run(TestMethodWorker.java:112)
org.testng.TestRunner.privateRun(TestRunner.java:782)
org.testng.TestRunner.run(TestRunner.java:632)
org.testng.SuiteRunner.runTest(SuiteRunner.java:366)
org.testng.SuiteRunner.access$000(SuiteRunner.java:39)
org.testng.SuiteRunner$SuiteWorker.run(SuiteRunner.java:400)
org.testng.internal.thread.ThreadUtil$2.call(ThreadUtil.java:64)
java.util.concurrent.FutureTask.run(FutureTask.java:266)
java.util.concurrent.ThreadPoolExecutor.runWorker(ThreadPoolExecutor.java:1149)
java.util.concurrent.ThreadPoolExecutor$Worker.run(ThreadPoolExecutor.java:624)
java.lang.Thread.run(Thread.java:748)
</stackTrace></methodInfo></itasClass></pageObjectMethod></pageObject></businessWorkFlow></exceptionLogs>