<?xml version="1.0" encoding="UTF-8"?><exceptionLogs runId="357601"><businessWorkFlow failureId="39587" name="checkout_multiplsheet_multifeature_multiplefile"><pageObject><pageObjectMethod><itasClass><methodInfo><stackTrace>org.openqa.selenium.NoSuchElementException: no such element: Unable to locate element: {"method":"xpath","selector":"//a[text()='Set Print Options'][1]"}
  (Session info: chrome=68.0.3440.106)
  (Driver info: chromedriver=2.36.540470 (e522d04694c7ebea4ba8821272dbef4f9b818c91),platform=Windows NT 10.0.17134 x86_64) (WARNING: The server did not provide any stacktrace information)
Command duration or timeout: 40.05 seconds
For documentation on this error, please visit: http://seleniumhq.org/exceptions/no_such_element.html
Build info: version: '2.53.1', revision: 'a36b8b1cd5757287168e54b817830adce9b0158d', time: '2016-06-30 19:26:09'
System info: host: 'LP-ManishRai', ip: '172.18.81.152', os.name: 'Windows 10', os.arch: 'amd64', os.version: '10.0', java.version: '1.8.0_162'
Driver info: org.openqa.selenium.chrome.ChromeDriver
Capabilities [{applicationCacheEnabled=false, rotatable=false, mobileEmulationEnabled=false, networkConnectionEnabled=false, chrome={chromedriverVersion=2.36.540470 (e522d04694c7ebea4ba8821272dbef4f9b818c91), userDataDir=C:\Users\manish.rai\AppData\Local\Temp\scoped_dir2196_22909}, takesHeapSnapshot=true, pageLoadStrategy=normal, databaseEnabled=false, handlesAlerts=true, hasTouchScreen=false, version=68.0.3440.106, platform=XP, browserConnectionEnabled=false, nativeEvents=true, acceptSslCerts=false, acceptInsecureCerts=false, locationContextEnabled=true, webStorageEnabled=true, browserName=chrome, takesScreenshot=true, javascriptEnabled=true, cssSelectorsEnabled=true, setWindowRect=true, unexpectedAlertBehaviour=}]
Session ID: 795b9d81b29afdf041c1467d683163a8
*** Element info: {Using=xpath, value=//a[text()='Set Print Options'][1]}sun.reflect.NativeConstructorAccessorImpl.newInstance0(Native Method)
sun.reflect.NativeConstructorAccessorImpl.newInstance(NativeConstructorAccessorImpl.java:62)
sun.reflect.DelegatingConstructorAccessorImpl.newInstance(DelegatingConstructorAccessorImpl.java:45)
java.lang.reflect.Constructor.newInstance(Constructor.java:423)
org.openqa.selenium.remote.ErrorHandler.createThrowable(ErrorHandler.java:206)
org.openqa.selenium.remote.ErrorHandler.throwIfResponseFailed(ErrorHandler.java:158)
org.openqa.selenium.remote.RemoteWebDriver.execute(RemoteWebDriver.java:678)
org.openqa.selenium.remote.RemoteWebDriver.findElement(RemoteWebDriver.java:363)
org.openqa.selenium.remote.RemoteWebDriver.findElementByXPath(RemoteWebDriver.java:500)
org.openqa.selenium.By$ByXPath.findElement(By.java:361)
org.openqa.selenium.remote.RemoteWebDriver.findElement(RemoteWebDriver.java:355)
com.infogain.uap.framework.webcontrols.webcontrolsLibrary.WebControlObjects$2.apply(WebControlObjects.java:2168)
com.infogain.uap.framework.webcontrols.webcontrolsLibrary.WebControlObjects$2.apply(WebControlObjects.java:1)
org.openqa.selenium.support.ui.FluentWait.until(FluentWait.java:238)
com.infogain.uap.framework.webcontrols.webcontrolsLibrary.WebControlObjects.findElement(WebControlObjects.java:2172)
com.infogain.uap.framework.webcontrols.webcontrolsLibrary.WebControlObjects.getWebelement(WebControlObjects.java:2100)
com.infogain.uap.framework.webcontrols.webcontrolsLibrary.WebControlObjects.getWebElementList(WebControlObjects.java:952)
com.infogain.uap.framework.webcontrols.webcontrolsLibrary.WebControlObjects.waitUntilElementToBeClickable(WebControlObjects.java:1413)
com.fedex.PageObject.DocumentInProgress_page.select_setprintoption(DocumentInProgress_page.java:26)
com.fedEx.BusinessObject.FedEx.checkout_multiplsheet_multifeature_multiplefile(FedEx.java:701)
sun.reflect.NativeMethodAccessorImpl.invoke0(Native Method)
sun.reflect.NativeMethodAccessorImpl.invoke(NativeMethodAccessorImpl.java:62)
sun.reflect.DelegatingMethodAccessorImpl.invoke(DelegatingMethodAccessorImpl.java:43)
java.lang.reflect.Method.invoke(Method.java:498)
org.testng.internal.MethodInvocationHelper.invokeMethod(MethodInvocationHelper.java:86)
org.testng.internal.Invoker.invokeMethod(Invoker.java:643)
org.testng.internal.Invoker.invokeTestMethod(Invoker.java:820)
org.testng.internal.Invoker.invokeTestMethods(Invoker.java:1128)
org.testng.internal.TestMethodWorker.invokeTestMethods(TestMethodWorker.java:129)
org.testng.internal.TestMethodWorker.run(TestMethodWorker.java:112)
org.testng.TestRunner.privateRun(TestRunner.java:782)
org.testng.TestRunner.run(TestRunner.java:632)
org.testng.SuiteRunner.runTest(SuiteRunner.java:366)
org.testng.SuiteRunner.runSequentially(SuiteRunner.java:361)
org.testng.SuiteRunner.privateRun(SuiteRunner.java:319)
org.testng.SuiteRunner.run(SuiteRunner.java:268)
org.testng.SuiteRunnerWorker.runSuite(SuiteRunnerWorker.java:52)
org.testng.SuiteRunnerWorker.run(SuiteRunnerWorker.java:86)
org.testng.TestNG.runSuitesSequentially(TestNG.java:1244)
org.testng.TestNG.runSuitesLocally(TestNG.java:1169)
org.testng.TestNG.run(TestNG.java:1064)
org.apache.maven.surefire.testng.TestNGExecutor.run(TestNGExecutor.java:281)
org.apache.maven.surefire.testng.TestNGXmlTestSuite.execute(TestNGXmlTestSuite.java:75)
org.apache.maven.surefire.testng.TestNGProvider.invoke(TestNGProvider.java:121)
sun.reflect.NativeMethodAccessorImpl.invoke0(Native Method)
sun.reflect.NativeMethodAccessorImpl.invoke(NativeMethodAccessorImpl.java:62)
sun.reflect.DelegatingMethodAccessorImpl.invoke(DelegatingMethodAccessorImpl.java:43)
java.lang.reflect.Method.invoke(Method.java:498)
org.apache.maven.surefire.util.ReflectionUtils.invokeMethodWithArray2(ReflectionUtils.java:202)
org.apache.maven.surefire.booter.ProviderFactory$ProviderProxy.invoke(ProviderFactory.java:155)
org.apache.maven.surefire.booter.ProviderFactory.invokeProvider(ProviderFactory.java:81)
org.apache.maven.plugin.surefire.InPluginVMSurefireStarter.runSuitesInProcess(InPluginVMSurefireStarter.java:82)
org.apache.maven.plugin.surefire.AbstractSurefireMojo.executeProvider(AbstractSurefireMojo.java:1010)
org.apache.maven.plugin.surefire.AbstractSurefireMojo.executeAfterPreconditionsChecked(AbstractSurefireMojo.java:862)
org.apache.maven.plugin.surefire.AbstractSurefireMojo.execute(AbstractSurefireMojo.java:755)
org.apache.maven.plugin.DefaultBuildPluginManager.executeMojo(DefaultBuildPluginManager.java:137)
org.apache.maven.lifecycle.internal.MojoExecutor.execute(MojoExecutor.java:208)
org.apache.maven.lifecycle.internal.MojoExecutor.execute(MojoExecutor.java:154)
org.apache.maven.lifecycle.internal.MojoExecutor.execute(MojoExecutor.java:146)
org.apache.maven.lifecycle.internal.LifecycleModuleBuilder.buildProject(LifecycleModuleBuilder.java:117)
org.apache.maven.lifecycle.internal.LifecycleModuleBuilder.buildProject(LifecycleModuleBuilder.java:81)
org.apache.maven.lifecycle.internal.builder.singlethreaded.SingleThreadedBuilder.build(SingleThreadedBuilder.java:56)
org.apache.maven.lifecycle.internal.LifecycleStarter.execute(LifecycleStarter.java:128)
org.apache.maven.DefaultMaven.doExecute(DefaultMaven.java:305)
org.apache.maven.DefaultMaven.doExecute(DefaultMaven.java:192)
org.apache.maven.DefaultMaven.execute(DefaultMaven.java:105)
org.apache.maven.cli.MavenCli.execute(MavenCli.java:956)
org.apache.maven.cli.MavenCli.doMain(MavenCli.java:290)
org.apache.maven.cli.MavenCli.main(MavenCli.java:194)
sun.reflect.NativeMethodAccessorImpl.invoke0(Native Method)
sun.reflect.NativeMethodAccessorImpl.invoke(NativeMethodAccessorImpl.java:62)
sun.reflect.DelegatingMethodAccessorImpl.invoke(DelegatingMethodAccessorImpl.java:43)
java.lang.reflect.Method.invoke(Method.java:498)
org.codehaus.plexus.classworlds.launcher.Launcher.launchEnhanced(Launcher.java:289)
org.codehaus.plexus.classworlds.launcher.Launcher.launch(Launcher.java:229)
org.codehaus.plexus.classworlds.launcher.Launcher.mainWithExitCode(Launcher.java:415)
org.codehaus.plexus.classworlds.launcher.Launcher.main(Launcher.java:356)
</stackTrace></methodInfo></itasClass></pageObjectMethod></pageObject></businessWorkFlow><businessWorkFlow failureId="35818" name="checkout_multiplsheet_multifeature_multiplefile"><pageObject><pageObjectMethod><itasClass><methodInfo><stackTrace>org.openqa.selenium.NoSuchElementException: no such element: Unable to locate element: {"method":"xpath","selector":"//a[text()='Set Print Options'][1]"}
  (Session info: chrome=68.0.3440.106)
  (Driver info: chromedriver=2.36.540470 (e522d04694c7ebea4ba8821272dbef4f9b818c91),platform=Windows NT 10.0.17134 x86_64) (WARNING: The server did not provide any stacktrace information)
Command duration or timeout: 40.01 seconds
For documentation on this error, please visit: http://seleniumhq.org/exceptions/no_such_element.html
Build info: version: '2.53.1', revision: 'a36b8b1cd5757287168e54b817830adce9b0158d', time: '2016-06-30 19:26:09'
System info: host: 'LP-ManishRai', ip: '172.18.81.152', os.name: 'Windows 10', os.arch: 'amd64', os.version: '10.0', java.version: '1.8.0_162'
Driver info: org.openqa.selenium.chrome.ChromeDriver
Capabilities [{applicationCacheEnabled=false, rotatable=false, mobileEmulationEnabled=false, networkConnectionEnabled=false, chrome={chromedriverVersion=2.36.540470 (e522d04694c7ebea4ba8821272dbef4f9b818c91), userDataDir=C:\Users\manish.rai\AppData\Local\Temp\scoped_dir2196_22909}, takesHeapSnapshot=true, pageLoadStrategy=normal, databaseEnabled=false, handlesAlerts=true, hasTouchScreen=false, version=68.0.3440.106, platform=XP, browserConnectionEnabled=false, nativeEvents=true, acceptSslCerts=false, acceptInsecureCerts=false, locationContextEnabled=true, webStorageEnabled=true, browserName=chrome, takesScreenshot=true, javascriptEnabled=true, cssSelectorsEnabled=true, setWindowRect=true, unexpectedAlertBehaviour=}]
Session ID: 795b9d81b29afdf041c1467d683163a8
*** Element info: {Using=xpath, value=//a[text()='Set Print Options'][1]}sun.reflect.NativeConstructorAccessorImpl.newInstance0(Native Method)
sun.reflect.NativeConstructorAccessorImpl.newInstance(NativeConstructorAccessorImpl.java:62)
sun.reflect.DelegatingConstructorAccessorImpl.newInstance(DelegatingConstructorAccessorImpl.java:45)
java.lang.reflect.Constructor.newInstance(Constructor.java:423)
org.openqa.selenium.remote.ErrorHandler.createThrowable(ErrorHandler.java:206)
org.openqa.selenium.remote.ErrorHandler.throwIfResponseFailed(ErrorHandler.java:158)
org.openqa.selenium.remote.RemoteWebDriver.execute(RemoteWebDriver.java:678)
org.openqa.selenium.remote.RemoteWebDriver.findElement(RemoteWebDriver.java:363)
org.openqa.selenium.remote.RemoteWebDriver.findElementByXPath(RemoteWebDriver.java:500)
org.openqa.selenium.By$ByXPath.findElement(By.java:361)
org.openqa.selenium.remote.RemoteWebDriver.findElement(RemoteWebDriver.java:355)
com.infogain.uap.framework.webcontrols.webcontrolsLibrary.WebControlObjects$2.apply(WebControlObjects.java:2168)
com.infogain.uap.framework.webcontrols.webcontrolsLibrary.WebControlObjects$2.apply(WebControlObjects.java:1)
org.openqa.selenium.support.ui.FluentWait.until(FluentWait.java:238)
com.infogain.uap.framework.webcontrols.webcontrolsLibrary.WebControlObjects.findElement(WebControlObjects.java:2172)
com.infogain.uap.framework.webcontrols.webcontrolsLibrary.WebControlObjects.getWebelement(WebControlObjects.java:2100)
com.infogain.uap.framework.webcontrols.webcontrolsLibrary.WebControlObjects.getWebElementList(WebControlObjects.java:952)
com.infogain.uap.framework.webcontrols.webcontrolsLibrary.WebControlObjects.click(WebControlObjects.java:327)
com.fedex.PageObject.DocumentInProgress_page.select_setprintoption(DocumentInProgress_page.java:27)
com.fedEx.BusinessObject.FedEx.checkout_multiplsheet_multifeature_multiplefile(FedEx.java:701)
sun.reflect.NativeMethodAccessorImpl.invoke0(Native Method)
sun.reflect.NativeMethodAccessorImpl.invoke(NativeMethodAccessorImpl.java:62)
sun.reflect.DelegatingMethodAccessorImpl.invoke(DelegatingMethodAccessorImpl.java:43)
java.lang.reflect.Method.invoke(Method.java:498)
org.testng.internal.MethodInvocationHelper.invokeMethod(MethodInvocationHelper.java:86)
org.testng.internal.Invoker.invokeMethod(Invoker.java:643)
org.testng.internal.Invoker.invokeTestMethod(Invoker.java:820)
org.testng.internal.Invoker.invokeTestMethods(Invoker.java:1128)
org.testng.internal.TestMethodWorker.invokeTestMethods(TestMethodWorker.java:129)
org.testng.internal.TestMethodWorker.run(TestMethodWorker.java:112)
org.testng.TestRunner.privateRun(TestRunner.java:782)
org.testng.TestRunner.run(TestRunner.java:632)
org.testng.SuiteRunner.runTest(SuiteRunner.java:366)
org.testng.SuiteRunner.runSequentially(SuiteRunner.java:361)
org.testng.SuiteRunner.privateRun(SuiteRunner.java:319)
org.testng.SuiteRunner.run(SuiteRunner.java:268)
org.testng.SuiteRunnerWorker.runSuite(SuiteRunnerWorker.java:52)
org.testng.SuiteRunnerWorker.run(SuiteRunnerWorker.java:86)
org.testng.TestNG.runSuitesSequentially(TestNG.java:1244)
org.testng.TestNG.runSuitesLocally(TestNG.java:1169)
org.testng.TestNG.run(TestNG.java:1064)
org.apache.maven.surefire.testng.TestNGExecutor.run(TestNGExecutor.java:281)
org.apache.maven.surefire.testng.TestNGXmlTestSuite.execute(TestNGXmlTestSuite.java:75)
org.apache.maven.surefire.testng.TestNGProvider.invoke(TestNGProvider.java:121)
sun.reflect.NativeMethodAccessorImpl.invoke0(Native Method)
sun.reflect.NativeMethodAccessorImpl.invoke(NativeMethodAccessorImpl.java:62)
sun.reflect.DelegatingMethodAccessorImpl.invoke(DelegatingMethodAccessorImpl.java:43)
java.lang.reflect.Method.invoke(Method.java:498)
org.apache.maven.surefire.util.ReflectionUtils.invokeMethodWithArray2(ReflectionUtils.java:202)
org.apache.maven.surefire.booter.ProviderFactory$ProviderProxy.invoke(ProviderFactory.java:155)
org.apache.maven.surefire.booter.ProviderFactory.invokeProvider(ProviderFactory.java:81)
org.apache.maven.plugin.surefire.InPluginVMSurefireStarter.runSuitesInProcess(InPluginVMSurefireStarter.java:82)
org.apache.maven.plugin.surefire.AbstractSurefireMojo.executeProvider(AbstractSurefireMojo.java:1010)
org.apache.maven.plugin.surefire.AbstractSurefireMojo.executeAfterPreconditionsChecked(AbstractSurefireMojo.java:862)
org.apache.maven.plugin.surefire.AbstractSurefireMojo.execute(AbstractSurefireMojo.java:755)
org.apache.maven.plugin.DefaultBuildPluginManager.executeMojo(DefaultBuildPluginManager.java:137)
org.apache.maven.lifecycle.internal.MojoExecutor.execute(MojoExecutor.java:208)
org.apache.maven.lifecycle.internal.MojoExecutor.execute(MojoExecutor.java:154)
org.apache.maven.lifecycle.internal.MojoExecutor.execute(MojoExecutor.java:146)
org.apache.maven.lifecycle.internal.LifecycleModuleBuilder.buildProject(LifecycleModuleBuilder.java:117)
org.apache.maven.lifecycle.internal.LifecycleModuleBuilder.buildProject(LifecycleModuleBuilder.java:81)
org.apache.maven.lifecycle.internal.builder.singlethreaded.SingleThreadedBuilder.build(SingleThreadedBuilder.java:56)
org.apache.maven.lifecycle.internal.LifecycleStarter.execute(LifecycleStarter.java:128)
org.apache.maven.DefaultMaven.doExecute(DefaultMaven.java:305)
org.apache.maven.DefaultMaven.doExecute(DefaultMaven.java:192)
org.apache.maven.DefaultMaven.execute(DefaultMaven.java:105)
org.apache.maven.cli.MavenCli.execute(MavenCli.java:956)
org.apache.maven.cli.MavenCli.doMain(MavenCli.java:290)
org.apache.maven.cli.MavenCli.main(MavenCli.java:194)
sun.reflect.NativeMethodAccessorImpl.invoke0(Native Method)
sun.reflect.NativeMethodAccessorImpl.invoke(NativeMethodAccessorImpl.java:62)
sun.reflect.DelegatingMethodAccessorImpl.invoke(DelegatingMethodAccessorImpl.java:43)
java.lang.reflect.Method.invoke(Method.java:498)
org.codehaus.plexus.classworlds.launcher.Launcher.launchEnhanced(Launcher.java:289)
org.codehaus.plexus.classworlds.launcher.Launcher.launch(Launcher.java:229)
org.codehaus.plexus.classworlds.launcher.Launcher.mainWithExitCode(Launcher.java:415)
org.codehaus.plexus.classworlds.launcher.Launcher.main(Launcher.java:356)
</stackTrace></methodInfo></itasClass></pageObjectMethod></pageObject></businessWorkFlow><businessWorkFlow failureId="52890" name="checkout_multiplsheet_multifeature_multiplefile"><pageObject><pageObjectMethod><itasClass><methodInfo><stackTrace> </stackTrace></methodInfo></itasClass></pageObjectMethod></pageObject></businessWorkFlow></exceptionLogs>