<?xml version="1.0" encoding="UTF-8"?><exceptionLogs runId="213658"><businessWorkFlow failureId="74209" name="checkout_specialityFeature"><pageObject><pageObjectMethod><itasClass><methodInfo><stackTrace> </stackTrace></methodInfo></itasClass></pageObjectMethod></pageObject></businessWorkFlow><businessWorkFlow failureId="12880" name="checkout_multiplsheet_multifeature_multiplefile"><pageObject><pageObjectMethod><itasClass><methodInfo><stackTrace>org.openqa.selenium.NoSuchElementException: no such element: Unable to locate element: {"method":"xpath","selector":"//a[text()='Set Print Options'][1]"}
  (Session info: chrome=69.0.3497.92)
  (Driver info: chromedriver=2.36.540470 (e522d04694c7ebea4ba8821272dbef4f9b818c91),platform=Windows NT 10.0.17134 x86_64) (WARNING: The server did not provide any stacktrace information)
Command duration or timeout: 40.01 seconds
For documentation on this error, please visit: http://seleniumhq.org/exceptions/no_such_element.html
Build info: version: '2.53.1', revision: 'a36b8b1cd5757287168e54b817830adce9b0158d', time: '2016-06-30 19:26:09'
System info: host: 'LP-ManishRai', ip: '192.168.2.69', os.name: 'Windows 10', os.arch: 'amd64', os.version: '10.0', java.version: '1.8.0_162'
Driver info: org.openqa.selenium.chrome.ChromeDriver
Capabilities [{applicationCacheEnabled=false, rotatable=false, mobileEmulationEnabled=false, networkConnectionEnabled=false, chrome={chromedriverVersion=2.36.540470 (e522d04694c7ebea4ba8821272dbef4f9b818c91), userDataDir=C:\Users\manish.rai\AppData\Local\Temp\scoped_dir4872_27537}, takesHeapSnapshot=true, pageLoadStrategy=normal, databaseEnabled=false, handlesAlerts=true, hasTouchScreen=false, version=69.0.3497.92, platform=XP, browserConnectionEnabled=false, nativeEvents=true, acceptSslCerts=false, acceptInsecureCerts=false, locationContextEnabled=true, webStorageEnabled=true, browserName=chrome, takesScreenshot=true, javascriptEnabled=true, cssSelectorsEnabled=true, setWindowRect=true, unexpectedAlertBehaviour=}]
Session ID: 848d9291a59419dedbb7a457683e59ac
*** Element info: {Using=xpath, value=//a[text()='Set Print Options'][1]}sun.reflect.NativeConstructorAccessorImpl.newInstance0(Native Method)
sun.reflect.NativeConstructorAccessorImpl.newInstance(NativeConstructorAccessorImpl.java:62)
sun.reflect.DelegatingConstructorAccessorImpl.newInstance(DelegatingConstructorAccessorImpl.java:45)
java.lang.reflect.Constructor.newInstance(Constructor.java:423)
org.openqa.selenium.remote.ErrorHandler.createThrowable(ErrorHandler.java:206)
org.openqa.selenium.remote.ErrorHandler.throwIfResponseFailed(ErrorHandler.java:158)
org.openqa.selenium.remote.RemoteWebDriver.execute(RemoteWebDriver.java:678)
org.openqa.selenium.remote.RemoteWebDriver.findElement(RemoteWebDriver.java:363)
org.openqa.selenium.remote.RemoteWebDriver.findElementByXPath(RemoteWebDriver.java:500)
org.openqa.selenium.By$ByXPath.findElement(By.java:361)
org.openqa.selenium.remote.RemoteWebDriver.findElement(RemoteWebDriver.java:355)
com.infogain.uap.framework.webcontrols.webcontrolsLibrary.WebControlObjects$2.apply(WebControlObjects.java:2168)
com.infogain.uap.framework.webcontrols.webcontrolsLibrary.WebControlObjects$2.apply(WebControlObjects.java:1)
org.openqa.selenium.support.ui.FluentWait.until(FluentWait.java:238)
com.infogain.uap.framework.webcontrols.webcontrolsLibrary.WebControlObjects.findElement(WebControlObjects.java:2172)
com.infogain.uap.framework.webcontrols.webcontrolsLibrary.WebControlObjects.getWebelement(WebControlObjects.java:2100)
com.infogain.uap.framework.webcontrols.webcontrolsLibrary.WebControlObjects.getWebElementList(WebControlObjects.java:952)
com.infogain.uap.framework.webcontrols.webcontrolsLibrary.WebControlObjects.waitUntilElementToBeClickable(WebControlObjects.java:1413)
com.fedex.PageObject.DocumentInProgress_page.select_setprintoption(DocumentInProgress_page.java:26)
com.fedEx.BusinessObject.FedEx.checkout_multiplsheet_multifeature_multiplefile(FedEx.java:618)
sun.reflect.NativeMethodAccessorImpl.invoke0(Native Method)
sun.reflect.NativeMethodAccessorImpl.invoke(NativeMethodAccessorImpl.java:62)
sun.reflect.DelegatingMethodAccessorImpl.invoke(DelegatingMethodAccessorImpl.java:43)
java.lang.reflect.Method.invoke(Method.java:498)
org.testng.internal.MethodInvocationHelper.invokeMethod(MethodInvocationHelper.java:86)
org.testng.internal.Invoker.invokeMethod(Invoker.java:643)
org.testng.internal.Invoker.invokeTestMethod(Invoker.java:820)
org.testng.internal.Invoker.invokeTestMethods(Invoker.java:1128)
org.testng.internal.TestMethodWorker.invokeTestMethods(TestMethodWorker.java:129)
org.testng.internal.TestMethodWorker.run(TestMethodWorker.java:112)
org.testng.TestRunner.privateRun(TestRunner.java:782)
org.testng.TestRunner.run(TestRunner.java:632)
org.testng.SuiteRunner.runTest(SuiteRunner.java:366)
org.testng.SuiteRunner.access$000(SuiteRunner.java:39)
org.testng.SuiteRunner$SuiteWorker.run(SuiteRunner.java:400)
org.testng.internal.thread.ThreadUtil$2.call(ThreadUtil.java:64)
java.util.concurrent.FutureTask.run(FutureTask.java:266)
java.util.concurrent.ThreadPoolExecutor.runWorker(ThreadPoolExecutor.java:1149)
java.util.concurrent.ThreadPoolExecutor$Worker.run(ThreadPoolExecutor.java:624)
java.lang.Thread.run(Thread.java:748)
</stackTrace></methodInfo></itasClass></pageObjectMethod></pageObject></businessWorkFlow><businessWorkFlow failureId="57931" name="checkout_multiplsheet_multifeature_multiplefile"><pageObject><pageObjectMethod><itasClass><methodInfo><stackTrace>org.openqa.selenium.NoSuchElementException: no such element: Unable to locate element: {"method":"xpath","selector":"//a[text()='Set Print Options'][1]"}
  (Session info: chrome=69.0.3497.92)
  (Driver info: chromedriver=2.36.540470 (e522d04694c7ebea4ba8821272dbef4f9b818c91),platform=Windows NT 10.0.17134 x86_64) (WARNING: The server did not provide any stacktrace information)
Command duration or timeout: 40.01 seconds
For documentation on this error, please visit: http://seleniumhq.org/exceptions/no_such_element.html
Build info: version: '2.53.1', revision: 'a36b8b1cd5757287168e54b817830adce9b0158d', time: '2016-06-30 19:26:09'
System info: host: 'LP-ManishRai', ip: '192.168.2.69', os.name: 'Windows 10', os.arch: 'amd64', os.version: '10.0', java.version: '1.8.0_162'
Driver info: org.openqa.selenium.chrome.ChromeDriver
Capabilities [{applicationCacheEnabled=false, rotatable=false, mobileEmulationEnabled=false, networkConnectionEnabled=false, chrome={chromedriverVersion=2.36.540470 (e522d04694c7ebea4ba8821272dbef4f9b818c91), userDataDir=C:\Users\manish.rai\AppData\Local\Temp\scoped_dir4872_27537}, takesHeapSnapshot=true, pageLoadStrategy=normal, databaseEnabled=false, handlesAlerts=true, hasTouchScreen=false, version=69.0.3497.92, platform=XP, browserConnectionEnabled=false, nativeEvents=true, acceptSslCerts=false, acceptInsecureCerts=false, locationContextEnabled=true, webStorageEnabled=true, browserName=chrome, takesScreenshot=true, javascriptEnabled=true, cssSelectorsEnabled=true, setWindowRect=true, unexpectedAlertBehaviour=}]
Session ID: 848d9291a59419dedbb7a457683e59ac
*** Element info: {Using=xpath, value=//a[text()='Set Print Options'][1]}sun.reflect.NativeConstructorAccessorImpl.newInstance0(Native Method)
sun.reflect.NativeConstructorAccessorImpl.newInstance(NativeConstructorAccessorImpl.java:62)
sun.reflect.DelegatingConstructorAccessorImpl.newInstance(DelegatingConstructorAccessorImpl.java:45)
java.lang.reflect.Constructor.newInstance(Constructor.java:423)
org.openqa.selenium.remote.ErrorHandler.createThrowable(ErrorHandler.java:206)
org.openqa.selenium.remote.ErrorHandler.throwIfResponseFailed(ErrorHandler.java:158)
org.openqa.selenium.remote.RemoteWebDriver.execute(RemoteWebDriver.java:678)
org.openqa.selenium.remote.RemoteWebDriver.findElement(RemoteWebDriver.java:363)
org.openqa.selenium.remote.RemoteWebDriver.findElementByXPath(RemoteWebDriver.java:500)
org.openqa.selenium.By$ByXPath.findElement(By.java:361)
org.openqa.selenium.remote.RemoteWebDriver.findElement(RemoteWebDriver.java:355)
com.infogain.uap.framework.webcontrols.webcontrolsLibrary.WebControlObjects$2.apply(WebControlObjects.java:2168)
com.infogain.uap.framework.webcontrols.webcontrolsLibrary.WebControlObjects$2.apply(WebControlObjects.java:1)
org.openqa.selenium.support.ui.FluentWait.until(FluentWait.java:238)
com.infogain.uap.framework.webcontrols.webcontrolsLibrary.WebControlObjects.findElement(WebControlObjects.java:2172)
com.infogain.uap.framework.webcontrols.webcontrolsLibrary.WebControlObjects.getWebelement(WebControlObjects.java:2100)
com.infogain.uap.framework.webcontrols.webcontrolsLibrary.WebControlObjects.getWebElementList(WebControlObjects.java:952)
com.infogain.uap.framework.webcontrols.webcontrolsLibrary.WebControlObjects.click(WebControlObjects.java:327)
com.fedex.PageObject.DocumentInProgress_page.select_setprintoption(DocumentInProgress_page.java:27)
com.fedEx.BusinessObject.FedEx.checkout_multiplsheet_multifeature_multiplefile(FedEx.java:618)
sun.reflect.NativeMethodAccessorImpl.invoke0(Native Method)
sun.reflect.NativeMethodAccessorImpl.invoke(NativeMethodAccessorImpl.java:62)
sun.reflect.DelegatingMethodAccessorImpl.invoke(DelegatingMethodAccessorImpl.java:43)
java.lang.reflect.Method.invoke(Method.java:498)
org.testng.internal.MethodInvocationHelper.invokeMethod(MethodInvocationHelper.java:86)
org.testng.internal.Invoker.invokeMethod(Invoker.java:643)
org.testng.internal.Invoker.invokeTestMethod(Invoker.java:820)
org.testng.internal.Invoker.invokeTestMethods(Invoker.java:1128)
org.testng.internal.TestMethodWorker.invokeTestMethods(TestMethodWorker.java:129)
org.testng.internal.TestMethodWorker.run(TestMethodWorker.java:112)
org.testng.TestRunner.privateRun(TestRunner.java:782)
org.testng.TestRunner.run(TestRunner.java:632)
org.testng.SuiteRunner.runTest(SuiteRunner.java:366)
org.testng.SuiteRunner.access$000(SuiteRunner.java:39)
org.testng.SuiteRunner$SuiteWorker.run(SuiteRunner.java:400)
org.testng.internal.thread.ThreadUtil$2.call(ThreadUtil.java:64)
java.util.concurrent.FutureTask.run(FutureTask.java:266)
java.util.concurrent.ThreadPoolExecutor.runWorker(ThreadPoolExecutor.java:1149)
java.util.concurrent.ThreadPoolExecutor$Worker.run(ThreadPoolExecutor.java:624)
java.lang.Thread.run(Thread.java:748)
</stackTrace></methodInfo></itasClass></pageObjectMethod></pageObject></businessWorkFlow><businessWorkFlow failureId="14372" name="checkout_multiplsheet_multifeature_multiplefile"><pageObject><pageObjectMethod><itasClass><methodInfo><stackTrace> </stackTrace></methodInfo></itasClass></pageObjectMethod></pageObject></businessWorkFlow><businessWorkFlow failureId="8567" name="checkout_specialityFeature"><pageObject><pageObjectMethod><itasClass><methodInfo><stackTrace>org.openqa.selenium.NoSuchElementException: Unable to locate element: {"method":"xpath","selector":"//a[text()='Set Print Options'][1]"}
Command duration or timeout: 40.05 seconds
For documentation on this error, please visit: http://seleniumhq.org/exceptions/no_such_element.html
Build info: version: '2.53.1', revision: 'a36b8b1cd5757287168e54b817830adce9b0158d', time: '2016-06-30 19:26:09'
System info: host: 'LP-ManishRai', ip: '192.168.2.69', os.name: 'Windows 10', os.arch: 'amd64', os.version: '10.0', java.version: '1.8.0_162'
Driver info: org.openqa.selenium.firefox.FirefoxDriver
Capabilities [{applicationCacheEnabled=true, rotatable=false, handlesAlerts=true, databaseEnabled=true, version=47.0.2, platform=WINDOWS, nativeEvents=false, acceptSslCerts=true, webStorageEnabled=true, locationContextEnabled=true, browserName=firefox, takesScreenshot=true, javascriptEnabled=true, cssSelectorsEnabled=true}]
Session ID: 1308a02b-fc5d-4960-b0c2-5538dfaaf069
*** Element info: {Using=xpath, value=//a[text()='Set Print Options'][1]}sun.reflect.NativeConstructorAccessorImpl.newInstance0(Native Method)
sun.reflect.NativeConstructorAccessorImpl.newInstance(NativeConstructorAccessorImpl.java:62)
sun.reflect.DelegatingConstructorAccessorImpl.newInstance(DelegatingConstructorAccessorImpl.java:45)
java.lang.reflect.Constructor.newInstance(Constructor.java:423)
org.openqa.selenium.remote.ErrorHandler.createThrowable(ErrorHandler.java:206)
org.openqa.selenium.remote.ErrorHandler.throwIfResponseFailed(ErrorHandler.java:158)
org.openqa.selenium.remote.RemoteWebDriver.execute(RemoteWebDriver.java:678)
org.openqa.selenium.remote.RemoteWebDriver.findElement(RemoteWebDriver.java:363)
org.openqa.selenium.remote.RemoteWebDriver.findElementByXPath(RemoteWebDriver.java:500)
org.openqa.selenium.By$ByXPath.findElement(By.java:361)
org.openqa.selenium.remote.RemoteWebDriver.findElement(RemoteWebDriver.java:355)
com.infogain.uap.framework.webcontrols.webcontrolsLibrary.WebControlObjects$2.apply(WebControlObjects.java:2168)
com.infogain.uap.framework.webcontrols.webcontrolsLibrary.WebControlObjects$2.apply(WebControlObjects.java:1)
org.openqa.selenium.support.ui.FluentWait.until(FluentWait.java:238)
com.infogain.uap.framework.webcontrols.webcontrolsLibrary.WebControlObjects.findElement(WebControlObjects.java:2172)
com.infogain.uap.framework.webcontrols.webcontrolsLibrary.WebControlObjects.getWebelement(WebControlObjects.java:2100)
com.infogain.uap.framework.webcontrols.webcontrolsLibrary.WebControlObjects.getWebElementList(WebControlObjects.java:952)
com.infogain.uap.framework.webcontrols.webcontrolsLibrary.WebControlObjects.waitUntilElementToBeClickable(WebControlObjects.java:1413)
com.fedex.PageObject.DocumentInProgress_page.select_setprintoption(DocumentInProgress_page.java:26)
com.fedEx.BusinessObject.FedEx.checkout_multiplsheet_multifeature_multiplefile(FedEx.java:618)
sun.reflect.NativeMethodAccessorImpl.invoke0(Native Method)
sun.reflect.NativeMethodAccessorImpl.invoke(NativeMethodAccessorImpl.java:62)
sun.reflect.DelegatingMethodAccessorImpl.invoke(DelegatingMethodAccessorImpl.java:43)
java.lang.reflect.Method.invoke(Method.java:498)
org.testng.internal.MethodInvocationHelper.invokeMethod(MethodInvocationHelper.java:86)
org.testng.internal.Invoker.invokeMethod(Invoker.java:643)
org.testng.internal.Invoker.invokeTestMethod(Invoker.java:820)
org.testng.internal.Invoker.invokeTestMethods(Invoker.java:1128)
org.testng.internal.TestMethodWorker.invokeTestMethods(TestMethodWorker.java:129)
org.testng.internal.TestMethodWorker.run(TestMethodWorker.java:112)
org.testng.TestRunner.privateRun(TestRunner.java:782)
org.testng.TestRunner.run(TestRunner.java:632)
org.testng.SuiteRunner.runTest(SuiteRunner.java:366)
org.testng.SuiteRunner.access$000(SuiteRunner.java:39)
org.testng.SuiteRunner$SuiteWorker.run(SuiteRunner.java:400)
org.testng.internal.thread.ThreadUtil$2.call(ThreadUtil.java:64)
java.util.concurrent.FutureTask.run(FutureTask.java:266)
java.util.concurrent.ThreadPoolExecutor.runWorker(ThreadPoolExecutor.java:1149)
java.util.concurrent.ThreadPoolExecutor$Worker.run(ThreadPoolExecutor.java:624)
java.lang.Thread.run(Thread.java:748)
</stackTrace></methodInfo></itasClass></pageObjectMethod></pageObject></businessWorkFlow><businessWorkFlow failureId="82861" name="checkout_specialityFeature"><pageObject><pageObjectMethod><itasClass><methodInfo><stackTrace>org.openqa.selenium.NoSuchElementException: Unable to locate element: {"method":"xpath","selector":"//a[text()='Set Print Options'][1]"}
Command duration or timeout: 40.03 seconds
For documentation on this error, please visit: http://seleniumhq.org/exceptions/no_such_element.html
Build info: version: '2.53.1', revision: 'a36b8b1cd5757287168e54b817830adce9b0158d', time: '2016-06-30 19:26:09'
System info: host: 'LP-ManishRai', ip: '192.168.2.69', os.name: 'Windows 10', os.arch: 'amd64', os.version: '10.0', java.version: '1.8.0_162'
Driver info: org.openqa.selenium.firefox.FirefoxDriver
Capabilities [{applicationCacheEnabled=true, rotatable=false, handlesAlerts=true, databaseEnabled=true, version=47.0.2, platform=WINDOWS, nativeEvents=false, acceptSslCerts=true, webStorageEnabled=true, locationContextEnabled=true, browserName=firefox, takesScreenshot=true, javascriptEnabled=true, cssSelectorsEnabled=true}]
Session ID: 1308a02b-fc5d-4960-b0c2-5538dfaaf069
*** Element info: {Using=xpath, value=//a[text()='Set Print Options'][1]}sun.reflect.NativeConstructorAccessorImpl.newInstance0(Native Method)
sun.reflect.NativeConstructorAccessorImpl.newInstance(NativeConstructorAccessorImpl.java:62)
sun.reflect.DelegatingConstructorAccessorImpl.newInstance(DelegatingConstructorAccessorImpl.java:45)
java.lang.reflect.Constructor.newInstance(Constructor.java:423)
org.openqa.selenium.remote.ErrorHandler.createThrowable(ErrorHandler.java:206)
org.openqa.selenium.remote.ErrorHandler.throwIfResponseFailed(ErrorHandler.java:158)
org.openqa.selenium.remote.RemoteWebDriver.execute(RemoteWebDriver.java:678)
org.openqa.selenium.remote.RemoteWebDriver.findElement(RemoteWebDriver.java:363)
org.openqa.selenium.remote.RemoteWebDriver.findElementByXPath(RemoteWebDriver.java:500)
org.openqa.selenium.By$ByXPath.findElement(By.java:361)
org.openqa.selenium.remote.RemoteWebDriver.findElement(RemoteWebDriver.java:355)
com.infogain.uap.framework.webcontrols.webcontrolsLibrary.WebControlObjects$2.apply(WebControlObjects.java:2168)
com.infogain.uap.framework.webcontrols.webcontrolsLibrary.WebControlObjects$2.apply(WebControlObjects.java:1)
org.openqa.selenium.support.ui.FluentWait.until(FluentWait.java:238)
com.infogain.uap.framework.webcontrols.webcontrolsLibrary.WebControlObjects.findElement(WebControlObjects.java:2172)
com.infogain.uap.framework.webcontrols.webcontrolsLibrary.WebControlObjects.getWebelement(WebControlObjects.java:2100)
com.infogain.uap.framework.webcontrols.webcontrolsLibrary.WebControlObjects.getWebElementList(WebControlObjects.java:952)
com.infogain.uap.framework.webcontrols.webcontrolsLibrary.WebControlObjects.click(WebControlObjects.java:327)
com.fedex.PageObject.DocumentInProgress_page.select_setprintoption(DocumentInProgress_page.java:27)
com.fedEx.BusinessObject.FedEx.checkout_multiplsheet_multifeature_multiplefile(FedEx.java:618)
sun.reflect.NativeMethodAccessorImpl.invoke0(Native Method)
sun.reflect.NativeMethodAccessorImpl.invoke(NativeMethodAccessorImpl.java:62)
sun.reflect.DelegatingMethodAccessorImpl.invoke(DelegatingMethodAccessorImpl.java:43)
java.lang.reflect.Method.invoke(Method.java:498)
org.testng.internal.MethodInvocationHelper.invokeMethod(MethodInvocationHelper.java:86)
org.testng.internal.Invoker.invokeMethod(Invoker.java:643)
org.testng.internal.Invoker.invokeTestMethod(Invoker.java:820)
org.testng.internal.Invoker.invokeTestMethods(Invoker.java:1128)
org.testng.internal.TestMethodWorker.invokeTestMethods(TestMethodWorker.java:129)
org.testng.internal.TestMethodWorker.run(TestMethodWorker.java:112)
org.testng.TestRunner.privateRun(TestRunner.java:782)
org.testng.TestRunner.run(TestRunner.java:632)
org.testng.SuiteRunner.runTest(SuiteRunner.java:366)
org.testng.SuiteRunner.access$000(SuiteRunner.java:39)
org.testng.SuiteRunner$SuiteWorker.run(SuiteRunner.java:400)
org.testng.internal.thread.ThreadUtil$2.call(ThreadUtil.java:64)
java.util.concurrent.FutureTask.run(FutureTask.java:266)
java.util.concurrent.ThreadPoolExecutor.runWorker(ThreadPoolExecutor.java:1149)
java.util.concurrent.ThreadPoolExecutor$Worker.run(ThreadPoolExecutor.java:624)
java.lang.Thread.run(Thread.java:748)
</stackTrace></methodInfo></itasClass></pageObjectMethod></pageObject></businessWorkFlow><businessWorkFlow failureId="82403" name="checkout_specialityFeature"><pageObject><pageObjectMethod><itasClass><methodInfo><stackTrace>org.openqa.selenium.remote.SessionNotFoundException: Session ID is null. Using WebDriver after calling quit()?
Build info: version: '2.53.1', revision: 'a36b8b1cd5757287168e54b817830adce9b0158d', time: '2016-06-30 19:26:09'
System info: host: 'LP-ManishRai', ip: '192.168.2.69', os.name: 'Windows 10', os.arch: 'amd64', os.version: '10.0', java.version: '1.8.0_162'
Driver info: driver.version: unknownorg.openqa.selenium.remote.HttpCommandExecutor.execute(HttpCommandExecutor.java:134)
org.openqa.selenium.remote.service.DriverCommandExecutor.execute(DriverCommandExecutor.java:82)
org.openqa.selenium.remote.RemoteWebDriver.execute(RemoteWebDriver.java:644)
org.openqa.selenium.remote.RemoteWebDriver.execute(RemoteWebDriver.java:701)
org.openqa.selenium.remote.RemoteWebDriver.getScreenshotAs(RemoteWebDriver.java:335)
com.infogain.uap.utilities.ScreenShotHandler.captureScreenShot(ScreenShotHandler.java:20)
com.infogain.uap.logger.Logger.log(Logger.java:342)
com.infogain.uap.framework.webcontrols.webcontrolsLibrary.WebControlObjects.click(WebControlObjects.java:343)
com.fedex.PageObject.DocumentInProgress_page.select_setprintoption(DocumentInProgress_page.java:27)
com.fedEx.BusinessObject.FedEx.checkout_multiplsheet_multifeature_multiplefile(FedEx.java:618)
sun.reflect.NativeMethodAccessorImpl.invoke0(Native Method)
sun.reflect.NativeMethodAccessorImpl.invoke(NativeMethodAccessorImpl.java:62)
sun.reflect.DelegatingMethodAccessorImpl.invoke(DelegatingMethodAccessorImpl.java:43)
java.lang.reflect.Method.invoke(Method.java:498)
org.testng.internal.MethodInvocationHelper.invokeMethod(MethodInvocationHelper.java:86)
org.testng.internal.Invoker.invokeMethod(Invoker.java:643)
org.testng.internal.Invoker.invokeTestMethod(Invoker.java:820)
org.testng.internal.Invoker.invokeTestMethods(Invoker.java:1128)
org.testng.internal.TestMethodWorker.invokeTestMethods(TestMethodWorker.java:129)
org.testng.internal.TestMethodWorker.run(TestMethodWorker.java:112)
org.testng.TestRunner.privateRun(TestRunner.java:782)
org.testng.TestRunner.run(TestRunner.java:632)
org.testng.SuiteRunner.runTest(SuiteRunner.java:366)
org.testng.SuiteRunner.access$000(SuiteRunner.java:39)
org.testng.SuiteRunner$SuiteWorker.run(SuiteRunner.java:400)
org.testng.internal.thread.ThreadUtil$2.call(ThreadUtil.java:64)
java.util.concurrent.FutureTask.run(FutureTask.java:266)
java.util.concurrent.ThreadPoolExecutor.runWorker(ThreadPoolExecutor.java:1149)
java.util.concurrent.ThreadPoolExecutor$Worker.run(ThreadPoolExecutor.java:624)
java.lang.Thread.run(Thread.java:748)
</stackTrace></methodInfo></itasClass></pageObjectMethod></pageObject></businessWorkFlow><businessWorkFlow failureId="83819" name="checkout_specialityFeature"><pageObject><pageObjectMethod><itasClass><methodInfo><stackTrace>org.openqa.selenium.NoSuchElementException: Unable to locate element: {"method":"xpath","selector":"//button[text()='Add to cart']"}
Command duration or timeout: 40.11 seconds
For documentation on this error, please visit: http://seleniumhq.org/exceptions/no_such_element.html
Build info: version: '2.53.1', revision: 'a36b8b1cd5757287168e54b817830adce9b0158d', time: '2016-06-30 19:26:09'
System info: host: 'LP-ManishRai', ip: '192.168.2.69', os.name: 'Windows 10', os.arch: 'amd64', os.version: '10.0', java.version: '1.8.0_162'
Driver info: org.openqa.selenium.firefox.FirefoxDriver
Capabilities [{applicationCacheEnabled=true, rotatable=false, handlesAlerts=true, databaseEnabled=true, version=47.0.2, platform=WINDOWS, nativeEvents=false, acceptSslCerts=true, webStorageEnabled=true, locationContextEnabled=true, browserName=firefox, takesScreenshot=true, javascriptEnabled=true, cssSelectorsEnabled=true}]
Session ID: 1308a02b-fc5d-4960-b0c2-5538dfaaf069
*** Element info: {Using=xpath, value=//button[text()='Add to cart']}sun.reflect.NativeConstructorAccessorImpl.newInstance0(Native Method)
sun.reflect.NativeConstructorAccessorImpl.newInstance(NativeConstructorAccessorImpl.java:62)
sun.reflect.DelegatingConstructorAccessorImpl.newInstance(DelegatingConstructorAccessorImpl.java:45)
java.lang.reflect.Constructor.newInstance(Constructor.java:423)
org.openqa.selenium.remote.ErrorHandler.createThrowable(ErrorHandler.java:206)
org.openqa.selenium.remote.ErrorHandler.throwIfResponseFailed(ErrorHandler.java:158)
org.openqa.selenium.remote.RemoteWebDriver.execute(RemoteWebDriver.java:678)
org.openqa.selenium.remote.RemoteWebDriver.findElement(RemoteWebDriver.java:363)
org.openqa.selenium.remote.RemoteWebDriver.findElementByXPath(RemoteWebDriver.java:500)
org.openqa.selenium.By$ByXPath.findElement(By.java:361)
org.openqa.selenium.remote.RemoteWebDriver.findElement(RemoteWebDriver.java:355)
com.infogain.uap.framework.webcontrols.webcontrolsLibrary.WebControlObjects$2.apply(WebControlObjects.java:2168)
com.infogain.uap.framework.webcontrols.webcontrolsLibrary.WebControlObjects$2.apply(WebControlObjects.java:1)
org.openqa.selenium.support.ui.FluentWait.until(FluentWait.java:238)
com.infogain.uap.framework.webcontrols.webcontrolsLibrary.WebControlObjects.findElement(WebControlObjects.java:2172)
com.infogain.uap.framework.webcontrols.webcontrolsLibrary.WebControlObjects.getWebelement(WebControlObjects.java:2100)
com.infogain.uap.framework.webcontrols.webcontrolsLibrary.WebControlObjects.getWebElementList(WebControlObjects.java:952)
com.infogain.uap.framework.webcontrols.webcontrolsLibrary.WebControlObjects.waitUntilElementToBeClickable(WebControlObjects.java:1413)
com.fedex.PageObject.AddToCart.AddToCart(AddToCart.java:85)
com.fedEx.BusinessObject.FedEx.checkout_multiplsheet_multifeature_multiplefile(FedEx.java:619)
sun.reflect.NativeMethodAccessorImpl.invoke0(Native Method)
sun.reflect.NativeMethodAccessorImpl.invoke(NativeMethodAccessorImpl.java:62)
sun.reflect.DelegatingMethodAccessorImpl.invoke(DelegatingMethodAccessorImpl.java:43)
java.lang.reflect.Method.invoke(Method.java:498)
org.testng.internal.MethodInvocationHelper.invokeMethod(MethodInvocationHelper.java:86)
org.testng.internal.Invoker.invokeMethod(Invoker.java:643)
org.testng.internal.Invoker.invokeTestMethod(Invoker.java:820)
org.testng.internal.Invoker.invokeTestMethods(Invoker.java:1128)
org.testng.internal.TestMethodWorker.invokeTestMethods(TestMethodWorker.java:129)
org.testng.internal.TestMethodWorker.run(TestMethodWorker.java:112)
org.testng.TestRunner.privateRun(TestRunner.java:782)
org.testng.TestRunner.run(TestRunner.java:632)
org.testng.SuiteRunner.runTest(SuiteRunner.java:366)
org.testng.SuiteRunner.access$000(SuiteRunner.java:39)
org.testng.SuiteRunner$SuiteWorker.run(SuiteRunner.java:400)
org.testng.internal.thread.ThreadUtil$2.call(ThreadUtil.java:64)
java.util.concurrent.FutureTask.run(FutureTask.java:266)
java.util.concurrent.ThreadPoolExecutor.runWorker(ThreadPoolExecutor.java:1149)
java.util.concurrent.ThreadPoolExecutor$Worker.run(ThreadPoolExecutor.java:624)
java.lang.Thread.run(Thread.java:748)
</stackTrace></methodInfo></itasClass></pageObjectMethod></pageObject></businessWorkFlow><businessWorkFlow failureId="72111" name="checkout_specialityFeature"><pageObject><pageObjectMethod><itasClass><methodInfo><stackTrace>org.openqa.selenium.NoSuchElementException: Unable to locate element: {"method":"xpath","selector":"//button[text()='Add to cart']"}
Command duration or timeout: 40.05 seconds
For documentation on this error, please visit: http://seleniumhq.org/exceptions/no_such_element.html
Build info: version: '2.53.1', revision: 'a36b8b1cd5757287168e54b817830adce9b0158d', time: '2016-06-30 19:26:09'
System info: host: 'LP-ManishRai', ip: '192.168.2.69', os.name: 'Windows 10', os.arch: 'amd64', os.version: '10.0', java.version: '1.8.0_162'
Driver info: org.openqa.selenium.firefox.FirefoxDriver
Capabilities [{applicationCacheEnabled=true, rotatable=false, handlesAlerts=true, databaseEnabled=true, version=47.0.2, platform=WINDOWS, nativeEvents=false, acceptSslCerts=true, webStorageEnabled=true, locationContextEnabled=true, browserName=firefox, takesScreenshot=true, javascriptEnabled=true, cssSelectorsEnabled=true}]
Session ID: 1308a02b-fc5d-4960-b0c2-5538dfaaf069
*** Element info: {Using=xpath, value=//button[text()='Add to cart']}sun.reflect.NativeConstructorAccessorImpl.newInstance0(Native Method)
sun.reflect.NativeConstructorAccessorImpl.newInstance(NativeConstructorAccessorImpl.java:62)
sun.reflect.DelegatingConstructorAccessorImpl.newInstance(DelegatingConstructorAccessorImpl.java:45)
java.lang.reflect.Constructor.newInstance(Constructor.java:423)
org.openqa.selenium.remote.ErrorHandler.createThrowable(ErrorHandler.java:206)
org.openqa.selenium.remote.ErrorHandler.throwIfResponseFailed(ErrorHandler.java:158)
org.openqa.selenium.remote.RemoteWebDriver.execute(RemoteWebDriver.java:678)
org.openqa.selenium.remote.RemoteWebDriver.findElement(RemoteWebDriver.java:363)
org.openqa.selenium.remote.RemoteWebDriver.findElementByXPath(RemoteWebDriver.java:500)
org.openqa.selenium.By$ByXPath.findElement(By.java:361)
org.openqa.selenium.remote.RemoteWebDriver.findElement(RemoteWebDriver.java:355)
com.infogain.uap.framework.webcontrols.webcontrolsLibrary.WebControlObjects$2.apply(WebControlObjects.java:2168)
com.infogain.uap.framework.webcontrols.webcontrolsLibrary.WebControlObjects$2.apply(WebControlObjects.java:1)
org.openqa.selenium.support.ui.FluentWait.until(FluentWait.java:238)
com.infogain.uap.framework.webcontrols.webcontrolsLibrary.WebControlObjects.findElement(WebControlObjects.java:2172)
com.infogain.uap.framework.webcontrols.webcontrolsLibrary.WebControlObjects.getWebelement(WebControlObjects.java:2100)
com.infogain.uap.framework.webcontrols.webcontrolsLibrary.WebControlObjects.getWebElementList(WebControlObjects.java:952)
com.infogain.uap.framework.webcontrols.webcontrolsLibrary.WebControlObjects.clickUsingJavaScriptExecutors(WebControlObjects.java:2902)
com.fedex.PageObject.AddToCart.AddToCart(AddToCart.java:86)
com.fedEx.BusinessObject.FedEx.checkout_multiplsheet_multifeature_multiplefile(FedEx.java:619)
sun.reflect.NativeMethodAccessorImpl.invoke0(Native Method)
sun.reflect.NativeMethodAccessorImpl.invoke(NativeMethodAccessorImpl.java:62)
sun.reflect.DelegatingMethodAccessorImpl.invoke(DelegatingMethodAccessorImpl.java:43)
java.lang.reflect.Method.invoke(Method.java:498)
org.testng.internal.MethodInvocationHelper.invokeMethod(MethodInvocationHelper.java:86)
org.testng.internal.Invoker.invokeMethod(Invoker.java:643)
org.testng.internal.Invoker.invokeTestMethod(Invoker.java:820)
org.testng.internal.Invoker.invokeTestMethods(Invoker.java:1128)
org.testng.internal.TestMethodWorker.invokeTestMethods(TestMethodWorker.java:129)
org.testng.internal.TestMethodWorker.run(TestMethodWorker.java:112)
org.testng.TestRunner.privateRun(TestRunner.java:782)
org.testng.TestRunner.run(TestRunner.java:632)
org.testng.SuiteRunner.runTest(SuiteRunner.java:366)
org.testng.SuiteRunner.access$000(SuiteRunner.java:39)
org.testng.SuiteRunner$SuiteWorker.run(SuiteRunner.java:400)
org.testng.internal.thread.ThreadUtil$2.call(ThreadUtil.java:64)
java.util.concurrent.FutureTask.run(FutureTask.java:266)
java.util.concurrent.ThreadPoolExecutor.runWorker(ThreadPoolExecutor.java:1149)
java.util.concurrent.ThreadPoolExecutor$Worker.run(ThreadPoolExecutor.java:624)
java.lang.Thread.run(Thread.java:748)
</stackTrace></methodInfo></itasClass></pageObjectMethod></pageObject></businessWorkFlow><businessWorkFlow failureId="68727" name="checkout_specialityFeature"><pageObject><pageObjectMethod><itasClass><methodInfo><stackTrace>org.openqa.selenium.remote.SessionNotFoundException: Session ID is null. Using WebDriver after calling quit()?
Build info: version: '2.53.1', revision: 'a36b8b1cd5757287168e54b817830adce9b0158d', time: '2016-06-30 19:26:09'
System info: host: 'LP-ManishRai', ip: '192.168.2.69', os.name: 'Windows 10', os.arch: 'amd64', os.version: '10.0', java.version: '1.8.0_162'
Driver info: driver.version: unknownorg.openqa.selenium.remote.HttpCommandExecutor.execute(HttpCommandExecutor.java:134)
org.openqa.selenium.remote.service.DriverCommandExecutor.execute(DriverCommandExecutor.java:82)
org.openqa.selenium.remote.RemoteWebDriver.execute(RemoteWebDriver.java:644)
org.openqa.selenium.remote.RemoteWebDriver.execute(RemoteWebDriver.java:701)
org.openqa.selenium.remote.RemoteWebDriver.getScreenshotAs(RemoteWebDriver.java:335)
com.infogain.uap.utilities.ScreenShotHandler.captureScreenShot(ScreenShotHandler.java:20)
com.infogain.uap.logger.Logger.log(Logger.java:342)
com.infogain.uap.framework.webcontrols.webcontrolsLibrary.WebControlObjects.clickUsingJavaScriptExecutors(WebControlObjects.java:2919)
com.fedex.PageObject.AddToCart.AddToCart(AddToCart.java:86)
com.fedEx.BusinessObject.FedEx.checkout_multiplsheet_multifeature_multiplefile(FedEx.java:619)
sun.reflect.NativeMethodAccessorImpl.invoke0(Native Method)
sun.reflect.NativeMethodAccessorImpl.invoke(NativeMethodAccessorImpl.java:62)
sun.reflect.DelegatingMethodAccessorImpl.invoke(DelegatingMethodAccessorImpl.java:43)
java.lang.reflect.Method.invoke(Method.java:498)
org.testng.internal.MethodInvocationHelper.invokeMethod(MethodInvocationHelper.java:86)
org.testng.internal.Invoker.invokeMethod(Invoker.java:643)
org.testng.internal.Invoker.invokeTestMethod(Invoker.java:820)
org.testng.internal.Invoker.invokeTestMethods(Invoker.java:1128)
org.testng.internal.TestMethodWorker.invokeTestMethods(TestMethodWorker.java:129)
org.testng.internal.TestMethodWorker.run(TestMethodWorker.java:112)
org.testng.TestRunner.privateRun(TestRunner.java:782)
org.testng.TestRunner.run(TestRunner.java:632)
org.testng.SuiteRunner.runTest(SuiteRunner.java:366)
org.testng.SuiteRunner.access$000(SuiteRunner.java:39)
org.testng.SuiteRunner$SuiteWorker.run(SuiteRunner.java:400)
org.testng.internal.thread.ThreadUtil$2.call(ThreadUtil.java:64)
java.util.concurrent.FutureTask.run(FutureTask.java:266)
java.util.concurrent.ThreadPoolExecutor.runWorker(ThreadPoolExecutor.java:1149)
java.util.concurrent.ThreadPoolExecutor$Worker.run(ThreadPoolExecutor.java:624)
java.lang.Thread.run(Thread.java:748)
</stackTrace></methodInfo></itasClass></pageObjectMethod></pageObject></businessWorkFlow><businessWorkFlow failureId="65052" name="checkout_specialityFeature"><pageObject><pageObjectMethod><itasClass><methodInfo><stackTrace>org.openqa.selenium.NoSuchElementException: Unable to locate element: {"method":"xpath","selector":"//a[text()='Checkout']"}
Command duration or timeout: 40.10 seconds
For documentation on this error, please visit: http://seleniumhq.org/exceptions/no_such_element.html
Build info: version: '2.53.1', revision: 'a36b8b1cd5757287168e54b817830adce9b0158d', time: '2016-06-30 19:26:09'
System info: host: 'LP-ManishRai', ip: '192.168.2.69', os.name: 'Windows 10', os.arch: 'amd64', os.version: '10.0', java.version: '1.8.0_162'
Driver info: org.openqa.selenium.firefox.FirefoxDriver
Capabilities [{applicationCacheEnabled=true, rotatable=false, handlesAlerts=true, databaseEnabled=true, version=47.0.2, platform=WINDOWS, nativeEvents=false, acceptSslCerts=true, webStorageEnabled=true, locationContextEnabled=true, browserName=firefox, takesScreenshot=true, javascriptEnabled=true, cssSelectorsEnabled=true}]
Session ID: 1308a02b-fc5d-4960-b0c2-5538dfaaf069
*** Element info: {Using=xpath, value=//a[text()='Checkout']}sun.reflect.NativeConstructorAccessorImpl.newInstance0(Native Method)
sun.reflect.NativeConstructorAccessorImpl.newInstance(NativeConstructorAccessorImpl.java:62)
sun.reflect.DelegatingConstructorAccessorImpl.newInstance(DelegatingConstructorAccessorImpl.java:45)
java.lang.reflect.Constructor.newInstance(Constructor.java:423)
org.openqa.selenium.remote.ErrorHandler.createThrowable(ErrorHandler.java:206)
org.openqa.selenium.remote.ErrorHandler.throwIfResponseFailed(ErrorHandler.java:158)
org.openqa.selenium.remote.RemoteWebDriver.execute(RemoteWebDriver.java:678)
org.openqa.selenium.remote.RemoteWebDriver.findElement(RemoteWebDriver.java:363)
org.openqa.selenium.remote.RemoteWebDriver.findElementByXPath(RemoteWebDriver.java:500)
org.openqa.selenium.By$ByXPath.findElement(By.java:361)
org.openqa.selenium.remote.RemoteWebDriver.findElement(RemoteWebDriver.java:355)
com.infogain.uap.framework.webcontrols.webcontrolsLibrary.WebControlObjects$2.apply(WebControlObjects.java:2168)
com.infogain.uap.framework.webcontrols.webcontrolsLibrary.WebControlObjects$2.apply(WebControlObjects.java:1)
org.openqa.selenium.support.ui.FluentWait.until(FluentWait.java:238)
com.infogain.uap.framework.webcontrols.webcontrolsLibrary.WebControlObjects.findElement(WebControlObjects.java:2172)
com.infogain.uap.framework.webcontrols.webcontrolsLibrary.WebControlObjects.getWebelement(WebControlObjects.java:2100)
com.infogain.uap.framework.webcontrols.webcontrolsLibrary.WebControlObjects.getWebElementList(WebControlObjects.java:952)
com.infogain.uap.framework.webcontrols.webcontrolsLibrary.WebControlObjects.waitUntilElementToBeClickable(WebControlObjects.java:1413)
com.fedex.PageObject.Checkout_page.checkout_item(Checkout_page.java:34)
com.fedEx.BusinessObject.FedEx.checkout_multiplsheet_multifeature_multiplefile(FedEx.java:620)
sun.reflect.NativeMethodAccessorImpl.invoke0(Native Method)
sun.reflect.NativeMethodAccessorImpl.invoke(NativeMethodAccessorImpl.java:62)
sun.reflect.DelegatingMethodAccessorImpl.invoke(DelegatingMethodAccessorImpl.java:43)
java.lang.reflect.Method.invoke(Method.java:498)
org.testng.internal.MethodInvocationHelper.invokeMethod(MethodInvocationHelper.java:86)
org.testng.internal.Invoker.invokeMethod(Invoker.java:643)
org.testng.internal.Invoker.invokeTestMethod(Invoker.java:820)
org.testng.internal.Invoker.invokeTestMethods(Invoker.java:1128)
org.testng.internal.TestMethodWorker.invokeTestMethods(TestMethodWorker.java:129)
org.testng.internal.TestMethodWorker.run(TestMethodWorker.java:112)
org.testng.TestRunner.privateRun(TestRunner.java:782)
org.testng.TestRunner.run(TestRunner.java:632)
org.testng.SuiteRunner.runTest(SuiteRunner.java:366)
org.testng.SuiteRunner.access$000(SuiteRunner.java:39)
org.testng.SuiteRunner$SuiteWorker.run(SuiteRunner.java:400)
org.testng.internal.thread.ThreadUtil$2.call(ThreadUtil.java:64)
java.util.concurrent.FutureTask.run(FutureTask.java:266)
java.util.concurrent.ThreadPoolExecutor.runWorker(ThreadPoolExecutor.java:1149)
java.util.concurrent.ThreadPoolExecutor$Worker.run(ThreadPoolExecutor.java:624)
java.lang.Thread.run(Thread.java:748)
</stackTrace></methodInfo></itasClass></pageObjectMethod></pageObject></businessWorkFlow><businessWorkFlow failureId="5933" name="checkout_specialityFeature"><pageObject><pageObjectMethod><itasClass><methodInfo><stackTrace>org.openqa.selenium.NoSuchElementException: Unable to locate element: {"method":"xpath","selector":"//a[text()='Checkout']"}
Command duration or timeout: 40.10 seconds
For documentation on this error, please visit: http://seleniumhq.org/exceptions/no_such_element.html
Build info: version: '2.53.1', revision: 'a36b8b1cd5757287168e54b817830adce9b0158d', time: '2016-06-30 19:26:09'
System info: host: 'LP-ManishRai', ip: '192.168.2.69', os.name: 'Windows 10', os.arch: 'amd64', os.version: '10.0', java.version: '1.8.0_162'
Driver info: org.openqa.selenium.firefox.FirefoxDriver
Capabilities [{applicationCacheEnabled=true, rotatable=false, handlesAlerts=true, databaseEnabled=true, version=47.0.2, platform=WINDOWS, nativeEvents=false, acceptSslCerts=true, webStorageEnabled=true, locationContextEnabled=true, browserName=firefox, takesScreenshot=true, javascriptEnabled=true, cssSelectorsEnabled=true}]
Session ID: 1308a02b-fc5d-4960-b0c2-5538dfaaf069
*** Element info: {Using=xpath, value=//a[text()='Checkout']}sun.reflect.NativeConstructorAccessorImpl.newInstance0(Native Method)
sun.reflect.NativeConstructorAccessorImpl.newInstance(NativeConstructorAccessorImpl.java:62)
sun.reflect.DelegatingConstructorAccessorImpl.newInstance(DelegatingConstructorAccessorImpl.java:45)
java.lang.reflect.Constructor.newInstance(Constructor.java:423)
org.openqa.selenium.remote.ErrorHandler.createThrowable(ErrorHandler.java:206)
org.openqa.selenium.remote.ErrorHandler.throwIfResponseFailed(ErrorHandler.java:158)
org.openqa.selenium.remote.RemoteWebDriver.execute(RemoteWebDriver.java:678)
org.openqa.selenium.remote.RemoteWebDriver.findElement(RemoteWebDriver.java:363)
org.openqa.selenium.remote.RemoteWebDriver.findElementByXPath(RemoteWebDriver.java:500)
org.openqa.selenium.By$ByXPath.findElement(By.java:361)
org.openqa.selenium.remote.RemoteWebDriver.findElement(RemoteWebDriver.java:355)
com.infogain.uap.framework.webcontrols.webcontrolsLibrary.WebControlObjects$2.apply(WebControlObjects.java:2168)
com.infogain.uap.framework.webcontrols.webcontrolsLibrary.WebControlObjects$2.apply(WebControlObjects.java:1)
org.openqa.selenium.support.ui.FluentWait.until(FluentWait.java:238)
com.infogain.uap.framework.webcontrols.webcontrolsLibrary.WebControlObjects.findElement(WebControlObjects.java:2172)
com.infogain.uap.framework.webcontrols.webcontrolsLibrary.WebControlObjects.getWebelement(WebControlObjects.java:2119)
com.infogain.uap.framework.webcontrols.webcontrolsLibrary.WebControlObjects.getWebElementList(WebControlObjects.java:1000)
com.infogain.uap.framework.webcontrols.webcontrolsLibrary.WebControlObjects.waitUntilElementIsVisible(WebControlObjects.java:1317)
com.fedex.PageObject.Checkout_page.checkout_item(Checkout_page.java:35)
com.fedEx.BusinessObject.FedEx.checkout_multiplsheet_multifeature_multiplefile(FedEx.java:620)
sun.reflect.NativeMethodAccessorImpl.invoke0(Native Method)
sun.reflect.NativeMethodAccessorImpl.invoke(NativeMethodAccessorImpl.java:62)
sun.reflect.DelegatingMethodAccessorImpl.invoke(DelegatingMethodAccessorImpl.java:43)
java.lang.reflect.Method.invoke(Method.java:498)
org.testng.internal.MethodInvocationHelper.invokeMethod(MethodInvocationHelper.java:86)
org.testng.internal.Invoker.invokeMethod(Invoker.java:643)
org.testng.internal.Invoker.invokeTestMethod(Invoker.java:820)
org.testng.internal.Invoker.invokeTestMethods(Invoker.java:1128)
org.testng.internal.TestMethodWorker.invokeTestMethods(TestMethodWorker.java:129)
org.testng.internal.TestMethodWorker.run(TestMethodWorker.java:112)
org.testng.TestRunner.privateRun(TestRunner.java:782)
org.testng.TestRunner.run(TestRunner.java:632)
org.testng.SuiteRunner.runTest(SuiteRunner.java:366)
org.testng.SuiteRunner.access$000(SuiteRunner.java:39)
org.testng.SuiteRunner$SuiteWorker.run(SuiteRunner.java:400)
org.testng.internal.thread.ThreadUtil$2.call(ThreadUtil.java:64)
java.util.concurrent.FutureTask.run(FutureTask.java:266)
java.util.concurrent.ThreadPoolExecutor.runWorker(ThreadPoolExecutor.java:1149)
java.util.concurrent.ThreadPoolExecutor$Worker.run(ThreadPoolExecutor.java:624)
java.lang.Thread.run(Thread.java:748)
</stackTrace></methodInfo></itasClass></pageObjectMethod></pageObject></businessWorkFlow><businessWorkFlow failureId="10382" name="checkout_specialityFeature"><pageObject><pageObjectMethod><itasClass><methodInfo><stackTrace>org.openqa.selenium.NoSuchElementException: Unable to locate element: {"method":"xpath","selector":"//a[@id='cartToCheckoutBtn']"}
Command duration or timeout: 40.03 seconds
For documentation on this error, please visit: http://seleniumhq.org/exceptions/no_such_element.html
Build info: version: '2.53.1', revision: 'a36b8b1cd5757287168e54b817830adce9b0158d', time: '2016-06-30 19:26:09'
System info: host: 'LP-ManishRai', ip: '192.168.2.69', os.name: 'Windows 10', os.arch: 'amd64', os.version: '10.0', java.version: '1.8.0_162'
Driver info: org.openqa.selenium.firefox.FirefoxDriver
Capabilities [{applicationCacheEnabled=true, rotatable=false, handlesAlerts=true, databaseEnabled=true, version=47.0.2, platform=WINDOWS, nativeEvents=false, acceptSslCerts=true, webStorageEnabled=true, locationContextEnabled=true, browserName=firefox, takesScreenshot=true, javascriptEnabled=true, cssSelectorsEnabled=true}]
Session ID: 1308a02b-fc5d-4960-b0c2-5538dfaaf069
*** Element info: {Using=xpath, value=//a[@id='cartToCheckoutBtn']}sun.reflect.GeneratedConstructorAccessor29.newInstance(Unknown Source)
sun.reflect.DelegatingConstructorAccessorImpl.newInstance(DelegatingConstructorAccessorImpl.java:45)
java.lang.reflect.Constructor.newInstance(Constructor.java:423)
org.openqa.selenium.remote.ErrorHandler.createThrowable(ErrorHandler.java:206)
org.openqa.selenium.remote.ErrorHandler.throwIfResponseFailed(ErrorHandler.java:158)
org.openqa.selenium.remote.RemoteWebDriver.execute(RemoteWebDriver.java:678)
org.openqa.selenium.remote.RemoteWebDriver.findElement(RemoteWebDriver.java:363)
org.openqa.selenium.remote.RemoteWebDriver.findElementByXPath(RemoteWebDriver.java:500)
org.openqa.selenium.By$ByXPath.findElement(By.java:361)
org.openqa.selenium.remote.RemoteWebDriver.findElement(RemoteWebDriver.java:355)
com.infogain.uap.framework.webcontrols.webcontrolsLibrary.WebControlObjects$2.apply(WebControlObjects.java:2168)
com.infogain.uap.framework.webcontrols.webcontrolsLibrary.WebControlObjects$2.apply(WebControlObjects.java:1)
org.openqa.selenium.support.ui.FluentWait.until(FluentWait.java:238)
com.infogain.uap.framework.webcontrols.webcontrolsLibrary.WebControlObjects.findElement(WebControlObjects.java:2172)
com.infogain.uap.framework.webcontrols.webcontrolsLibrary.WebControlObjects.getWebelement(WebControlObjects.java:2100)
com.infogain.uap.framework.webcontrols.webcontrolsLibrary.WebControlObjects.getWebElementList(WebControlObjects.java:952)
com.infogain.uap.framework.webcontrols.webcontrolsLibrary.WebControlObjects.clickUsingJavaScriptExecutors(WebControlObjects.java:2902)
com.fedex.PageObject.Checkout_page.checkout_item(Checkout_page.java:38)
com.fedEx.BusinessObject.FedEx.checkout_multiplsheet_multifeature_multiplefile(FedEx.java:620)
sun.reflect.NativeMethodAccessorImpl.invoke0(Native Method)
sun.reflect.NativeMethodAccessorImpl.invoke(NativeMethodAccessorImpl.java:62)
sun.reflect.DelegatingMethodAccessorImpl.invoke(DelegatingMethodAccessorImpl.java:43)
java.lang.reflect.Method.invoke(Method.java:498)
org.testng.internal.MethodInvocationHelper.invokeMethod(MethodInvocationHelper.java:86)
org.testng.internal.Invoker.invokeMethod(Invoker.java:643)
org.testng.internal.Invoker.invokeTestMethod(Invoker.java:820)
org.testng.internal.Invoker.invokeTestMethods(Invoker.java:1128)
org.testng.internal.TestMethodWorker.invokeTestMethods(TestMethodWorker.java:129)
org.testng.internal.TestMethodWorker.run(TestMethodWorker.java:112)
org.testng.TestRunner.privateRun(TestRunner.java:782)
org.testng.TestRunner.run(TestRunner.java:632)
org.testng.SuiteRunner.runTest(SuiteRunner.java:366)
org.testng.SuiteRunner.access$000(SuiteRunner.java:39)
org.testng.SuiteRunner$SuiteWorker.run(SuiteRunner.java:400)
org.testng.internal.thread.ThreadUtil$2.call(ThreadUtil.java:64)
java.util.concurrent.FutureTask.run(FutureTask.java:266)
java.util.concurrent.ThreadPoolExecutor.runWorker(ThreadPoolExecutor.java:1149)
java.util.concurrent.ThreadPoolExecutor$Worker.run(ThreadPoolExecutor.java:624)
java.lang.Thread.run(Thread.java:748)
</stackTrace></methodInfo></itasClass></pageObjectMethod></pageObject></businessWorkFlow><businessWorkFlow failureId="33695" name="checkout_specialityFeature"><pageObject><pageObjectMethod><itasClass><methodInfo><stackTrace>org.openqa.selenium.remote.SessionNotFoundException: Session ID is null. Using WebDriver after calling quit()?
Build info: version: '2.53.1', revision: 'a36b8b1cd5757287168e54b817830adce9b0158d', time: '2016-06-30 19:26:09'
System info: host: 'LP-ManishRai', ip: '192.168.2.69', os.name: 'Windows 10', os.arch: 'amd64', os.version: '10.0', java.version: '1.8.0_162'
Driver info: driver.version: unknownorg.openqa.selenium.remote.HttpCommandExecutor.execute(HttpCommandExecutor.java:134)
org.openqa.selenium.remote.service.DriverCommandExecutor.execute(DriverCommandExecutor.java:82)
org.openqa.selenium.remote.RemoteWebDriver.execute(RemoteWebDriver.java:644)
org.openqa.selenium.remote.RemoteWebDriver.execute(RemoteWebDriver.java:701)
org.openqa.selenium.remote.RemoteWebDriver.getScreenshotAs(RemoteWebDriver.java:335)
com.infogain.uap.utilities.ScreenShotHandler.captureScreenShot(ScreenShotHandler.java:20)
com.infogain.uap.logger.Logger.log(Logger.java:342)
com.infogain.uap.framework.webcontrols.webcontrolsLibrary.WebControlObjects.clickUsingJavaScriptExecutors(WebControlObjects.java:2919)
com.fedex.PageObject.Checkout_page.checkout_item(Checkout_page.java:38)
com.fedEx.BusinessObject.FedEx.checkout_multiplsheet_multifeature_multiplefile(FedEx.java:620)
sun.reflect.NativeMethodAccessorImpl.invoke0(Native Method)
sun.reflect.NativeMethodAccessorImpl.invoke(NativeMethodAccessorImpl.java:62)
sun.reflect.DelegatingMethodAccessorImpl.invoke(DelegatingMethodAccessorImpl.java:43)
java.lang.reflect.Method.invoke(Method.java:498)
org.testng.internal.MethodInvocationHelper.invokeMethod(MethodInvocationHelper.java:86)
org.testng.internal.Invoker.invokeMethod(Invoker.java:643)
org.testng.internal.Invoker.invokeTestMethod(Invoker.java:820)
org.testng.internal.Invoker.invokeTestMethods(Invoker.java:1128)
org.testng.internal.TestMethodWorker.invokeTestMethods(TestMethodWorker.java:129)
org.testng.internal.TestMethodWorker.run(TestMethodWorker.java:112)
org.testng.TestRunner.privateRun(TestRunner.java:782)
org.testng.TestRunner.run(TestRunner.java:632)
org.testng.SuiteRunner.runTest(SuiteRunner.java:366)
org.testng.SuiteRunner.access$000(SuiteRunner.java:39)
org.testng.SuiteRunner$SuiteWorker.run(SuiteRunner.java:400)
org.testng.internal.thread.ThreadUtil$2.call(ThreadUtil.java:64)
java.util.concurrent.FutureTask.run(FutureTask.java:266)
java.util.concurrent.ThreadPoolExecutor.runWorker(ThreadPoolExecutor.java:1149)
java.util.concurrent.ThreadPoolExecutor$Worker.run(ThreadPoolExecutor.java:624)
java.lang.Thread.run(Thread.java:748)
</stackTrace></methodInfo></itasClass></pageObjectMethod></pageObject></businessWorkFlow><businessWorkFlow failureId="86887" name="checkout_specialityFeature"><pageObject><pageObjectMethod><itasClass><methodInfo><stackTrace>org.openqa.selenium.NoSuchElementException: Unable to locate element: {"method":"xpath","selector":"//a[@id='continueAsGuest']"}
Command duration or timeout: 40.02 seconds
For documentation on this error, please visit: http://seleniumhq.org/exceptions/no_such_element.html
Build info: version: '2.53.1', revision: 'a36b8b1cd5757287168e54b817830adce9b0158d', time: '2016-06-30 19:26:09'
System info: host: 'LP-ManishRai', ip: '192.168.2.69', os.name: 'Windows 10', os.arch: 'amd64', os.version: '10.0', java.version: '1.8.0_162'
Driver info: org.openqa.selenium.firefox.FirefoxDriver
Capabilities [{applicationCacheEnabled=true, rotatable=false, handlesAlerts=true, databaseEnabled=true, version=47.0.2, platform=WINDOWS, nativeEvents=false, acceptSslCerts=true, webStorageEnabled=true, locationContextEnabled=true, browserName=firefox, takesScreenshot=true, javascriptEnabled=true, cssSelectorsEnabled=true}]
Session ID: 1308a02b-fc5d-4960-b0c2-5538dfaaf069
*** Element info: {Using=xpath, value=//a[@id='continueAsGuest']}sun.reflect.GeneratedConstructorAccessor29.newInstance(Unknown Source)
sun.reflect.DelegatingConstructorAccessorImpl.newInstance(DelegatingConstructorAccessorImpl.java:45)
java.lang.reflect.Constructor.newInstance(Constructor.java:423)
org.openqa.selenium.remote.ErrorHandler.createThrowable(ErrorHandler.java:206)
org.openqa.selenium.remote.ErrorHandler.throwIfResponseFailed(ErrorHandler.java:158)
org.openqa.selenium.remote.RemoteWebDriver.execute(RemoteWebDriver.java:678)
org.openqa.selenium.remote.RemoteWebDriver.findElement(RemoteWebDriver.java:363)
org.openqa.selenium.remote.RemoteWebDriver.findElementByXPath(RemoteWebDriver.java:500)
org.openqa.selenium.By$ByXPath.findElement(By.java:361)
org.openqa.selenium.remote.RemoteWebDriver.findElement(RemoteWebDriver.java:355)
com.infogain.uap.framework.webcontrols.webcontrolsLibrary.WebControlObjects$2.apply(WebControlObjects.java:2168)
com.infogain.uap.framework.webcontrols.webcontrolsLibrary.WebControlObjects$2.apply(WebControlObjects.java:1)
org.openqa.selenium.support.ui.FluentWait.until(FluentWait.java:238)
com.infogain.uap.framework.webcontrols.webcontrolsLibrary.WebControlObjects.findElement(WebControlObjects.java:2172)
com.infogain.uap.framework.webcontrols.webcontrolsLibrary.WebControlObjects.getWebelement(WebControlObjects.java:2100)
com.infogain.uap.framework.webcontrols.webcontrolsLibrary.WebControlObjects.getWebElementList(WebControlObjects.java:952)
com.infogain.uap.framework.webcontrols.webcontrolsLibrary.WebControlObjects.waitUntilElementToBeClickable(WebControlObjects.java:1413)
com.fedex.PageObject.ProceedAsGuest_page.select_asAGuestOption(ProceedAsGuest_page.java:30)
com.fedEx.BusinessObject.FedEx.checkout_multiplsheet_multifeature_multiplefile(FedEx.java:621)
sun.reflect.NativeMethodAccessorImpl.invoke0(Native Method)
sun.reflect.NativeMethodAccessorImpl.invoke(NativeMethodAccessorImpl.java:62)
sun.reflect.DelegatingMethodAccessorImpl.invoke(DelegatingMethodAccessorImpl.java:43)
java.lang.reflect.Method.invoke(Method.java:498)
org.testng.internal.MethodInvocationHelper.invokeMethod(MethodInvocationHelper.java:86)
org.testng.internal.Invoker.invokeMethod(Invoker.java:643)
org.testng.internal.Invoker.invokeTestMethod(Invoker.java:820)
org.testng.internal.Invoker.invokeTestMethods(Invoker.java:1128)
org.testng.internal.TestMethodWorker.invokeTestMethods(TestMethodWorker.java:129)
org.testng.internal.TestMethodWorker.run(TestMethodWorker.java:112)
org.testng.TestRunner.privateRun(TestRunner.java:782)
org.testng.TestRunner.run(TestRunner.java:632)
org.testng.SuiteRunner.runTest(SuiteRunner.java:366)
org.testng.SuiteRunner.access$000(SuiteRunner.java:39)
org.testng.SuiteRunner$SuiteWorker.run(SuiteRunner.java:400)
org.testng.internal.thread.ThreadUtil$2.call(ThreadUtil.java:64)
java.util.concurrent.FutureTask.run(FutureTask.java:266)
java.util.concurrent.ThreadPoolExecutor.runWorker(ThreadPoolExecutor.java:1149)
java.util.concurrent.ThreadPoolExecutor$Worker.run(ThreadPoolExecutor.java:624)
java.lang.Thread.run(Thread.java:748)
</stackTrace></methodInfo></itasClass></pageObjectMethod></pageObject></businessWorkFlow><businessWorkFlow failureId="64750" name="checkout_specialityFeature"><pageObject><pageObjectMethod><itasClass><methodInfo><stackTrace>org.openqa.selenium.NoSuchElementException: Unable to locate element: {"method":"xpath","selector":"//a[@id='continueAsGuest']"}
Command duration or timeout: 40.01 seconds
For documentation on this error, please visit: http://seleniumhq.org/exceptions/no_such_element.html
Build info: version: '2.53.1', revision: 'a36b8b1cd5757287168e54b817830adce9b0158d', time: '2016-06-30 19:26:09'
System info: host: 'LP-ManishRai', ip: '192.168.2.69', os.name: 'Windows 10', os.arch: 'amd64', os.version: '10.0', java.version: '1.8.0_162'
Driver info: org.openqa.selenium.firefox.FirefoxDriver
Capabilities [{applicationCacheEnabled=true, rotatable=false, handlesAlerts=true, databaseEnabled=true, version=47.0.2, platform=WINDOWS, nativeEvents=false, acceptSslCerts=true, webStorageEnabled=true, locationContextEnabled=true, browserName=firefox, takesScreenshot=true, javascriptEnabled=true, cssSelectorsEnabled=true}]
Session ID: 1308a02b-fc5d-4960-b0c2-5538dfaaf069
*** Element info: {Using=xpath, value=//a[@id='continueAsGuest']}sun.reflect.GeneratedConstructorAccessor29.newInstance(Unknown Source)
sun.reflect.DelegatingConstructorAccessorImpl.newInstance(DelegatingConstructorAccessorImpl.java:45)
java.lang.reflect.Constructor.newInstance(Constructor.java:423)
org.openqa.selenium.remote.ErrorHandler.createThrowable(ErrorHandler.java:206)
org.openqa.selenium.remote.ErrorHandler.throwIfResponseFailed(ErrorHandler.java:158)
org.openqa.selenium.remote.RemoteWebDriver.execute(RemoteWebDriver.java:678)
org.openqa.selenium.remote.RemoteWebDriver.findElement(RemoteWebDriver.java:363)
org.openqa.selenium.remote.RemoteWebDriver.findElementByXPath(RemoteWebDriver.java:500)
org.openqa.selenium.By$ByXPath.findElement(By.java:361)
org.openqa.selenium.remote.RemoteWebDriver.findElement(RemoteWebDriver.java:355)
com.infogain.uap.framework.webcontrols.webcontrolsLibrary.WebControlObjects$2.apply(WebControlObjects.java:2168)
com.infogain.uap.framework.webcontrols.webcontrolsLibrary.WebControlObjects$2.apply(WebControlObjects.java:1)
org.openqa.selenium.support.ui.FluentWait.until(FluentWait.java:238)
com.infogain.uap.framework.webcontrols.webcontrolsLibrary.WebControlObjects.findElement(WebControlObjects.java:2172)
com.infogain.uap.framework.webcontrols.webcontrolsLibrary.WebControlObjects.getWebelement(WebControlObjects.java:2100)
com.infogain.uap.framework.webcontrols.webcontrolsLibrary.WebControlObjects.getWebElementList(WebControlObjects.java:952)
com.infogain.uap.framework.webcontrols.webcontrolsLibrary.WebControlObjects.clickUsingJavaScriptExecutors(WebControlObjects.java:2902)
com.fedex.PageObject.ProceedAsGuest_page.select_asAGuestOption(ProceedAsGuest_page.java:31)
com.fedEx.BusinessObject.FedEx.checkout_multiplsheet_multifeature_multiplefile(FedEx.java:621)
sun.reflect.NativeMethodAccessorImpl.invoke0(Native Method)
sun.reflect.NativeMethodAccessorImpl.invoke(NativeMethodAccessorImpl.java:62)
sun.reflect.DelegatingMethodAccessorImpl.invoke(DelegatingMethodAccessorImpl.java:43)
java.lang.reflect.Method.invoke(Method.java:498)
org.testng.internal.MethodInvocationHelper.invokeMethod(MethodInvocationHelper.java:86)
org.testng.internal.Invoker.invokeMethod(Invoker.java:643)
org.testng.internal.Invoker.invokeTestMethod(Invoker.java:820)
org.testng.internal.Invoker.invokeTestMethods(Invoker.java:1128)
org.testng.internal.TestMethodWorker.invokeTestMethods(TestMethodWorker.java:129)
org.testng.internal.TestMethodWorker.run(TestMethodWorker.java:112)
org.testng.TestRunner.privateRun(TestRunner.java:782)
org.testng.TestRunner.run(TestRunner.java:632)
org.testng.SuiteRunner.runTest(SuiteRunner.java:366)
org.testng.SuiteRunner.access$000(SuiteRunner.java:39)
org.testng.SuiteRunner$SuiteWorker.run(SuiteRunner.java:400)
org.testng.internal.thread.ThreadUtil$2.call(ThreadUtil.java:64)
java.util.concurrent.FutureTask.run(FutureTask.java:266)
java.util.concurrent.ThreadPoolExecutor.runWorker(ThreadPoolExecutor.java:1149)
java.util.concurrent.ThreadPoolExecutor$Worker.run(ThreadPoolExecutor.java:624)
java.lang.Thread.run(Thread.java:748)
</stackTrace></methodInfo></itasClass></pageObjectMethod></pageObject></businessWorkFlow><businessWorkFlow failureId="77022" name="checkout_specialityFeature"><pageObject><pageObjectMethod><itasClass><methodInfo><stackTrace>org.openqa.selenium.remote.SessionNotFoundException: Session ID is null. Using WebDriver after calling quit()?
Build info: version: '2.53.1', revision: 'a36b8b1cd5757287168e54b817830adce9b0158d', time: '2016-06-30 19:26:09'
System info: host: 'LP-ManishRai', ip: '192.168.2.69', os.name: 'Windows 10', os.arch: 'amd64', os.version: '10.0', java.version: '1.8.0_162'
Driver info: driver.version: unknownorg.openqa.selenium.remote.HttpCommandExecutor.execute(HttpCommandExecutor.java:134)
org.openqa.selenium.remote.service.DriverCommandExecutor.execute(DriverCommandExecutor.java:82)
org.openqa.selenium.remote.RemoteWebDriver.execute(RemoteWebDriver.java:644)
org.openqa.selenium.remote.RemoteWebDriver.execute(RemoteWebDriver.java:701)
org.openqa.selenium.remote.RemoteWebDriver.getScreenshotAs(RemoteWebDriver.java:335)
com.infogain.uap.utilities.ScreenShotHandler.captureScreenShot(ScreenShotHandler.java:20)
com.infogain.uap.logger.Logger.log(Logger.java:342)
com.infogain.uap.framework.webcontrols.webcontrolsLibrary.WebControlObjects.clickUsingJavaScriptExecutors(WebControlObjects.java:2919)
com.fedex.PageObject.ProceedAsGuest_page.select_asAGuestOption(ProceedAsGuest_page.java:31)
com.fedEx.BusinessObject.FedEx.checkout_multiplsheet_multifeature_multiplefile(FedEx.java:621)
sun.reflect.NativeMethodAccessorImpl.invoke0(Native Method)
sun.reflect.NativeMethodAccessorImpl.invoke(NativeMethodAccessorImpl.java:62)
sun.reflect.DelegatingMethodAccessorImpl.invoke(DelegatingMethodAccessorImpl.java:43)
java.lang.reflect.Method.invoke(Method.java:498)
org.testng.internal.MethodInvocationHelper.invokeMethod(MethodInvocationHelper.java:86)
org.testng.internal.Invoker.invokeMethod(Invoker.java:643)
org.testng.internal.Invoker.invokeTestMethod(Invoker.java:820)
org.testng.internal.Invoker.invokeTestMethods(Invoker.java:1128)
org.testng.internal.TestMethodWorker.invokeTestMethods(TestMethodWorker.java:129)
org.testng.internal.TestMethodWorker.run(TestMethodWorker.java:112)
org.testng.TestRunner.privateRun(TestRunner.java:782)
org.testng.TestRunner.run(TestRunner.java:632)
org.testng.SuiteRunner.runTest(SuiteRunner.java:366)
org.testng.SuiteRunner.access$000(SuiteRunner.java:39)
org.testng.SuiteRunner$SuiteWorker.run(SuiteRunner.java:400)
org.testng.internal.thread.ThreadUtil$2.call(ThreadUtil.java:64)
java.util.concurrent.FutureTask.run(FutureTask.java:266)
java.util.concurrent.ThreadPoolExecutor.runWorker(ThreadPoolExecutor.java:1149)
java.util.concurrent.ThreadPoolExecutor$Worker.run(ThreadPoolExecutor.java:624)
java.lang.Thread.run(Thread.java:748)
</stackTrace></methodInfo></itasClass></pageObjectMethod></pageObject></businessWorkFlow><businessWorkFlow failureId="45085" name="checkout_specialityFeature"><pageObject><pageObjectMethod><itasClass><methodInfo><stackTrace>org.openqa.selenium.NoSuchElementException: Unable to locate element: {"method":"xpath","selector":"//input[@id='loc_seacrh_text']"}
Command duration or timeout: 40.04 seconds
For documentation on this error, please visit: http://seleniumhq.org/exceptions/no_such_element.html
Build info: version: '2.53.1', revision: 'a36b8b1cd5757287168e54b817830adce9b0158d', time: '2016-06-30 19:26:09'
System info: host: 'LP-ManishRai', ip: '192.168.2.69', os.name: 'Windows 10', os.arch: 'amd64', os.version: '10.0', java.version: '1.8.0_162'
Driver info: org.openqa.selenium.firefox.FirefoxDriver
Capabilities [{applicationCacheEnabled=true, rotatable=false, handlesAlerts=true, databaseEnabled=true, version=47.0.2, platform=WINDOWS, nativeEvents=false, acceptSslCerts=true, webStorageEnabled=true, locationContextEnabled=true, browserName=firefox, takesScreenshot=true, javascriptEnabled=true, cssSelectorsEnabled=true}]
Session ID: 1308a02b-fc5d-4960-b0c2-5538dfaaf069
*** Element info: {Using=xpath, value=//input[@id='loc_seacrh_text']}sun.reflect.GeneratedConstructorAccessor29.newInstance(Unknown Source)
sun.reflect.DelegatingConstructorAccessorImpl.newInstance(DelegatingConstructorAccessorImpl.java:45)
java.lang.reflect.Constructor.newInstance(Constructor.java:423)
org.openqa.selenium.remote.ErrorHandler.createThrowable(ErrorHandler.java:206)
org.openqa.selenium.remote.ErrorHandler.throwIfResponseFailed(ErrorHandler.java:158)
org.openqa.selenium.remote.RemoteWebDriver.execute(RemoteWebDriver.java:678)
org.openqa.selenium.remote.RemoteWebDriver.findElement(RemoteWebDriver.java:363)
org.openqa.selenium.remote.RemoteWebDriver.findElementByXPath(RemoteWebDriver.java:500)
org.openqa.selenium.By$ByXPath.findElement(By.java:361)
org.openqa.selenium.remote.RemoteWebDriver.findElement(RemoteWebDriver.java:355)
com.infogain.uap.framework.webcontrols.webcontrolsLibrary.WebControlObjects$2.apply(WebControlObjects.java:2168)
com.infogain.uap.framework.webcontrols.webcontrolsLibrary.WebControlObjects$2.apply(WebControlObjects.java:1)
org.openqa.selenium.support.ui.FluentWait.until(FluentWait.java:238)
com.infogain.uap.framework.webcontrols.webcontrolsLibrary.WebControlObjects.findElement(WebControlObjects.java:2172)
com.infogain.uap.framework.webcontrols.webcontrolsLibrary.WebControlObjects.getWebelement(WebControlObjects.java:2100)
com.infogain.uap.framework.webcontrols.webcontrolsLibrary.WebControlObjects.getWebElementList(WebControlObjects.java:952)
com.infogain.uap.framework.webcontrols.webcontrolsLibrary.WebControlObjects.enterText(WebControlObjects.java:129)
com.fedex.PageObject.PickUpDelivery.pickup(PickUpDelivery.java:45)
com.fedEx.BusinessObject.FedEx.checkout_multiplsheet_multifeature_multiplefile(FedEx.java:622)
sun.reflect.NativeMethodAccessorImpl.invoke0(Native Method)
sun.reflect.NativeMethodAccessorImpl.invoke(NativeMethodAccessorImpl.java:62)
sun.reflect.DelegatingMethodAccessorImpl.invoke(DelegatingMethodAccessorImpl.java:43)
java.lang.reflect.Method.invoke(Method.java:498)
org.testng.internal.MethodInvocationHelper.invokeMethod(MethodInvocationHelper.java:86)
org.testng.internal.Invoker.invokeMethod(Invoker.java:643)
org.testng.internal.Invoker.invokeTestMethod(Invoker.java:820)
org.testng.internal.Invoker.invokeTestMethods(Invoker.java:1128)
org.testng.internal.TestMethodWorker.invokeTestMethods(TestMethodWorker.java:129)
org.testng.internal.TestMethodWorker.run(TestMethodWorker.java:112)
org.testng.TestRunner.privateRun(TestRunner.java:782)
org.testng.TestRunner.run(TestRunner.java:632)
org.testng.SuiteRunner.runTest(SuiteRunner.java:366)
org.testng.SuiteRunner.access$000(SuiteRunner.java:39)
org.testng.SuiteRunner$SuiteWorker.run(SuiteRunner.java:400)
org.testng.internal.thread.ThreadUtil$2.call(ThreadUtil.java:64)
java.util.concurrent.FutureTask.run(FutureTask.java:266)
java.util.concurrent.ThreadPoolExecutor.runWorker(ThreadPoolExecutor.java:1149)
java.util.concurrent.ThreadPoolExecutor$Worker.run(ThreadPoolExecutor.java:624)
java.lang.Thread.run(Thread.java:748)
</stackTrace></methodInfo></itasClass></pageObjectMethod></pageObject></businessWorkFlow><businessWorkFlow failureId="17943" name="checkout_specialityFeature"><pageObject><pageObjectMethod><itasClass><methodInfo><stackTrace>org.openqa.selenium.remote.SessionNotFoundException: Session ID is null. Using WebDriver after calling quit()?
Build info: version: '2.53.1', revision: 'a36b8b1cd5757287168e54b817830adce9b0158d', time: '2016-06-30 19:26:09'
System info: host: 'LP-ManishRai', ip: '192.168.2.69', os.name: 'Windows 10', os.arch: 'amd64', os.version: '10.0', java.version: '1.8.0_162'
Driver info: driver.version: unknownorg.openqa.selenium.remote.HttpCommandExecutor.execute(HttpCommandExecutor.java:134)
org.openqa.selenium.remote.service.DriverCommandExecutor.execute(DriverCommandExecutor.java:82)
org.openqa.selenium.remote.RemoteWebDriver.execute(RemoteWebDriver.java:644)
org.openqa.selenium.remote.RemoteWebDriver.execute(RemoteWebDriver.java:701)
org.openqa.selenium.remote.RemoteWebDriver.getScreenshotAs(RemoteWebDriver.java:335)
com.infogain.uap.utilities.ScreenShotHandler.captureScreenShot(ScreenShotHandler.java:20)
com.infogain.uap.logger.Logger.log(Logger.java:342)
com.infogain.uap.framework.webcontrols.webcontrolsLibrary.WebControlObjects.enterText(WebControlObjects.java:141)
com.fedex.PageObject.PickUpDelivery.pickup(PickUpDelivery.java:45)
com.fedEx.BusinessObject.FedEx.checkout_multiplsheet_multifeature_multiplefile(FedEx.java:622)
sun.reflect.NativeMethodAccessorImpl.invoke0(Native Method)
sun.reflect.NativeMethodAccessorImpl.invoke(NativeMethodAccessorImpl.java:62)
sun.reflect.DelegatingMethodAccessorImpl.invoke(DelegatingMethodAccessorImpl.java:43)
java.lang.reflect.Method.invoke(Method.java:498)
org.testng.internal.MethodInvocationHelper.invokeMethod(MethodInvocationHelper.java:86)
org.testng.internal.Invoker.invokeMethod(Invoker.java:643)
org.testng.internal.Invoker.invokeTestMethod(Invoker.java:820)
org.testng.internal.Invoker.invokeTestMethods(Invoker.java:1128)
org.testng.internal.TestMethodWorker.invokeTestMethods(TestMethodWorker.java:129)
org.testng.internal.TestMethodWorker.run(TestMethodWorker.java:112)
org.testng.TestRunner.privateRun(TestRunner.java:782)
org.testng.TestRunner.run(TestRunner.java:632)
org.testng.SuiteRunner.runTest(SuiteRunner.java:366)
org.testng.SuiteRunner.access$000(SuiteRunner.java:39)
org.testng.SuiteRunner$SuiteWorker.run(SuiteRunner.java:400)
org.testng.internal.thread.ThreadUtil$2.call(ThreadUtil.java:64)
java.util.concurrent.FutureTask.run(FutureTask.java:266)
java.util.concurrent.ThreadPoolExecutor.runWorker(ThreadPoolExecutor.java:1149)
java.util.concurrent.ThreadPoolExecutor$Worker.run(ThreadPoolExecutor.java:624)
java.lang.Thread.run(Thread.java:748)
</stackTrace></methodInfo></itasClass></pageObjectMethod></pageObject></businessWorkFlow><businessWorkFlow failureId="17166" name="checkout_specialityFeature"><pageObject><pageObjectMethod><itasClass><methodInfo><stackTrace>org.openqa.selenium.NoSuchElementException: Unable to locate element: {"method":"xpath","selector":"//input[@id='loc_seacrh_text']"}
Command duration or timeout: 40.01 seconds
For documentation on this error, please visit: http://seleniumhq.org/exceptions/no_such_element.html
Build info: version: '2.53.1', revision: 'a36b8b1cd5757287168e54b817830adce9b0158d', time: '2016-06-30 19:26:09'
System info: host: 'LP-ManishRai', ip: '192.168.2.69', os.name: 'Windows 10', os.arch: 'amd64', os.version: '10.0', java.version: '1.8.0_162'
Driver info: org.openqa.selenium.firefox.FirefoxDriver
Capabilities [{applicationCacheEnabled=true, rotatable=false, handlesAlerts=true, databaseEnabled=true, version=47.0.2, platform=WINDOWS, nativeEvents=false, acceptSslCerts=true, webStorageEnabled=true, locationContextEnabled=true, browserName=firefox, takesScreenshot=true, javascriptEnabled=true, cssSelectorsEnabled=true}]
Session ID: 1308a02b-fc5d-4960-b0c2-5538dfaaf069
*** Element info: {Using=xpath, value=//input[@id='loc_seacrh_text']}sun.reflect.GeneratedConstructorAccessor29.newInstance(Unknown Source)
sun.reflect.DelegatingConstructorAccessorImpl.newInstance(DelegatingConstructorAccessorImpl.java:45)
java.lang.reflect.Constructor.newInstance(Constructor.java:423)
org.openqa.selenium.remote.ErrorHandler.createThrowable(ErrorHandler.java:206)
org.openqa.selenium.remote.ErrorHandler.throwIfResponseFailed(ErrorHandler.java:158)
org.openqa.selenium.remote.RemoteWebDriver.execute(RemoteWebDriver.java:678)
org.openqa.selenium.remote.RemoteWebDriver.findElement(RemoteWebDriver.java:363)
org.openqa.selenium.remote.RemoteWebDriver.findElementByXPath(RemoteWebDriver.java:500)
org.openqa.selenium.By$ByXPath.findElement(By.java:361)
org.openqa.selenium.remote.RemoteWebDriver.findElement(RemoteWebDriver.java:355)
com.infogain.uap.framework.webcontrols.webcontrolsLibrary.WebControlObjects$2.apply(WebControlObjects.java:2168)
com.infogain.uap.framework.webcontrols.webcontrolsLibrary.WebControlObjects$2.apply(WebControlObjects.java:1)
org.openqa.selenium.support.ui.FluentWait.until(FluentWait.java:238)
com.infogain.uap.framework.webcontrols.webcontrolsLibrary.WebControlObjects.findElement(WebControlObjects.java:2172)
com.infogain.uap.framework.webcontrols.webcontrolsLibrary.WebControlObjects.getWebelement(WebControlObjects.java:2100)
com.infogain.uap.framework.webcontrols.webcontrolsLibrary.WebControlObjects.getWebElementList(WebControlObjects.java:952)
com.infogain.uap.framework.webcontrols.webcontrolsLibrary.WebControlObjects.sendKeys(WebControlObjects.java:3006)
com.fedex.PageObject.PickUpDelivery.pickup(PickUpDelivery.java:47)
com.fedEx.BusinessObject.FedEx.checkout_multiplsheet_multifeature_multiplefile(FedEx.java:622)
sun.reflect.NativeMethodAccessorImpl.invoke0(Native Method)
sun.reflect.NativeMethodAccessorImpl.invoke(NativeMethodAccessorImpl.java:62)
sun.reflect.DelegatingMethodAccessorImpl.invoke(DelegatingMethodAccessorImpl.java:43)
java.lang.reflect.Method.invoke(Method.java:498)
org.testng.internal.MethodInvocationHelper.invokeMethod(MethodInvocationHelper.java:86)
org.testng.internal.Invoker.invokeMethod(Invoker.java:643)
org.testng.internal.Invoker.invokeTestMethod(Invoker.java:820)
org.testng.internal.Invoker.invokeTestMethods(Invoker.java:1128)
org.testng.internal.TestMethodWorker.invokeTestMethods(TestMethodWorker.java:129)
org.testng.internal.TestMethodWorker.run(TestMethodWorker.java:112)
org.testng.TestRunner.privateRun(TestRunner.java:782)
org.testng.TestRunner.run(TestRunner.java:632)
org.testng.SuiteRunner.runTest(SuiteRunner.java:366)
org.testng.SuiteRunner.access$000(SuiteRunner.java:39)
org.testng.SuiteRunner$SuiteWorker.run(SuiteRunner.java:400)
org.testng.internal.thread.ThreadUtil$2.call(ThreadUtil.java:64)
java.util.concurrent.FutureTask.run(FutureTask.java:266)
java.util.concurrent.ThreadPoolExecutor.runWorker(ThreadPoolExecutor.java:1149)
java.util.concurrent.ThreadPoolExecutor$Worker.run(ThreadPoolExecutor.java:624)
java.lang.Thread.run(Thread.java:748)
</stackTrace></methodInfo></itasClass></pageObjectMethod></pageObject></businessWorkFlow><businessWorkFlow failureId="80011" name="checkout_specialityFeature"><pageObject><pageObjectMethod><itasClass><methodInfo><stackTrace>org.openqa.selenium.remote.SessionNotFoundException: Session ID is null. Using WebDriver after calling quit()?
Build info: version: '2.53.1', revision: 'a36b8b1cd5757287168e54b817830adce9b0158d', time: '2016-06-30 19:26:09'
System info: host: 'LP-ManishRai', ip: '192.168.2.69', os.name: 'Windows 10', os.arch: 'amd64', os.version: '10.0', java.version: '1.8.0_162'
Driver info: driver.version: unknownorg.openqa.selenium.remote.HttpCommandExecutor.execute(HttpCommandExecutor.java:134)
org.openqa.selenium.remote.service.DriverCommandExecutor.execute(DriverCommandExecutor.java:82)
org.openqa.selenium.remote.RemoteWebDriver.execute(RemoteWebDriver.java:644)
org.openqa.selenium.remote.RemoteWebDriver.execute(RemoteWebDriver.java:701)
org.openqa.selenium.remote.RemoteWebDriver.getScreenshotAs(RemoteWebDriver.java:335)
com.infogain.uap.utilities.ScreenShotHandler.captureScreenShot(ScreenShotHandler.java:20)
com.infogain.uap.logger.Logger.log(Logger.java:342)
com.infogain.uap.framework.webcontrols.webcontrolsLibrary.WebControlObjects.sendKeys(WebControlObjects.java:3019)
com.fedex.PageObject.PickUpDelivery.pickup(PickUpDelivery.java:47)
com.fedEx.BusinessObject.FedEx.checkout_multiplsheet_multifeature_multiplefile(FedEx.java:622)
sun.reflect.NativeMethodAccessorImpl.invoke0(Native Method)
sun.reflect.NativeMethodAccessorImpl.invoke(NativeMethodAccessorImpl.java:62)
sun.reflect.DelegatingMethodAccessorImpl.invoke(DelegatingMethodAccessorImpl.java:43)
java.lang.reflect.Method.invoke(Method.java:498)
org.testng.internal.MethodInvocationHelper.invokeMethod(MethodInvocationHelper.java:86)
org.testng.internal.Invoker.invokeMethod(Invoker.java:643)
org.testng.internal.Invoker.invokeTestMethod(Invoker.java:820)
org.testng.internal.Invoker.invokeTestMethods(Invoker.java:1128)
org.testng.internal.TestMethodWorker.invokeTestMethods(TestMethodWorker.java:129)
org.testng.internal.TestMethodWorker.run(TestMethodWorker.java:112)
org.testng.TestRunner.privateRun(TestRunner.java:782)
org.testng.TestRunner.run(TestRunner.java:632)
org.testng.SuiteRunner.runTest(SuiteRunner.java:366)
org.testng.SuiteRunner.access$000(SuiteRunner.java:39)
org.testng.SuiteRunner$SuiteWorker.run(SuiteRunner.java:400)
org.testng.internal.thread.ThreadUtil$2.call(ThreadUtil.java:64)
java.util.concurrent.FutureTask.run(FutureTask.java:266)
java.util.concurrent.ThreadPoolExecutor.runWorker(ThreadPoolExecutor.java:1149)
java.util.concurrent.ThreadPoolExecutor$Worker.run(ThreadPoolExecutor.java:624)
java.lang.Thread.run(Thread.java:748)
</stackTrace></methodInfo></itasClass></pageObjectMethod></pageObject></businessWorkFlow><businessWorkFlow failureId="10172" name="checkout_specialityFeature"><pageObject><pageObjectMethod><itasClass><methodInfo><stackTrace>org.openqa.selenium.NoSuchElementException: Unable to locate element: {"method":"xpath","selector":"//ul[@id='centersListRows']/li[1]"}
Command duration or timeout: 40.02 seconds
For documentation on this error, please visit: http://seleniumhq.org/exceptions/no_such_element.html
Build info: version: '2.53.1', revision: 'a36b8b1cd5757287168e54b817830adce9b0158d', time: '2016-06-30 19:26:09'
System info: host: 'LP-ManishRai', ip: '192.168.2.69', os.name: 'Windows 10', os.arch: 'amd64', os.version: '10.0', java.version: '1.8.0_162'
Driver info: org.openqa.selenium.firefox.FirefoxDriver
Capabilities [{applicationCacheEnabled=true, rotatable=false, handlesAlerts=true, databaseEnabled=true, version=47.0.2, platform=WINDOWS, nativeEvents=false, acceptSslCerts=true, webStorageEnabled=true, locationContextEnabled=true, browserName=firefox, takesScreenshot=true, javascriptEnabled=true, cssSelectorsEnabled=true}]
Session ID: 1308a02b-fc5d-4960-b0c2-5538dfaaf069
*** Element info: {Using=xpath, value=//ul[@id='centersListRows']/li[1]}sun.reflect.GeneratedConstructorAccessor29.newInstance(Unknown Source)
sun.reflect.DelegatingConstructorAccessorImpl.newInstance(DelegatingConstructorAccessorImpl.java:45)
java.lang.reflect.Constructor.newInstance(Constructor.java:423)
org.openqa.selenium.remote.ErrorHandler.createThrowable(ErrorHandler.java:206)
org.openqa.selenium.remote.ErrorHandler.throwIfResponseFailed(ErrorHandler.java:158)
org.openqa.selenium.remote.RemoteWebDriver.execute(RemoteWebDriver.java:678)
org.openqa.selenium.remote.RemoteWebDriver.findElement(RemoteWebDriver.java:363)
org.openqa.selenium.remote.RemoteWebDriver.findElementByXPath(RemoteWebDriver.java:500)
org.openqa.selenium.By$ByXPath.findElement(By.java:361)
org.openqa.selenium.remote.RemoteWebDriver.findElement(RemoteWebDriver.java:355)
com.infogain.uap.framework.webcontrols.webcontrolsLibrary.WebControlObjects$2.apply(WebControlObjects.java:2168)
com.infogain.uap.framework.webcontrols.webcontrolsLibrary.WebControlObjects$2.apply(WebControlObjects.java:1)
org.openqa.selenium.support.ui.FluentWait.until(FluentWait.java:238)
com.infogain.uap.framework.webcontrols.webcontrolsLibrary.WebControlObjects.findElement(WebControlObjects.java:2172)
com.infogain.uap.framework.webcontrols.webcontrolsLibrary.WebControlObjects.getWebelement(WebControlObjects.java:2100)
com.infogain.uap.framework.webcontrols.webcontrolsLibrary.WebControlObjects.getWebElementList(WebControlObjects.java:952)
com.infogain.uap.framework.webcontrols.webcontrolsLibrary.WebControlObjects.waitUntilElementToBeClickable(WebControlObjects.java:1413)
com.fedex.PageObject.PickUpDelivery.pickup(PickUpDelivery.java:49)
com.fedEx.BusinessObject.FedEx.checkout_multiplsheet_multifeature_multiplefile(FedEx.java:622)
sun.reflect.NativeMethodAccessorImpl.invoke0(Native Method)
sun.reflect.NativeMethodAccessorImpl.invoke(NativeMethodAccessorImpl.java:62)
sun.reflect.DelegatingMethodAccessorImpl.invoke(DelegatingMethodAccessorImpl.java:43)
java.lang.reflect.Method.invoke(Method.java:498)
org.testng.internal.MethodInvocationHelper.invokeMethod(MethodInvocationHelper.java:86)
org.testng.internal.Invoker.invokeMethod(Invoker.java:643)
org.testng.internal.Invoker.invokeTestMethod(Invoker.java:820)
org.testng.internal.Invoker.invokeTestMethods(Invoker.java:1128)
org.testng.internal.TestMethodWorker.invokeTestMethods(TestMethodWorker.java:129)
org.testng.internal.TestMethodWorker.run(TestMethodWorker.java:112)
org.testng.TestRunner.privateRun(TestRunner.java:782)
org.testng.TestRunner.run(TestRunner.java:632)
org.testng.SuiteRunner.runTest(SuiteRunner.java:366)
org.testng.SuiteRunner.access$000(SuiteRunner.java:39)
org.testng.SuiteRunner$SuiteWorker.run(SuiteRunner.java:400)
org.testng.internal.thread.ThreadUtil$2.call(ThreadUtil.java:64)
java.util.concurrent.FutureTask.run(FutureTask.java:266)
java.util.concurrent.ThreadPoolExecutor.runWorker(ThreadPoolExecutor.java:1149)
java.util.concurrent.ThreadPoolExecutor$Worker.run(ThreadPoolExecutor.java:624)
java.lang.Thread.run(Thread.java:748)
</stackTrace></methodInfo></itasClass></pageObjectMethod></pageObject></businessWorkFlow><businessWorkFlow failureId="26814" name="checkout_specialityFeature"><pageObject><pageObjectMethod><itasClass><methodInfo><stackTrace>org.openqa.selenium.NoSuchElementException: Unable to locate element: {"method":"xpath","selector":"//ul[@id='centersListRows']/li[1]"}
Command duration or timeout: 40.02 seconds
For documentation on this error, please visit: http://seleniumhq.org/exceptions/no_such_element.html
Build info: version: '2.53.1', revision: 'a36b8b1cd5757287168e54b817830adce9b0158d', time: '2016-06-30 19:26:09'
System info: host: 'LP-ManishRai', ip: '192.168.2.69', os.name: 'Windows 10', os.arch: 'amd64', os.version: '10.0', java.version: '1.8.0_162'
Driver info: org.openqa.selenium.firefox.FirefoxDriver
Capabilities [{applicationCacheEnabled=true, rotatable=false, handlesAlerts=true, databaseEnabled=true, version=47.0.2, platform=WINDOWS, nativeEvents=false, acceptSslCerts=true, webStorageEnabled=true, locationContextEnabled=true, browserName=firefox, takesScreenshot=true, javascriptEnabled=true, cssSelectorsEnabled=true}]
Session ID: 1308a02b-fc5d-4960-b0c2-5538dfaaf069
*** Element info: {Using=xpath, value=//ul[@id='centersListRows']/li[1]}sun.reflect.GeneratedConstructorAccessor29.newInstance(Unknown Source)
sun.reflect.DelegatingConstructorAccessorImpl.newInstance(DelegatingConstructorAccessorImpl.java:45)
java.lang.reflect.Constructor.newInstance(Constructor.java:423)
org.openqa.selenium.remote.ErrorHandler.createThrowable(ErrorHandler.java:206)
org.openqa.selenium.remote.ErrorHandler.throwIfResponseFailed(ErrorHandler.java:158)
org.openqa.selenium.remote.RemoteWebDriver.execute(RemoteWebDriver.java:678)
org.openqa.selenium.remote.RemoteWebDriver.findElement(RemoteWebDriver.java:363)
org.openqa.selenium.remote.RemoteWebDriver.findElementByXPath(RemoteWebDriver.java:500)
org.openqa.selenium.By$ByXPath.findElement(By.java:361)
org.openqa.selenium.remote.RemoteWebDriver.findElement(RemoteWebDriver.java:355)
com.infogain.uap.framework.webcontrols.webcontrolsLibrary.WebControlObjects$2.apply(WebControlObjects.java:2168)
com.infogain.uap.framework.webcontrols.webcontrolsLibrary.WebControlObjects$2.apply(WebControlObjects.java:1)
org.openqa.selenium.support.ui.FluentWait.until(FluentWait.java:238)
com.infogain.uap.framework.webcontrols.webcontrolsLibrary.WebControlObjects.findElement(WebControlObjects.java:2172)
com.infogain.uap.framework.webcontrols.webcontrolsLibrary.WebControlObjects.getWebelement(WebControlObjects.java:2100)
com.infogain.uap.framework.webcontrols.webcontrolsLibrary.WebControlObjects.getWebElementList(WebControlObjects.java:952)
com.infogain.uap.framework.webcontrols.webcontrolsLibrary.WebControlObjects.clickUsingJavaScriptExecutors(WebControlObjects.java:2902)
com.fedex.PageObject.PickUpDelivery.pickup(PickUpDelivery.java:50)
com.fedEx.BusinessObject.FedEx.checkout_multiplsheet_multifeature_multiplefile(FedEx.java:622)
sun.reflect.NativeMethodAccessorImpl.invoke0(Native Method)
sun.reflect.NativeMethodAccessorImpl.invoke(NativeMethodAccessorImpl.java:62)
sun.reflect.DelegatingMethodAccessorImpl.invoke(DelegatingMethodAccessorImpl.java:43)
java.lang.reflect.Method.invoke(Method.java:498)
org.testng.internal.MethodInvocationHelper.invokeMethod(MethodInvocationHelper.java:86)
org.testng.internal.Invoker.invokeMethod(Invoker.java:643)
org.testng.internal.Invoker.invokeTestMethod(Invoker.java:820)
org.testng.internal.Invoker.invokeTestMethods(Invoker.java:1128)
org.testng.internal.TestMethodWorker.invokeTestMethods(TestMethodWorker.java:129)
org.testng.internal.TestMethodWorker.run(TestMethodWorker.java:112)
org.testng.TestRunner.privateRun(TestRunner.java:782)
org.testng.TestRunner.run(TestRunner.java:632)
org.testng.SuiteRunner.runTest(SuiteRunner.java:366)
org.testng.SuiteRunner.access$000(SuiteRunner.java:39)
org.testng.SuiteRunner$SuiteWorker.run(SuiteRunner.java:400)
org.testng.internal.thread.ThreadUtil$2.call(ThreadUtil.java:64)
java.util.concurrent.FutureTask.run(FutureTask.java:266)
java.util.concurrent.ThreadPoolExecutor.runWorker(ThreadPoolExecutor.java:1149)
java.util.concurrent.ThreadPoolExecutor$Worker.run(ThreadPoolExecutor.java:624)
java.lang.Thread.run(Thread.java:748)
</stackTrace></methodInfo></itasClass></pageObjectMethod></pageObject></businessWorkFlow><businessWorkFlow failureId="64102" name="checkout_specialityFeature"><pageObject><pageObjectMethod><itasClass><methodInfo><stackTrace>org.openqa.selenium.remote.SessionNotFoundException: Session ID is null. Using WebDriver after calling quit()?
Build info: version: '2.53.1', revision: 'a36b8b1cd5757287168e54b817830adce9b0158d', time: '2016-06-30 19:26:09'
System info: host: 'LP-ManishRai', ip: '192.168.2.69', os.name: 'Windows 10', os.arch: 'amd64', os.version: '10.0', java.version: '1.8.0_162'
Driver info: driver.version: unknownorg.openqa.selenium.remote.HttpCommandExecutor.execute(HttpCommandExecutor.java:134)
org.openqa.selenium.remote.service.DriverCommandExecutor.execute(DriverCommandExecutor.java:82)
org.openqa.selenium.remote.RemoteWebDriver.execute(RemoteWebDriver.java:644)
org.openqa.selenium.remote.RemoteWebDriver.execute(RemoteWebDriver.java:701)
org.openqa.selenium.remote.RemoteWebDriver.getScreenshotAs(RemoteWebDriver.java:335)
com.infogain.uap.utilities.ScreenShotHandler.captureScreenShot(ScreenShotHandler.java:20)
com.infogain.uap.logger.Logger.log(Logger.java:342)
com.infogain.uap.framework.webcontrols.webcontrolsLibrary.WebControlObjects.clickUsingJavaScriptExecutors(WebControlObjects.java:2919)
com.fedex.PageObject.PickUpDelivery.pickup(PickUpDelivery.java:50)
com.fedEx.BusinessObject.FedEx.checkout_multiplsheet_multifeature_multiplefile(FedEx.java:622)
sun.reflect.NativeMethodAccessorImpl.invoke0(Native Method)
sun.reflect.NativeMethodAccessorImpl.invoke(NativeMethodAccessorImpl.java:62)
sun.reflect.DelegatingMethodAccessorImpl.invoke(DelegatingMethodAccessorImpl.java:43)
java.lang.reflect.Method.invoke(Method.java:498)
org.testng.internal.MethodInvocationHelper.invokeMethod(MethodInvocationHelper.java:86)
org.testng.internal.Invoker.invokeMethod(Invoker.java:643)
org.testng.internal.Invoker.invokeTestMethod(Invoker.java:820)
org.testng.internal.Invoker.invokeTestMethods(Invoker.java:1128)
org.testng.internal.TestMethodWorker.invokeTestMethods(TestMethodWorker.java:129)
org.testng.internal.TestMethodWorker.run(TestMethodWorker.java:112)
org.testng.TestRunner.privateRun(TestRunner.java:782)
org.testng.TestRunner.run(TestRunner.java:632)
org.testng.SuiteRunner.runTest(SuiteRunner.java:366)
org.testng.SuiteRunner.access$000(SuiteRunner.java:39)
org.testng.SuiteRunner$SuiteWorker.run(SuiteRunner.java:400)
org.testng.internal.thread.ThreadUtil$2.call(ThreadUtil.java:64)
java.util.concurrent.FutureTask.run(FutureTask.java:266)
java.util.concurrent.ThreadPoolExecutor.runWorker(ThreadPoolExecutor.java:1149)
java.util.concurrent.ThreadPoolExecutor$Worker.run(ThreadPoolExecutor.java:624)
java.lang.Thread.run(Thread.java:748)
</stackTrace></methodInfo></itasClass></pageObjectMethod></pageObject></businessWorkFlow><businessWorkFlow failureId="27316" name="checkout_specialityFeature"><pageObject><pageObjectMethod><itasClass><methodInfo><stackTrace>org.openqa.selenium.NoSuchElementException: Unable to locate element: {"method":"xpath","selector":"//a[@id='checkout-show-location']"}
Command duration or timeout: 40.04 seconds
For documentation on this error, please visit: http://seleniumhq.org/exceptions/no_such_element.html
Build info: version: '2.53.1', revision: 'a36b8b1cd5757287168e54b817830adce9b0158d', time: '2016-06-30 19:26:09'
System info: host: 'LP-ManishRai', ip: '192.168.2.69', os.name: 'Windows 10', os.arch: 'amd64', os.version: '10.0', java.version: '1.8.0_162'
Driver info: org.openqa.selenium.firefox.FirefoxDriver
Capabilities [{applicationCacheEnabled=true, rotatable=false, handlesAlerts=true, databaseEnabled=true, version=47.0.2, platform=WINDOWS, nativeEvents=false, acceptSslCerts=true, webStorageEnabled=true, locationContextEnabled=true, browserName=firefox, takesScreenshot=true, javascriptEnabled=true, cssSelectorsEnabled=true}]
Session ID: 1308a02b-fc5d-4960-b0c2-5538dfaaf069
*** Element info: {Using=xpath, value=//a[@id='checkout-show-location']}sun.reflect.GeneratedConstructorAccessor29.newInstance(Unknown Source)
sun.reflect.DelegatingConstructorAccessorImpl.newInstance(DelegatingConstructorAccessorImpl.java:45)
java.lang.reflect.Constructor.newInstance(Constructor.java:423)
org.openqa.selenium.remote.ErrorHandler.createThrowable(ErrorHandler.java:206)
org.openqa.selenium.remote.ErrorHandler.throwIfResponseFailed(ErrorHandler.java:158)
org.openqa.selenium.remote.RemoteWebDriver.execute(RemoteWebDriver.java:678)
org.openqa.selenium.remote.RemoteWebDriver.findElement(RemoteWebDriver.java:363)
org.openqa.selenium.remote.RemoteWebDriver.findElementByXPath(RemoteWebDriver.java:500)
org.openqa.selenium.By$ByXPath.findElement(By.java:361)
org.openqa.selenium.remote.RemoteWebDriver.findElement(RemoteWebDriver.java:355)
com.infogain.uap.framework.webcontrols.webcontrolsLibrary.WebControlObjects$2.apply(WebControlObjects.java:2168)
com.infogain.uap.framework.webcontrols.webcontrolsLibrary.WebControlObjects$2.apply(WebControlObjects.java:1)
org.openqa.selenium.support.ui.FluentWait.until(FluentWait.java:238)
com.infogain.uap.framework.webcontrols.webcontrolsLibrary.WebControlObjects.findElement(WebControlObjects.java:2172)
com.infogain.uap.framework.webcontrols.webcontrolsLibrary.WebControlObjects.getWebelement(WebControlObjects.java:2100)
com.infogain.uap.framework.webcontrols.webcontrolsLibrary.WebControlObjects.getWebElementList(WebControlObjects.java:952)
com.infogain.uap.framework.webcontrols.webcontrolsLibrary.WebControlObjects.clickUsingJavaScriptExecutors(WebControlObjects.java:2902)
com.fedex.PageObject.PickUpDelivery.pickup(PickUpDelivery.java:51)
com.fedEx.BusinessObject.FedEx.checkout_multiplsheet_multifeature_multiplefile(FedEx.java:622)
sun.reflect.NativeMethodAccessorImpl.invoke0(Native Method)
sun.reflect.NativeMethodAccessorImpl.invoke(NativeMethodAccessorImpl.java:62)
sun.reflect.DelegatingMethodAccessorImpl.invoke(DelegatingMethodAccessorImpl.java:43)
java.lang.reflect.Method.invoke(Method.java:498)
org.testng.internal.MethodInvocationHelper.invokeMethod(MethodInvocationHelper.java:86)
org.testng.internal.Invoker.invokeMethod(Invoker.java:643)
org.testng.internal.Invoker.invokeTestMethod(Invoker.java:820)
org.testng.internal.Invoker.invokeTestMethods(Invoker.java:1128)
org.testng.internal.TestMethodWorker.invokeTestMethods(TestMethodWorker.java:129)
org.testng.internal.TestMethodWorker.run(TestMethodWorker.java:112)
org.testng.TestRunner.privateRun(TestRunner.java:782)
org.testng.TestRunner.run(TestRunner.java:632)
org.testng.SuiteRunner.runTest(SuiteRunner.java:366)
org.testng.SuiteRunner.access$000(SuiteRunner.java:39)
org.testng.SuiteRunner$SuiteWorker.run(SuiteRunner.java:400)
org.testng.internal.thread.ThreadUtil$2.call(ThreadUtil.java:64)
java.util.concurrent.FutureTask.run(FutureTask.java:266)
java.util.concurrent.ThreadPoolExecutor.runWorker(ThreadPoolExecutor.java:1149)
java.util.concurrent.ThreadPoolExecutor$Worker.run(ThreadPoolExecutor.java:624)
java.lang.Thread.run(Thread.java:748)
</stackTrace></methodInfo></itasClass></pageObjectMethod></pageObject></businessWorkFlow><businessWorkFlow failureId="22197" name="checkout_specialityFeature"><pageObject><pageObjectMethod><itasClass><methodInfo><stackTrace>org.openqa.selenium.remote.SessionNotFoundException: Session ID is null. Using WebDriver after calling quit()?
Build info: version: '2.53.1', revision: 'a36b8b1cd5757287168e54b817830adce9b0158d', time: '2016-06-30 19:26:09'
System info: host: 'LP-ManishRai', ip: '192.168.2.69', os.name: 'Windows 10', os.arch: 'amd64', os.version: '10.0', java.version: '1.8.0_162'
Driver info: driver.version: unknownorg.openqa.selenium.remote.HttpCommandExecutor.execute(HttpCommandExecutor.java:134)
org.openqa.selenium.remote.service.DriverCommandExecutor.execute(DriverCommandExecutor.java:82)
org.openqa.selenium.remote.RemoteWebDriver.execute(RemoteWebDriver.java:644)
org.openqa.selenium.remote.RemoteWebDriver.execute(RemoteWebDriver.java:701)
org.openqa.selenium.remote.RemoteWebDriver.getScreenshotAs(RemoteWebDriver.java:335)
com.infogain.uap.utilities.ScreenShotHandler.captureScreenShot(ScreenShotHandler.java:20)
com.infogain.uap.logger.Logger.log(Logger.java:342)
com.infogain.uap.framework.webcontrols.webcontrolsLibrary.WebControlObjects.clickUsingJavaScriptExecutors(WebControlObjects.java:2919)
com.fedex.PageObject.PickUpDelivery.pickup(PickUpDelivery.java:51)
com.fedEx.BusinessObject.FedEx.checkout_multiplsheet_multifeature_multiplefile(FedEx.java:622)
sun.reflect.NativeMethodAccessorImpl.invoke0(Native Method)
sun.reflect.NativeMethodAccessorImpl.invoke(NativeMethodAccessorImpl.java:62)
sun.reflect.DelegatingMethodAccessorImpl.invoke(DelegatingMethodAccessorImpl.java:43)
java.lang.reflect.Method.invoke(Method.java:498)
org.testng.internal.MethodInvocationHelper.invokeMethod(MethodInvocationHelper.java:86)
org.testng.internal.Invoker.invokeMethod(Invoker.java:643)
org.testng.internal.Invoker.invokeTestMethod(Invoker.java:820)
org.testng.internal.Invoker.invokeTestMethods(Invoker.java:1128)
org.testng.internal.TestMethodWorker.invokeTestMethods(TestMethodWorker.java:129)
org.testng.internal.TestMethodWorker.run(TestMethodWorker.java:112)
org.testng.TestRunner.privateRun(TestRunner.java:782)
org.testng.TestRunner.run(TestRunner.java:632)
org.testng.SuiteRunner.runTest(SuiteRunner.java:366)
org.testng.SuiteRunner.access$000(SuiteRunner.java:39)
org.testng.SuiteRunner$SuiteWorker.run(SuiteRunner.java:400)
org.testng.internal.thread.ThreadUtil$2.call(ThreadUtil.java:64)
java.util.concurrent.FutureTask.run(FutureTask.java:266)
java.util.concurrent.ThreadPoolExecutor.runWorker(ThreadPoolExecutor.java:1149)
java.util.concurrent.ThreadPoolExecutor$Worker.run(ThreadPoolExecutor.java:624)
java.lang.Thread.run(Thread.java:748)
</stackTrace></methodInfo></itasClass></pageObjectMethod></pageObject></businessWorkFlow><businessWorkFlow failureId="81799" name="checkout_specialityFeature"><pageObject><pageObjectMethod><itasClass><methodInfo><stackTrace>org.openqa.selenium.NoSuchElementException: Unable to locate element: {"method":"xpath","selector":"//input[@name='CustFirstName']"}
Command duration or timeout: 40.07 seconds
For documentation on this error, please visit: http://seleniumhq.org/exceptions/no_such_element.html
Build info: version: '2.53.1', revision: 'a36b8b1cd5757287168e54b817830adce9b0158d', time: '2016-06-30 19:26:09'
System info: host: 'LP-ManishRai', ip: '192.168.2.69', os.name: 'Windows 10', os.arch: 'amd64', os.version: '10.0', java.version: '1.8.0_162'
Driver info: org.openqa.selenium.firefox.FirefoxDriver
Capabilities [{applicationCacheEnabled=true, rotatable=false, handlesAlerts=true, databaseEnabled=true, version=47.0.2, platform=WINDOWS, nativeEvents=false, acceptSslCerts=true, webStorageEnabled=true, locationContextEnabled=true, browserName=firefox, takesScreenshot=true, javascriptEnabled=true, cssSelectorsEnabled=true}]
Session ID: 1308a02b-fc5d-4960-b0c2-5538dfaaf069
*** Element info: {Using=xpath, value=//input[@name='CustFirstName']}sun.reflect.GeneratedConstructorAccessor29.newInstance(Unknown Source)
sun.reflect.DelegatingConstructorAccessorImpl.newInstance(DelegatingConstructorAccessorImpl.java:45)
java.lang.reflect.Constructor.newInstance(Constructor.java:423)
org.openqa.selenium.remote.ErrorHandler.createThrowable(ErrorHandler.java:206)
org.openqa.selenium.remote.ErrorHandler.throwIfResponseFailed(ErrorHandler.java:158)
org.openqa.selenium.remote.RemoteWebDriver.execute(RemoteWebDriver.java:678)
org.openqa.selenium.remote.RemoteWebDriver.findElement(RemoteWebDriver.java:363)
org.openqa.selenium.remote.RemoteWebDriver.findElementByXPath(RemoteWebDriver.java:500)
org.openqa.selenium.By$ByXPath.findElement(By.java:361)
org.openqa.selenium.remote.RemoteWebDriver.findElement(RemoteWebDriver.java:355)
com.infogain.uap.framework.webcontrols.webcontrolsLibrary.WebControlObjects$2.apply(WebControlObjects.java:2168)
com.infogain.uap.framework.webcontrols.webcontrolsLibrary.WebControlObjects$2.apply(WebControlObjects.java:1)
org.openqa.selenium.support.ui.FluentWait.until(FluentWait.java:238)
com.infogain.uap.framework.webcontrols.webcontrolsLibrary.WebControlObjects.findElement(WebControlObjects.java:2172)
com.infogain.uap.framework.webcontrols.webcontrolsLibrary.WebControlObjects.getWebelement(WebControlObjects.java:2100)
com.infogain.uap.framework.webcontrols.webcontrolsLibrary.WebControlObjects.getWebElementList(WebControlObjects.java:952)
com.infogain.uap.framework.webcontrols.webcontrolsLibrary.WebControlObjects.waitUntilElementToBeClickable(WebControlObjects.java:1413)
com.fedex.PageObject.ContactInformation.fill_contactInfo(ContactInformation.java:35)
com.fedEx.BusinessObject.FedEx.checkout_multiplsheet_multifeature_multiplefile(FedEx.java:623)
sun.reflect.NativeMethodAccessorImpl.invoke0(Native Method)
sun.reflect.NativeMethodAccessorImpl.invoke(NativeMethodAccessorImpl.java:62)
sun.reflect.DelegatingMethodAccessorImpl.invoke(DelegatingMethodAccessorImpl.java:43)
java.lang.reflect.Method.invoke(Method.java:498)
org.testng.internal.MethodInvocationHelper.invokeMethod(MethodInvocationHelper.java:86)
org.testng.internal.Invoker.invokeMethod(Invoker.java:643)
org.testng.internal.Invoker.invokeTestMethod(Invoker.java:820)
org.testng.internal.Invoker.invokeTestMethods(Invoker.java:1128)
org.testng.internal.TestMethodWorker.invokeTestMethods(TestMethodWorker.java:129)
org.testng.internal.TestMethodWorker.run(TestMethodWorker.java:112)
org.testng.TestRunner.privateRun(TestRunner.java:782)
org.testng.TestRunner.run(TestRunner.java:632)
org.testng.SuiteRunner.runTest(SuiteRunner.java:366)
org.testng.SuiteRunner.access$000(SuiteRunner.java:39)
org.testng.SuiteRunner$SuiteWorker.run(SuiteRunner.java:400)
org.testng.internal.thread.ThreadUtil$2.call(ThreadUtil.java:64)
java.util.concurrent.FutureTask.run(FutureTask.java:266)
java.util.concurrent.ThreadPoolExecutor.runWorker(ThreadPoolExecutor.java:1149)
java.util.concurrent.ThreadPoolExecutor$Worker.run(ThreadPoolExecutor.java:624)
java.lang.Thread.run(Thread.java:748)
</stackTrace></methodInfo></itasClass></pageObjectMethod></pageObject></businessWorkFlow><businessWorkFlow failureId="17382" name="checkout_specialityFeature"><pageObject><pageObjectMethod><itasClass><methodInfo><stackTrace>org.openqa.selenium.NoSuchElementException: Unable to locate element: {"method":"xpath","selector":"//input[@name='CustFirstName']"}
Command duration or timeout: 40.04 seconds
For documentation on this error, please visit: http://seleniumhq.org/exceptions/no_such_element.html
Build info: version: '2.53.1', revision: 'a36b8b1cd5757287168e54b817830adce9b0158d', time: '2016-06-30 19:26:09'
System info: host: 'LP-ManishRai', ip: '192.168.2.69', os.name: 'Windows 10', os.arch: 'amd64', os.version: '10.0', java.version: '1.8.0_162'
Driver info: org.openqa.selenium.firefox.FirefoxDriver
Capabilities [{applicationCacheEnabled=true, rotatable=false, handlesAlerts=true, databaseEnabled=true, version=47.0.2, platform=WINDOWS, nativeEvents=false, acceptSslCerts=true, webStorageEnabled=true, locationContextEnabled=true, browserName=firefox, takesScreenshot=true, javascriptEnabled=true, cssSelectorsEnabled=true}]
Session ID: 1308a02b-fc5d-4960-b0c2-5538dfaaf069
*** Element info: {Using=xpath, value=//input[@name='CustFirstName']}sun.reflect.GeneratedConstructorAccessor29.newInstance(Unknown Source)
sun.reflect.DelegatingConstructorAccessorImpl.newInstance(DelegatingConstructorAccessorImpl.java:45)
java.lang.reflect.Constructor.newInstance(Constructor.java:423)
org.openqa.selenium.remote.ErrorHandler.createThrowable(ErrorHandler.java:206)
org.openqa.selenium.remote.ErrorHandler.throwIfResponseFailed(ErrorHandler.java:158)
org.openqa.selenium.remote.RemoteWebDriver.execute(RemoteWebDriver.java:678)
org.openqa.selenium.remote.RemoteWebDriver.findElement(RemoteWebDriver.java:363)
org.openqa.selenium.remote.RemoteWebDriver.findElementByXPath(RemoteWebDriver.java:500)
org.openqa.selenium.By$ByXPath.findElement(By.java:361)
org.openqa.selenium.remote.RemoteWebDriver.findElement(RemoteWebDriver.java:355)
com.infogain.uap.framework.webcontrols.webcontrolsLibrary.WebControlObjects$2.apply(WebControlObjects.java:2168)
com.infogain.uap.framework.webcontrols.webcontrolsLibrary.WebControlObjects$2.apply(WebControlObjects.java:1)
org.openqa.selenium.support.ui.FluentWait.until(FluentWait.java:238)
com.infogain.uap.framework.webcontrols.webcontrolsLibrary.WebControlObjects.findElement(WebControlObjects.java:2172)
com.infogain.uap.framework.webcontrols.webcontrolsLibrary.WebControlObjects.getWebelement(WebControlObjects.java:2100)
com.infogain.uap.framework.webcontrols.webcontrolsLibrary.WebControlObjects.getWebElementList(WebControlObjects.java:952)
com.infogain.uap.framework.webcontrols.webcontrolsLibrary.WebControlObjects.enterText(WebControlObjects.java:129)
com.fedex.PageObject.ContactInformation.fill_contactInfo(ContactInformation.java:36)
com.fedEx.BusinessObject.FedEx.checkout_multiplsheet_multifeature_multiplefile(FedEx.java:623)
sun.reflect.NativeMethodAccessorImpl.invoke0(Native Method)
sun.reflect.NativeMethodAccessorImpl.invoke(NativeMethodAccessorImpl.java:62)
sun.reflect.DelegatingMethodAccessorImpl.invoke(DelegatingMethodAccessorImpl.java:43)
java.lang.reflect.Method.invoke(Method.java:498)
org.testng.internal.MethodInvocationHelper.invokeMethod(MethodInvocationHelper.java:86)
org.testng.internal.Invoker.invokeMethod(Invoker.java:643)
org.testng.internal.Invoker.invokeTestMethod(Invoker.java:820)
org.testng.internal.Invoker.invokeTestMethods(Invoker.java:1128)
org.testng.internal.TestMethodWorker.invokeTestMethods(TestMethodWorker.java:129)
org.testng.internal.TestMethodWorker.run(TestMethodWorker.java:112)
org.testng.TestRunner.privateRun(TestRunner.java:782)
org.testng.TestRunner.run(TestRunner.java:632)
org.testng.SuiteRunner.runTest(SuiteRunner.java:366)
org.testng.SuiteRunner.access$000(SuiteRunner.java:39)
org.testng.SuiteRunner$SuiteWorker.run(SuiteRunner.java:400)
org.testng.internal.thread.ThreadUtil$2.call(ThreadUtil.java:64)
java.util.concurrent.FutureTask.run(FutureTask.java:266)
java.util.concurrent.ThreadPoolExecutor.runWorker(ThreadPoolExecutor.java:1149)
java.util.concurrent.ThreadPoolExecutor$Worker.run(ThreadPoolExecutor.java:624)
java.lang.Thread.run(Thread.java:748)
</stackTrace></methodInfo></itasClass></pageObjectMethod></pageObject></businessWorkFlow><businessWorkFlow failureId="3523" name="checkout_specialityFeature"><pageObject><pageObjectMethod><itasClass><methodInfo><stackTrace>org.openqa.selenium.remote.SessionNotFoundException: Session ID is null. Using WebDriver after calling quit()?
Build info: version: '2.53.1', revision: 'a36b8b1cd5757287168e54b817830adce9b0158d', time: '2016-06-30 19:26:09'
System info: host: 'LP-ManishRai', ip: '192.168.2.69', os.name: 'Windows 10', os.arch: 'amd64', os.version: '10.0', java.version: '1.8.0_162'
Driver info: driver.version: unknownorg.openqa.selenium.remote.HttpCommandExecutor.execute(HttpCommandExecutor.java:134)
org.openqa.selenium.remote.service.DriverCommandExecutor.execute(DriverCommandExecutor.java:82)
org.openqa.selenium.remote.RemoteWebDriver.execute(RemoteWebDriver.java:644)
org.openqa.selenium.remote.RemoteWebDriver.execute(RemoteWebDriver.java:701)
org.openqa.selenium.remote.RemoteWebDriver.getScreenshotAs(RemoteWebDriver.java:335)
com.infogain.uap.utilities.ScreenShotHandler.captureScreenShot(ScreenShotHandler.java:20)
com.infogain.uap.logger.Logger.log(Logger.java:342)
com.infogain.uap.framework.webcontrols.webcontrolsLibrary.WebControlObjects.enterText(WebControlObjects.java:141)
com.fedex.PageObject.ContactInformation.fill_contactInfo(ContactInformation.java:36)
com.fedEx.BusinessObject.FedEx.checkout_multiplsheet_multifeature_multiplefile(FedEx.java:623)
sun.reflect.NativeMethodAccessorImpl.invoke0(Native Method)
sun.reflect.NativeMethodAccessorImpl.invoke(NativeMethodAccessorImpl.java:62)
sun.reflect.DelegatingMethodAccessorImpl.invoke(DelegatingMethodAccessorImpl.java:43)
java.lang.reflect.Method.invoke(Method.java:498)
org.testng.internal.MethodInvocationHelper.invokeMethod(MethodInvocationHelper.java:86)
org.testng.internal.Invoker.invokeMethod(Invoker.java:643)
org.testng.internal.Invoker.invokeTestMethod(Invoker.java:820)
org.testng.internal.Invoker.invokeTestMethods(Invoker.java:1128)
org.testng.internal.TestMethodWorker.invokeTestMethods(TestMethodWorker.java:129)
org.testng.internal.TestMethodWorker.run(TestMethodWorker.java:112)
org.testng.TestRunner.privateRun(TestRunner.java:782)
org.testng.TestRunner.run(TestRunner.java:632)
org.testng.SuiteRunner.runTest(SuiteRunner.java:366)
org.testng.SuiteRunner.access$000(SuiteRunner.java:39)
org.testng.SuiteRunner$SuiteWorker.run(SuiteRunner.java:400)
org.testng.internal.thread.ThreadUtil$2.call(ThreadUtil.java:64)
java.util.concurrent.FutureTask.run(FutureTask.java:266)
java.util.concurrent.ThreadPoolExecutor.runWorker(ThreadPoolExecutor.java:1149)
java.util.concurrent.ThreadPoolExecutor$Worker.run(ThreadPoolExecutor.java:624)
java.lang.Thread.run(Thread.java:748)
</stackTrace></methodInfo></itasClass></pageObjectMethod></pageObject></businessWorkFlow><businessWorkFlow failureId="8033" name="checkout_specialityFeature"><pageObject><pageObjectMethod><itasClass><methodInfo><stackTrace>org.openqa.selenium.NoSuchElementException: Unable to locate element: {"method":"xpath","selector":"//input[@name='CustLastName']"}
Command duration or timeout: 40.04 seconds
For documentation on this error, please visit: http://seleniumhq.org/exceptions/no_such_element.html
Build info: version: '2.53.1', revision: 'a36b8b1cd5757287168e54b817830adce9b0158d', time: '2016-06-30 19:26:09'
System info: host: 'LP-ManishRai', ip: '192.168.2.69', os.name: 'Windows 10', os.arch: 'amd64', os.version: '10.0', java.version: '1.8.0_162'
Driver info: org.openqa.selenium.firefox.FirefoxDriver
Capabilities [{applicationCacheEnabled=true, rotatable=false, handlesAlerts=true, databaseEnabled=true, version=47.0.2, platform=WINDOWS, nativeEvents=false, acceptSslCerts=true, webStorageEnabled=true, locationContextEnabled=true, browserName=firefox, takesScreenshot=true, javascriptEnabled=true, cssSelectorsEnabled=true}]
Session ID: 1308a02b-fc5d-4960-b0c2-5538dfaaf069
*** Element info: {Using=xpath, value=//input[@name='CustLastName']}sun.reflect.GeneratedConstructorAccessor29.newInstance(Unknown Source)
sun.reflect.DelegatingConstructorAccessorImpl.newInstance(DelegatingConstructorAccessorImpl.java:45)
java.lang.reflect.Constructor.newInstance(Constructor.java:423)
org.openqa.selenium.remote.ErrorHandler.createThrowable(ErrorHandler.java:206)
org.openqa.selenium.remote.ErrorHandler.throwIfResponseFailed(ErrorHandler.java:158)
org.openqa.selenium.remote.RemoteWebDriver.execute(RemoteWebDriver.java:678)
org.openqa.selenium.remote.RemoteWebDriver.findElement(RemoteWebDriver.java:363)
org.openqa.selenium.remote.RemoteWebDriver.findElementByXPath(RemoteWebDriver.java:500)
org.openqa.selenium.By$ByXPath.findElement(By.java:361)
org.openqa.selenium.remote.RemoteWebDriver.findElement(RemoteWebDriver.java:355)
com.infogain.uap.framework.webcontrols.webcontrolsLibrary.WebControlObjects$2.apply(WebControlObjects.java:2168)
com.infogain.uap.framework.webcontrols.webcontrolsLibrary.WebControlObjects$2.apply(WebControlObjects.java:1)
org.openqa.selenium.support.ui.FluentWait.until(FluentWait.java:238)
com.infogain.uap.framework.webcontrols.webcontrolsLibrary.WebControlObjects.findElement(WebControlObjects.java:2172)
com.infogain.uap.framework.webcontrols.webcontrolsLibrary.WebControlObjects.getWebelement(WebControlObjects.java:2100)
com.infogain.uap.framework.webcontrols.webcontrolsLibrary.WebControlObjects.getWebElementList(WebControlObjects.java:952)
com.infogain.uap.framework.webcontrols.webcontrolsLibrary.WebControlObjects.enterText(WebControlObjects.java:129)
com.fedex.PageObject.ContactInformation.fill_contactInfo(ContactInformation.java:37)
com.fedEx.BusinessObject.FedEx.checkout_multiplsheet_multifeature_multiplefile(FedEx.java:623)
sun.reflect.NativeMethodAccessorImpl.invoke0(Native Method)
sun.reflect.NativeMethodAccessorImpl.invoke(NativeMethodAccessorImpl.java:62)
sun.reflect.DelegatingMethodAccessorImpl.invoke(DelegatingMethodAccessorImpl.java:43)
java.lang.reflect.Method.invoke(Method.java:498)
org.testng.internal.MethodInvocationHelper.invokeMethod(MethodInvocationHelper.java:86)
org.testng.internal.Invoker.invokeMethod(Invoker.java:643)
org.testng.internal.Invoker.invokeTestMethod(Invoker.java:820)
org.testng.internal.Invoker.invokeTestMethods(Invoker.java:1128)
org.testng.internal.TestMethodWorker.invokeTestMethods(TestMethodWorker.java:129)
org.testng.internal.TestMethodWorker.run(TestMethodWorker.java:112)
org.testng.TestRunner.privateRun(TestRunner.java:782)
org.testng.TestRunner.run(TestRunner.java:632)
org.testng.SuiteRunner.runTest(SuiteRunner.java:366)
org.testng.SuiteRunner.access$000(SuiteRunner.java:39)
org.testng.SuiteRunner$SuiteWorker.run(SuiteRunner.java:400)
org.testng.internal.thread.ThreadUtil$2.call(ThreadUtil.java:64)
java.util.concurrent.FutureTask.run(FutureTask.java:266)
java.util.concurrent.ThreadPoolExecutor.runWorker(ThreadPoolExecutor.java:1149)
java.util.concurrent.ThreadPoolExecutor$Worker.run(ThreadPoolExecutor.java:624)
java.lang.Thread.run(Thread.java:748)
</stackTrace></methodInfo></itasClass></pageObjectMethod></pageObject></businessWorkFlow><businessWorkFlow failureId="71956" name="checkout_specialityFeature"><pageObject><pageObjectMethod><itasClass><methodInfo><stackTrace>org.openqa.selenium.remote.SessionNotFoundException: Session ID is null. Using WebDriver after calling quit()?
Build info: version: '2.53.1', revision: 'a36b8b1cd5757287168e54b817830adce9b0158d', time: '2016-06-30 19:26:09'
System info: host: 'LP-ManishRai', ip: '192.168.2.69', os.name: 'Windows 10', os.arch: 'amd64', os.version: '10.0', java.version: '1.8.0_162'
Driver info: driver.version: unknownorg.openqa.selenium.remote.HttpCommandExecutor.execute(HttpCommandExecutor.java:134)
org.openqa.selenium.remote.service.DriverCommandExecutor.execute(DriverCommandExecutor.java:82)
org.openqa.selenium.remote.RemoteWebDriver.execute(RemoteWebDriver.java:644)
org.openqa.selenium.remote.RemoteWebDriver.execute(RemoteWebDriver.java:701)
org.openqa.selenium.remote.RemoteWebDriver.getScreenshotAs(RemoteWebDriver.java:335)
com.infogain.uap.utilities.ScreenShotHandler.captureScreenShot(ScreenShotHandler.java:20)
com.infogain.uap.logger.Logger.log(Logger.java:342)
com.infogain.uap.framework.webcontrols.webcontrolsLibrary.WebControlObjects.enterText(WebControlObjects.java:141)
com.fedex.PageObject.ContactInformation.fill_contactInfo(ContactInformation.java:37)
com.fedEx.BusinessObject.FedEx.checkout_multiplsheet_multifeature_multiplefile(FedEx.java:623)
sun.reflect.NativeMethodAccessorImpl.invoke0(Native Method)
sun.reflect.NativeMethodAccessorImpl.invoke(NativeMethodAccessorImpl.java:62)
sun.reflect.DelegatingMethodAccessorImpl.invoke(DelegatingMethodAccessorImpl.java:43)
java.lang.reflect.Method.invoke(Method.java:498)
org.testng.internal.MethodInvocationHelper.invokeMethod(MethodInvocationHelper.java:86)
org.testng.internal.Invoker.invokeMethod(Invoker.java:643)
org.testng.internal.Invoker.invokeTestMethod(Invoker.java:820)
org.testng.internal.Invoker.invokeTestMethods(Invoker.java:1128)
org.testng.internal.TestMethodWorker.invokeTestMethods(TestMethodWorker.java:129)
org.testng.internal.TestMethodWorker.run(TestMethodWorker.java:112)
org.testng.TestRunner.privateRun(TestRunner.java:782)
org.testng.TestRunner.run(TestRunner.java:632)
org.testng.SuiteRunner.runTest(SuiteRunner.java:366)
org.testng.SuiteRunner.access$000(SuiteRunner.java:39)
org.testng.SuiteRunner$SuiteWorker.run(SuiteRunner.java:400)
org.testng.internal.thread.ThreadUtil$2.call(ThreadUtil.java:64)
java.util.concurrent.FutureTask.run(FutureTask.java:266)
java.util.concurrent.ThreadPoolExecutor.runWorker(ThreadPoolExecutor.java:1149)
java.util.concurrent.ThreadPoolExecutor$Worker.run(ThreadPoolExecutor.java:624)
java.lang.Thread.run(Thread.java:748)
</stackTrace></methodInfo></itasClass></pageObjectMethod></pageObject></businessWorkFlow><businessWorkFlow failureId="41973" name="checkout_specialityFeature"><pageObject><pageObjectMethod><itasClass><methodInfo><stackTrace>org.openqa.selenium.NoSuchElementException: Unable to locate element: {"method":"xpath","selector":"//input[@name='CustPhone']"}
Command duration or timeout: 40.09 seconds
For documentation on this error, please visit: http://seleniumhq.org/exceptions/no_such_element.html
Build info: version: '2.53.1', revision: 'a36b8b1cd5757287168e54b817830adce9b0158d', time: '2016-06-30 19:26:09'
System info: host: 'LP-ManishRai', ip: '192.168.2.69', os.name: 'Windows 10', os.arch: 'amd64', os.version: '10.0', java.version: '1.8.0_162'
Driver info: org.openqa.selenium.firefox.FirefoxDriver
Capabilities [{applicationCacheEnabled=true, rotatable=false, handlesAlerts=true, databaseEnabled=true, version=47.0.2, platform=WINDOWS, nativeEvents=false, acceptSslCerts=true, webStorageEnabled=true, locationContextEnabled=true, browserName=firefox, takesScreenshot=true, javascriptEnabled=true, cssSelectorsEnabled=true}]
Session ID: 1308a02b-fc5d-4960-b0c2-5538dfaaf069
*** Element info: {Using=xpath, value=//input[@name='CustPhone']}sun.reflect.GeneratedConstructorAccessor29.newInstance(Unknown Source)
sun.reflect.DelegatingConstructorAccessorImpl.newInstance(DelegatingConstructorAccessorImpl.java:45)
java.lang.reflect.Constructor.newInstance(Constructor.java:423)
org.openqa.selenium.remote.ErrorHandler.createThrowable(ErrorHandler.java:206)
org.openqa.selenium.remote.ErrorHandler.throwIfResponseFailed(ErrorHandler.java:158)
org.openqa.selenium.remote.RemoteWebDriver.execute(RemoteWebDriver.java:678)
org.openqa.selenium.remote.RemoteWebDriver.findElement(RemoteWebDriver.java:363)
org.openqa.selenium.remote.RemoteWebDriver.findElementByXPath(RemoteWebDriver.java:500)
org.openqa.selenium.By$ByXPath.findElement(By.java:361)
org.openqa.selenium.remote.RemoteWebDriver.findElement(RemoteWebDriver.java:355)
com.infogain.uap.framework.webcontrols.webcontrolsLibrary.WebControlObjects$2.apply(WebControlObjects.java:2168)
com.infogain.uap.framework.webcontrols.webcontrolsLibrary.WebControlObjects$2.apply(WebControlObjects.java:1)
org.openqa.selenium.support.ui.FluentWait.until(FluentWait.java:238)
com.infogain.uap.framework.webcontrols.webcontrolsLibrary.WebControlObjects.findElement(WebControlObjects.java:2172)
com.infogain.uap.framework.webcontrols.webcontrolsLibrary.WebControlObjects.getWebelement(WebControlObjects.java:2100)
com.infogain.uap.framework.webcontrols.webcontrolsLibrary.WebControlObjects.getWebElementList(WebControlObjects.java:952)
com.infogain.uap.framework.webcontrols.webcontrolsLibrary.WebControlObjects.enterText(WebControlObjects.java:129)
com.fedex.PageObject.ContactInformation.fill_contactInfo(ContactInformation.java:38)
com.fedEx.BusinessObject.FedEx.checkout_multiplsheet_multifeature_multiplefile(FedEx.java:623)
sun.reflect.NativeMethodAccessorImpl.invoke0(Native Method)
sun.reflect.NativeMethodAccessorImpl.invoke(NativeMethodAccessorImpl.java:62)
sun.reflect.DelegatingMethodAccessorImpl.invoke(DelegatingMethodAccessorImpl.java:43)
java.lang.reflect.Method.invoke(Method.java:498)
org.testng.internal.MethodInvocationHelper.invokeMethod(MethodInvocationHelper.java:86)
org.testng.internal.Invoker.invokeMethod(Invoker.java:643)
org.testng.internal.Invoker.invokeTestMethod(Invoker.java:820)
org.testng.internal.Invoker.invokeTestMethods(Invoker.java:1128)
org.testng.internal.TestMethodWorker.invokeTestMethods(TestMethodWorker.java:129)
org.testng.internal.TestMethodWorker.run(TestMethodWorker.java:112)
org.testng.TestRunner.privateRun(TestRunner.java:782)
org.testng.TestRunner.run(TestRunner.java:632)
org.testng.SuiteRunner.runTest(SuiteRunner.java:366)
org.testng.SuiteRunner.access$000(SuiteRunner.java:39)
org.testng.SuiteRunner$SuiteWorker.run(SuiteRunner.java:400)
org.testng.internal.thread.ThreadUtil$2.call(ThreadUtil.java:64)
java.util.concurrent.FutureTask.run(FutureTask.java:266)
java.util.concurrent.ThreadPoolExecutor.runWorker(ThreadPoolExecutor.java:1149)
java.util.concurrent.ThreadPoolExecutor$Worker.run(ThreadPoolExecutor.java:624)
java.lang.Thread.run(Thread.java:748)
</stackTrace></methodInfo></itasClass></pageObjectMethod></pageObject></businessWorkFlow><businessWorkFlow failureId="2575" name="checkout_specialityFeature"><pageObject><pageObjectMethod><itasClass><methodInfo><stackTrace>org.openqa.selenium.remote.SessionNotFoundException: Session ID is null. Using WebDriver after calling quit()?
Build info: version: '2.53.1', revision: 'a36b8b1cd5757287168e54b817830adce9b0158d', time: '2016-06-30 19:26:09'
System info: host: 'LP-ManishRai', ip: '192.168.2.69', os.name: 'Windows 10', os.arch: 'amd64', os.version: '10.0', java.version: '1.8.0_162'
Driver info: driver.version: unknownorg.openqa.selenium.remote.HttpCommandExecutor.execute(HttpCommandExecutor.java:134)
org.openqa.selenium.remote.service.DriverCommandExecutor.execute(DriverCommandExecutor.java:82)
org.openqa.selenium.remote.RemoteWebDriver.execute(RemoteWebDriver.java:644)
org.openqa.selenium.remote.RemoteWebDriver.execute(RemoteWebDriver.java:701)
org.openqa.selenium.remote.RemoteWebDriver.getScreenshotAs(RemoteWebDriver.java:335)
com.infogain.uap.utilities.ScreenShotHandler.captureScreenShot(ScreenShotHandler.java:20)
com.infogain.uap.logger.Logger.log(Logger.java:342)
com.infogain.uap.framework.webcontrols.webcontrolsLibrary.WebControlObjects.enterText(WebControlObjects.java:141)
com.fedex.PageObject.ContactInformation.fill_contactInfo(ContactInformation.java:38)
com.fedEx.BusinessObject.FedEx.checkout_multiplsheet_multifeature_multiplefile(FedEx.java:623)
sun.reflect.NativeMethodAccessorImpl.invoke0(Native Method)
sun.reflect.NativeMethodAccessorImpl.invoke(NativeMethodAccessorImpl.java:62)
sun.reflect.DelegatingMethodAccessorImpl.invoke(DelegatingMethodAccessorImpl.java:43)
java.lang.reflect.Method.invoke(Method.java:498)
org.testng.internal.MethodInvocationHelper.invokeMethod(MethodInvocationHelper.java:86)
org.testng.internal.Invoker.invokeMethod(Invoker.java:643)
org.testng.internal.Invoker.invokeTestMethod(Invoker.java:820)
org.testng.internal.Invoker.invokeTestMethods(Invoker.java:1128)
org.testng.internal.TestMethodWorker.invokeTestMethods(TestMethodWorker.java:129)
org.testng.internal.TestMethodWorker.run(TestMethodWorker.java:112)
org.testng.TestRunner.privateRun(TestRunner.java:782)
org.testng.TestRunner.run(TestRunner.java:632)
org.testng.SuiteRunner.runTest(SuiteRunner.java:366)
org.testng.SuiteRunner.access$000(SuiteRunner.java:39)
org.testng.SuiteRunner$SuiteWorker.run(SuiteRunner.java:400)
org.testng.internal.thread.ThreadUtil$2.call(ThreadUtil.java:64)
java.util.concurrent.FutureTask.run(FutureTask.java:266)
java.util.concurrent.ThreadPoolExecutor.runWorker(ThreadPoolExecutor.java:1149)
java.util.concurrent.ThreadPoolExecutor$Worker.run(ThreadPoolExecutor.java:624)
java.lang.Thread.run(Thread.java:748)
</stackTrace></methodInfo></itasClass></pageObjectMethod></pageObject></businessWorkFlow><businessWorkFlow failureId="70646" name="checkout_specialityFeature"><pageObject><pageObjectMethod><itasClass><methodInfo><stackTrace>org.openqa.selenium.NoSuchElementException: Unable to locate element: {"method":"xpath","selector":"//input[@name='CustEmail']"}
Command duration or timeout: 40.02 seconds
For documentation on this error, please visit: http://seleniumhq.org/exceptions/no_such_element.html
Build info: version: '2.53.1', revision: 'a36b8b1cd5757287168e54b817830adce9b0158d', time: '2016-06-30 19:26:09'
System info: host: 'LP-ManishRai', ip: '192.168.2.69', os.name: 'Windows 10', os.arch: 'amd64', os.version: '10.0', java.version: '1.8.0_162'
Driver info: org.openqa.selenium.firefox.FirefoxDriver
Capabilities [{applicationCacheEnabled=true, rotatable=false, handlesAlerts=true, databaseEnabled=true, version=47.0.2, platform=WINDOWS, nativeEvents=false, acceptSslCerts=true, webStorageEnabled=true, locationContextEnabled=true, browserName=firefox, takesScreenshot=true, javascriptEnabled=true, cssSelectorsEnabled=true}]
Session ID: 1308a02b-fc5d-4960-b0c2-5538dfaaf069
*** Element info: {Using=xpath, value=//input[@name='CustEmail']}sun.reflect.GeneratedConstructorAccessor29.newInstance(Unknown Source)
sun.reflect.DelegatingConstructorAccessorImpl.newInstance(DelegatingConstructorAccessorImpl.java:45)
java.lang.reflect.Constructor.newInstance(Constructor.java:423)
org.openqa.selenium.remote.ErrorHandler.createThrowable(ErrorHandler.java:206)
org.openqa.selenium.remote.ErrorHandler.throwIfResponseFailed(ErrorHandler.java:158)
org.openqa.selenium.remote.RemoteWebDriver.execute(RemoteWebDriver.java:678)
org.openqa.selenium.remote.RemoteWebDriver.findElement(RemoteWebDriver.java:363)
org.openqa.selenium.remote.RemoteWebDriver.findElementByXPath(RemoteWebDriver.java:500)
org.openqa.selenium.By$ByXPath.findElement(By.java:361)
org.openqa.selenium.remote.RemoteWebDriver.findElement(RemoteWebDriver.java:355)
com.infogain.uap.framework.webcontrols.webcontrolsLibrary.WebControlObjects$2.apply(WebControlObjects.java:2168)
com.infogain.uap.framework.webcontrols.webcontrolsLibrary.WebControlObjects$2.apply(WebControlObjects.java:1)
org.openqa.selenium.support.ui.FluentWait.until(FluentWait.java:238)
com.infogain.uap.framework.webcontrols.webcontrolsLibrary.WebControlObjects.findElement(WebControlObjects.java:2172)
com.infogain.uap.framework.webcontrols.webcontrolsLibrary.WebControlObjects.getWebelement(WebControlObjects.java:2100)
com.infogain.uap.framework.webcontrols.webcontrolsLibrary.WebControlObjects.getWebElementList(WebControlObjects.java:952)
com.infogain.uap.framework.webcontrols.webcontrolsLibrary.WebControlObjects.enterText(WebControlObjects.java:129)
com.fedex.PageObject.ContactInformation.fill_contactInfo(ContactInformation.java:39)
com.fedEx.BusinessObject.FedEx.checkout_multiplsheet_multifeature_multiplefile(FedEx.java:623)
sun.reflect.NativeMethodAccessorImpl.invoke0(Native Method)
sun.reflect.NativeMethodAccessorImpl.invoke(NativeMethodAccessorImpl.java:62)
sun.reflect.DelegatingMethodAccessorImpl.invoke(DelegatingMethodAccessorImpl.java:43)
java.lang.reflect.Method.invoke(Method.java:498)
org.testng.internal.MethodInvocationHelper.invokeMethod(MethodInvocationHelper.java:86)
org.testng.internal.Invoker.invokeMethod(Invoker.java:643)
org.testng.internal.Invoker.invokeTestMethod(Invoker.java:820)
org.testng.internal.Invoker.invokeTestMethods(Invoker.java:1128)
org.testng.internal.TestMethodWorker.invokeTestMethods(TestMethodWorker.java:129)
org.testng.internal.TestMethodWorker.run(TestMethodWorker.java:112)
org.testng.TestRunner.privateRun(TestRunner.java:782)
org.testng.TestRunner.run(TestRunner.java:632)
org.testng.SuiteRunner.runTest(SuiteRunner.java:366)
org.testng.SuiteRunner.access$000(SuiteRunner.java:39)
org.testng.SuiteRunner$SuiteWorker.run(SuiteRunner.java:400)
org.testng.internal.thread.ThreadUtil$2.call(ThreadUtil.java:64)
java.util.concurrent.FutureTask.run(FutureTask.java:266)
java.util.concurrent.ThreadPoolExecutor.runWorker(ThreadPoolExecutor.java:1149)
java.util.concurrent.ThreadPoolExecutor$Worker.run(ThreadPoolExecutor.java:624)
java.lang.Thread.run(Thread.java:748)
</stackTrace></methodInfo></itasClass></pageObjectMethod></pageObject></businessWorkFlow><businessWorkFlow failureId="6751" name="checkout_specialityFeature"><pageObject><pageObjectMethod><itasClass><methodInfo><stackTrace>org.openqa.selenium.remote.SessionNotFoundException: Session ID is null. Using WebDriver after calling quit()?
Build info: version: '2.53.1', revision: 'a36b8b1cd5757287168e54b817830adce9b0158d', time: '2016-06-30 19:26:09'
System info: host: 'LP-ManishRai', ip: '192.168.2.69', os.name: 'Windows 10', os.arch: 'amd64', os.version: '10.0', java.version: '1.8.0_162'
Driver info: driver.version: unknownorg.openqa.selenium.remote.HttpCommandExecutor.execute(HttpCommandExecutor.java:134)
org.openqa.selenium.remote.service.DriverCommandExecutor.execute(DriverCommandExecutor.java:82)
org.openqa.selenium.remote.RemoteWebDriver.execute(RemoteWebDriver.java:644)
org.openqa.selenium.remote.RemoteWebDriver.execute(RemoteWebDriver.java:701)
org.openqa.selenium.remote.RemoteWebDriver.getScreenshotAs(RemoteWebDriver.java:335)
com.infogain.uap.utilities.ScreenShotHandler.captureScreenShot(ScreenShotHandler.java:20)
com.infogain.uap.logger.Logger.log(Logger.java:342)
com.infogain.uap.framework.webcontrols.webcontrolsLibrary.WebControlObjects.enterText(WebControlObjects.java:141)
com.fedex.PageObject.ContactInformation.fill_contactInfo(ContactInformation.java:39)
com.fedEx.BusinessObject.FedEx.checkout_multiplsheet_multifeature_multiplefile(FedEx.java:623)
sun.reflect.NativeMethodAccessorImpl.invoke0(Native Method)
sun.reflect.NativeMethodAccessorImpl.invoke(NativeMethodAccessorImpl.java:62)
sun.reflect.DelegatingMethodAccessorImpl.invoke(DelegatingMethodAccessorImpl.java:43)
java.lang.reflect.Method.invoke(Method.java:498)
org.testng.internal.MethodInvocationHelper.invokeMethod(MethodInvocationHelper.java:86)
org.testng.internal.Invoker.invokeMethod(Invoker.java:643)
org.testng.internal.Invoker.invokeTestMethod(Invoker.java:820)
org.testng.internal.Invoker.invokeTestMethods(Invoker.java:1128)
org.testng.internal.TestMethodWorker.invokeTestMethods(TestMethodWorker.java:129)
org.testng.internal.TestMethodWorker.run(TestMethodWorker.java:112)
org.testng.TestRunner.privateRun(TestRunner.java:782)
org.testng.TestRunner.run(TestRunner.java:632)
org.testng.SuiteRunner.runTest(SuiteRunner.java:366)
org.testng.SuiteRunner.access$000(SuiteRunner.java:39)
org.testng.SuiteRunner$SuiteWorker.run(SuiteRunner.java:400)
org.testng.internal.thread.ThreadUtil$2.call(ThreadUtil.java:64)
java.util.concurrent.FutureTask.run(FutureTask.java:266)
java.util.concurrent.ThreadPoolExecutor.runWorker(ThreadPoolExecutor.java:1149)
java.util.concurrent.ThreadPoolExecutor$Worker.run(ThreadPoolExecutor.java:624)
java.lang.Thread.run(Thread.java:748)
</stackTrace></methodInfo></itasClass></pageObjectMethod></pageObject></businessWorkFlow><businessWorkFlow failureId="28204" name="checkout_specialityFeature"><pageObject><pageObjectMethod><itasClass><methodInfo><stackTrace>org.openqa.selenium.NoSuchElementException: Unable to locate element: {"method":"xpath","selector":"//a[@id='checkout-show-payment']"}
Command duration or timeout: 40.11 seconds
For documentation on this error, please visit: http://seleniumhq.org/exceptions/no_such_element.html
Build info: version: '2.53.1', revision: 'a36b8b1cd5757287168e54b817830adce9b0158d', time: '2016-06-30 19:26:09'
System info: host: 'LP-ManishRai', ip: '192.168.2.69', os.name: 'Windows 10', os.arch: 'amd64', os.version: '10.0', java.version: '1.8.0_162'
Driver info: org.openqa.selenium.firefox.FirefoxDriver
Capabilities [{applicationCacheEnabled=true, rotatable=false, handlesAlerts=true, databaseEnabled=true, version=47.0.2, platform=WINDOWS, nativeEvents=false, acceptSslCerts=true, webStorageEnabled=true, locationContextEnabled=true, browserName=firefox, takesScreenshot=true, javascriptEnabled=true, cssSelectorsEnabled=true}]
Session ID: 1308a02b-fc5d-4960-b0c2-5538dfaaf069
*** Element info: {Using=xpath, value=//a[@id='checkout-show-payment']}sun.reflect.GeneratedConstructorAccessor29.newInstance(Unknown Source)
sun.reflect.DelegatingConstructorAccessorImpl.newInstance(DelegatingConstructorAccessorImpl.java:45)
java.lang.reflect.Constructor.newInstance(Constructor.java:423)
org.openqa.selenium.remote.ErrorHandler.createThrowable(ErrorHandler.java:206)
org.openqa.selenium.remote.ErrorHandler.throwIfResponseFailed(ErrorHandler.java:158)
org.openqa.selenium.remote.RemoteWebDriver.execute(RemoteWebDriver.java:678)
org.openqa.selenium.remote.RemoteWebDriver.findElement(RemoteWebDriver.java:363)
org.openqa.selenium.remote.RemoteWebDriver.findElementByXPath(RemoteWebDriver.java:500)
org.openqa.selenium.By$ByXPath.findElement(By.java:361)
org.openqa.selenium.remote.RemoteWebDriver.findElement(RemoteWebDriver.java:355)
com.infogain.uap.framework.webcontrols.webcontrolsLibrary.WebControlObjects$2.apply(WebControlObjects.java:2168)
com.infogain.uap.framework.webcontrols.webcontrolsLibrary.WebControlObjects$2.apply(WebControlObjects.java:1)
org.openqa.selenium.support.ui.FluentWait.until(FluentWait.java:238)
com.infogain.uap.framework.webcontrols.webcontrolsLibrary.WebControlObjects.findElement(WebControlObjects.java:2172)
com.infogain.uap.framework.webcontrols.webcontrolsLibrary.WebControlObjects.getWebelement(WebControlObjects.java:2119)
com.infogain.uap.framework.webcontrols.webcontrolsLibrary.WebControlObjects.getWebElementList(WebControlObjects.java:1000)
com.infogain.uap.framework.webcontrols.webcontrolsLibrary.WebControlObjects.waitUntilElementIsVisible(WebControlObjects.java:1317)
com.fedex.PageObject.ContactInformation.fill_contactInfo(ContactInformation.java:40)
com.fedEx.BusinessObject.FedEx.checkout_multiplsheet_multifeature_multiplefile(FedEx.java:623)
sun.reflect.NativeMethodAccessorImpl.invoke0(Native Method)
sun.reflect.NativeMethodAccessorImpl.invoke(NativeMethodAccessorImpl.java:62)
sun.reflect.DelegatingMethodAccessorImpl.invoke(DelegatingMethodAccessorImpl.java:43)
java.lang.reflect.Method.invoke(Method.java:498)
org.testng.internal.MethodInvocationHelper.invokeMethod(MethodInvocationHelper.java:86)
org.testng.internal.Invoker.invokeMethod(Invoker.java:643)
org.testng.internal.Invoker.invokeTestMethod(Invoker.java:820)
org.testng.internal.Invoker.invokeTestMethods(Invoker.java:1128)
org.testng.internal.TestMethodWorker.invokeTestMethods(TestMethodWorker.java:129)
org.testng.internal.TestMethodWorker.run(TestMethodWorker.java:112)
org.testng.TestRunner.privateRun(TestRunner.java:782)
org.testng.TestRunner.run(TestRunner.java:632)
org.testng.SuiteRunner.runTest(SuiteRunner.java:366)
org.testng.SuiteRunner.access$000(SuiteRunner.java:39)
org.testng.SuiteRunner$SuiteWorker.run(SuiteRunner.java:400)
org.testng.internal.thread.ThreadUtil$2.call(ThreadUtil.java:64)
java.util.concurrent.FutureTask.run(FutureTask.java:266)
java.util.concurrent.ThreadPoolExecutor.runWorker(ThreadPoolExecutor.java:1149)
java.util.concurrent.ThreadPoolExecutor$Worker.run(ThreadPoolExecutor.java:624)
java.lang.Thread.run(Thread.java:748)
</stackTrace></methodInfo></itasClass></pageObjectMethod></pageObject></businessWorkFlow></exceptionLogs>